{"C:\\Users\\FAISAL\\Downloads\\Compressed\\limitless-infotech\\app\\layout.tsx": {"path":"C:\\Users\\FAISAL\\Downloads\\Compressed\\limitless-infotech\\app\\layout.tsx","statementMap":{"0":{"start":{"line":74,"column":24},"end":{"line":74,"column":35}},"1":{"start":{"line":18,"column":13},"end":{"line":18,"column":34}},"2":{"start":{"line":1,"column":7},"end":{"line":1,"column":null}},"3":{"start":{"line":3,"column":19},"end":{"line":3,"column":null}},"4":{"start":{"line":4,"column":24},"end":{"line":4,"column":null}},"5":{"start":{"line":5,"column":26},"end":{"line":5,"column":null}},"6":{"start":{"line":6,"column":22},"end":{"line":6,"column":null}},"7":{"start":{"line":7,"column":26},"end":{"line":7,"column":null}},"8":{"start":{"line":8,"column":24},"end":{"line":8,"column":null}},"9":{"start":{"line":9,"column":26},"end":{"line":9,"column":null}},"10":{"start":{"line":10,"column":31},"end":{"line":10,"column":null}},"11":{"start":{"line":11,"column":24},"end":{"line":11,"column":null}},"12":{"start":{"line":12,"column":29},"end":{"line":12,"column":null}},"13":{"start":{"line":13,"column":34},"end":{"line":13,"column":null}},"14":{"start":{"line":14,"column":33},"end":{"line":14,"column":null}},"15":{"start":{"line":15,"column":19},"end":{"line":15,"column":null}},"16":{"start":{"line":16,"column":18},"end":{"line":16,"column":null}},"17":{"start":{"line":18,"column":34},"end":{"line":72,"column":null}}},"fnMap":{"0":{"name":"RootLayout","decl":{"start":{"line":74,"column":24},"end":{"line":74,"column":35}},"loc":{"start":{"line":74,"column":78},"end":{"line":143,"column":null}}}},"branchMap":{"0":{"loc":{"start":{"line":93,"column":9},"end":{"line":93,"column":38}},"type":"binary-expr","locations":[{"start":{"line":93,"column":9},"end":{"line":93,"column":38}}]}},"s":{"0":0,"1":0,"2":0,"3":0,"4":0,"5":0,"6":0,"7":0,"8":0,"9":0,"10":0,"11":0,"12":0,"13":0,"14":0,"15":0,"16":0,"17":0},"f":{"0":0},"b":{"0":[0]}}
,"C:\\Users\\FAISAL\\Downloads\\Compressed\\limitless-infotech\\app\\loading.tsx": {"path":"C:\\Users\\FAISAL\\Downloads\\Compressed\\limitless-infotech\\app\\loading.tsx","statementMap":{"0":{"start":{"line":1,"column":24},"end":{"line":1,"column":null}}},"fnMap":{"0":{"name":"Loading","decl":{"start":{"line":1,"column":24},"end":{"line":1,"column":null}},"loc":{"start":{"line":1,"column":24},"end":{"line":32,"column":null}}}},"branchMap":{},"s":{"0":0},"f":{"0":0},"b":{}}
,"C:\\Users\\FAISAL\\Downloads\\Compressed\\limitless-infotech\\app\\not-found.tsx": {"path":"C:\\Users\\FAISAL\\Downloads\\Compressed\\limitless-infotech\\app\\not-found.tsx","statementMap":{"0":{"start":{"line":6,"column":24},"end":{"line":6,"column":null}},"1":{"start":{"line":2,"column":23},"end":{"line":2,"column":null}},"2":{"start":{"line":3,"column":17},"end":{"line":3,"column":null}},"3":{"start":{"line":4,"column":46},"end":{"line":4,"column":null}},"4":{"start":{"line":76,"column":14},"end":{"line":76,"column":30}}},"fnMap":{"0":{"name":"NotFound","decl":{"start":{"line":6,"column":24},"end":{"line":6,"column":null}},"loc":{"start":{"line":6,"column":24},"end":{"line":90,"column":null}}},"1":{"name":"(anonymous_3)","decl":{"start":{"line":75,"column":18},"end":{"line":75,"column":19}},"loc":{"start":{"line":76,"column":14},"end":{"line":76,"column":30}}}},"branchMap":{},"s":{"0":0,"1":0,"2":0,"3":0,"4":0},"f":{"0":0,"1":0},"b":{}}
,"C:\\Users\\FAISAL\\Downloads\\Compressed\\limitless-infotech\\app\\page.tsx": {"path":"C:\\Users\\FAISAL\\Downloads\\Compressed\\limitless-infotech\\app\\page.tsx","statementMap":{"0":{"start":{"line":42,"column":24},"end":{"line":42,"column":null}},"1":{"start":{"line":1,"column":20},"end":{"line":1,"column":null}},"2":{"start":{"line":2,"column":25},"end":{"line":2,"column":null}},"3":{"start":{"line":3,"column":29},"end":{"line":3,"column":null}},"4":{"start":{"line":6,"column":40},"end":{"line":6,"column":null}},"5":{"start":{"line":10,"column":35},"end":{"line":10,"column":null}},"6":{"start":{"line":14,"column":41},"end":{"line":14,"column":null}},"7":{"start":{"line":18,"column":32},"end":{"line":18,"column":null}},"8":{"start":{"line":22,"column":37},"end":{"line":22,"column":null}},"9":{"start":{"line":26,"column":34},"end":{"line":26,"column":null}},"10":{"start":{"line":30,"column":37},"end":{"line":30,"column":null}},"11":{"start":{"line":34,"column":33},"end":{"line":34,"column":null}},"12":{"start":{"line":38,"column":33},"end":{"line":38,"column":null}}},"fnMap":{"0":{"name":"(anonymous_5)","decl":{"start":{"line":6,"column":34},"end":{"line":6,"column":40}},"loc":{"start":{"line":6,"column":40},"end":{"line":6,"column":null}}},"1":{"name":"(anonymous_6)","decl":{"start":{"line":6,"column":40},"end":{"line":6,"column":47}},"loc":{"start":{"line":6,"column":40},"end":{"line":6,"column":null}}},"2":{"name":"(anonymous_9)","decl":{"start":{"line":10,"column":29},"end":{"line":10,"column":35}},"loc":{"start":{"line":10,"column":35},"end":{"line":10,"column":null}}},"3":{"name":"(anonymous_10)","decl":{"start":{"line":10,"column":35},"end":{"line":10,"column":42}},"loc":{"start":{"line":10,"column":35},"end":{"line":10,"column":null}}},"4":{"name":"(anonymous_13)","decl":{"start":{"line":14,"column":35},"end":{"line":14,"column":41}},"loc":{"start":{"line":14,"column":41},"end":{"line":14,"column":null}}},"5":{"name":"(anonymous_14)","decl":{"start":{"line":14,"column":41},"end":{"line":14,"column":48}},"loc":{"start":{"line":14,"column":41},"end":{"line":14,"column":null}}},"6":{"name":"(anonymous_17)","decl":{"start":{"line":18,"column":26},"end":{"line":18,"column":32}},"loc":{"start":{"line":18,"column":32},"end":{"line":18,"column":null}}},"7":{"name":"(anonymous_18)","decl":{"start":{"line":18,"column":32},"end":{"line":18,"column":39}},"loc":{"start":{"line":18,"column":32},"end":{"line":18,"column":null}}},"8":{"name":"(anonymous_21)","decl":{"start":{"line":22,"column":31},"end":{"line":22,"column":37}},"loc":{"start":{"line":22,"column":37},"end":{"line":22,"column":null}}},"9":{"name":"(anonymous_22)","decl":{"start":{"line":22,"column":37},"end":{"line":22,"column":44}},"loc":{"start":{"line":22,"column":37},"end":{"line":22,"column":null}}},"10":{"name":"(anonymous_25)","decl":{"start":{"line":26,"column":28},"end":{"line":26,"column":34}},"loc":{"start":{"line":26,"column":34},"end":{"line":26,"column":null}}},"11":{"name":"(anonymous_26)","decl":{"start":{"line":26,"column":34},"end":{"line":26,"column":41}},"loc":{"start":{"line":26,"column":34},"end":{"line":26,"column":null}}},"12":{"name":"(anonymous_29)","decl":{"start":{"line":30,"column":31},"end":{"line":30,"column":37}},"loc":{"start":{"line":30,"column":37},"end":{"line":30,"column":null}}},"13":{"name":"(anonymous_30)","decl":{"start":{"line":30,"column":37},"end":{"line":30,"column":44}},"loc":{"start":{"line":30,"column":37},"end":{"line":30,"column":null}}},"14":{"name":"(anonymous_33)","decl":{"start":{"line":34,"column":27},"end":{"line":34,"column":33}},"loc":{"start":{"line":34,"column":33},"end":{"line":34,"column":null}}},"15":{"name":"(anonymous_34)","decl":{"start":{"line":34,"column":33},"end":{"line":34,"column":40}},"loc":{"start":{"line":34,"column":33},"end":{"line":34,"column":null}}},"16":{"name":"(anonymous_37)","decl":{"start":{"line":38,"column":27},"end":{"line":38,"column":33}},"loc":{"start":{"line":38,"column":33},"end":{"line":38,"column":null}}},"17":{"name":"(anonymous_38)","decl":{"start":{"line":38,"column":33},"end":{"line":38,"column":40}},"loc":{"start":{"line":38,"column":33},"end":{"line":38,"column":null}}},"18":{"name":"Home","decl":{"start":{"line":42,"column":24},"end":{"line":42,"column":null}},"loc":{"start":{"line":42,"column":24},"end":{"line":61,"column":null}}}},"branchMap":{},"s":{"0":0,"1":0,"2":0,"3":0,"4":0,"5":0,"6":0,"7":0,"8":0,"9":0,"10":0,"11":0,"12":0},"f":{"0":0,"1":0,"2":0,"3":0,"4":0,"5":0,"6":0,"7":0,"8":0,"9":0,"10":0,"11":0,"12":0,"13":0,"14":0,"15":0,"16":0,"17":0,"18":0},"b":{}}
,"C:\\Users\\FAISAL\\Downloads\\Compressed\\limitless-infotech\\app\\robots.ts": {"path":"C:\\Users\\FAISAL\\Downloads\\Compressed\\limitless-infotech\\app\\robots.ts","statementMap":{"0":{"start":{"line":3,"column":24},"end":{"line":3,"column":null}},"1":{"start":{"line":4,"column":2},"end":{"line":11,"column":null}}},"fnMap":{"0":{"name":"robots","decl":{"start":{"line":3,"column":24},"end":{"line":3,"column":null}},"loc":{"start":{"line":3,"column":24},"end":{"line":12,"column":null}}}},"branchMap":{},"s":{"0":0,"1":0},"f":{"0":0},"b":{}}
,"C:\\Users\\FAISAL\\Downloads\\Compressed\\limitless-infotech\\app\\sitemap.ts": {"path":"C:\\Users\\FAISAL\\Downloads\\Compressed\\limitless-infotech\\app\\sitemap.ts","statementMap":{"0":{"start":{"line":3,"column":24},"end":{"line":3,"column":null}},"1":{"start":{"line":4,"column":18},"end":{"line":4,"column":null}},"2":{"start":{"line":6,"column":2},"end":{"line":61,"column":null}}},"fnMap":{"0":{"name":"sitemap","decl":{"start":{"line":3,"column":24},"end":{"line":3,"column":null}},"loc":{"start":{"line":3,"column":24},"end":{"line":62,"column":null}}}},"branchMap":{},"s":{"0":0,"1":0,"2":0},"f":{"0":0},"b":{}}
,"C:\\Users\\FAISAL\\Downloads\\Compressed\\limitless-infotech\\app\\template.tsx": {"path":"C:\\Users\\FAISAL\\Downloads\\Compressed\\limitless-infotech\\app\\template.tsx","statementMap":{"0":{"start":{"line":5,"column":24},"end":{"line":5,"column":33}},"1":{"start":{"line":2,"column":23},"end":{"line":2,"column":null}}},"fnMap":{"0":{"name":"Template","decl":{"start":{"line":5,"column":24},"end":{"line":5,"column":33}},"loc":{"start":{"line":5,"column":70},"end":{"line":15,"column":null}}}},"branchMap":{},"s":{"0":0,"1":0},"f":{"0":0},"b":{}}
,"C:\\Users\\FAISAL\\Downloads\\Compressed\\limitless-infotech\\app\\about\\page.tsx": {"path":"C:\\Users\\FAISAL\\Downloads\\Compressed\\limitless-infotech\\app\\about\\page.tsx","statementMap":{"0":{"start":{"line":9,"column":24},"end":{"line":9,"column":null}},"1":{"start":{"line":4,"column":13},"end":{"line":4,"column":34}},"2":{"start":{"line":2,"column":82},"end":{"line":2,"column":null}},"3":{"start":{"line":4,"column":34},"end":{"line":7,"column":null}},"4":{"start":{"line":10,"column":16},"end":{"line":15,"column":null}},"5":{"start":{"line":17,"column":17},"end":{"line":38,"column":null}},"6":{"start":{"line":40,"column":21},"end":{"line":46,"column":null}},"7":{"start":{"line":66,"column":14},"end":{"line":67,"column":null}},"8":{"start":{"line":173,"column":14},"end":{"line":174,"column":null}},"9":{"start":{"line":206,"column":14},"end":{"line":207,"column":null}}},"fnMap":{"0":{"name":"AboutPage","decl":{"start":{"line":9,"column":24},"end":{"line":9,"column":null}},"loc":{"start":{"line":9,"column":24},"end":{"line":260,"column":null}}},"1":{"name":"(anonymous_4)","decl":{"start":{"line":65,"column":23},"end":{"line":65,"column":24}},"loc":{"start":{"line":66,"column":14},"end":{"line":67,"column":null}}},"2":{"name":"(anonymous_5)","decl":{"start":{"line":172,"column":24},"end":{"line":172,"column":25}},"loc":{"start":{"line":173,"column":14},"end":{"line":174,"column":null}}},"3":{"name":"(anonymous_6)","decl":{"start":{"line":205,"column":28},"end":{"line":205,"column":29}},"loc":{"start":{"line":206,"column":14},"end":{"line":207,"column":null}}}},"branchMap":{},"s":{"0":0,"1":0,"2":0,"3":0,"4":0,"5":0,"6":0,"7":0,"8":0,"9":0},"f":{"0":0,"1":0,"2":0,"3":0},"b":{}}
,"C:\\Users\\FAISAL\\Downloads\\Compressed\\limitless-infotech\\app\\admin\\layout.tsx": {"path":"C:\\Users\\FAISAL\\Downloads\\Compressed\\limitless-infotech\\app\\admin\\layout.tsx","statementMap":{"0":{"start":{"line":12,"column":24},"end":{"line":12,"column":36}},"1":{"start":{"line":3,"column":36},"end":{"line":3,"column":null}},"2":{"start":{"line":4,"column":39},"end":{"line":4,"column":null}},"3":{"start":{"line":5,"column":17},"end":{"line":5,"column":null}},"4":{"start":{"line":6,"column":40},"end":{"line":6,"column":null}},"5":{"start":{"line":10,"column":7},"end":{"line":10,"column":null}},"6":{"start":{"line":17,"column":17},"end":{"line":17,"column":null}},"7":{"start":{"line":18,"column":19},"end":{"line":18,"column":null}},"8":{"start":{"line":19,"column":40},"end":{"line":19,"column":null}},"9":{"start":{"line":20,"column":28},"end":{"line":22,"column":null}},"10":{"start":{"line":24,"column":2},"end":{"line":36,"column":null}},"11":{"start":{"line":26,"column":4},"end":{"line":35,"column":null}},"12":{"start":{"line":27,"column":20},"end":{"line":27,"column":null}},"13":{"start":{"line":28,"column":6},"end":{"line":31,"column":null}},"14":{"start":{"line":29,"column":8},"end":{"line":29,"column":null}},"15":{"start":{"line":30,"column":8},"end":{"line":30,"column":null}},"16":{"start":{"line":34,"column":6},"end":{"line":34,"column":null}},"17":{"start":{"line":38,"column":21},"end":{"line":50,"column":null}},"18":{"start":{"line":39,"column":4},"end":{"line":49,"column":null}},"19":{"start":{"line":40,"column":23},"end":{"line":44,"column":null}},"20":{"start":{"line":45,"column":19},"end":{"line":45,"column":null}},"21":{"start":{"line":46,"column":6},"end":{"line":46,"column":null}},"22":{"start":{"line":48,"column":6},"end":{"line":48,"column":null}},"23":{"start":{"line":52,"column":23},"end":{"line":55,"column":null}},"24":{"start":{"line":53,"column":4},"end":{"line":53,"column":null}},"25":{"start":{"line":54,"column":4},"end":{"line":54,"column":null}},"26":{"start":{"line":57,"column":23},"end":{"line":86,"column":null}},"27":{"start":{"line":89,"column":2},"end":{"line":91,"column":null}},"28":{"start":{"line":93,"column":23},"end":{"line":93,"column":null}},"29":{"start":{"line":94,"column":21},"end":{"line":94,"column":null}},"30":{"start":{"line":142,"column":27},"end":{"line":142,"column":null}},"31":{"start":{"line":152,"column":12},"end":{"line":152,"column":null}},"32":{"start":{"line":164,"column":35},"end":{"line":164,"column":null}},"33":{"start":{"line":166,"column":18},"end":{"line":167,"column":40}}},"fnMap":{"0":{"name":"AdminLayout","decl":{"start":{"line":12,"column":24},"end":{"line":12,"column":36}},"loc":{"start":{"line":16,"column":1},"end":{"line":255,"column":null}}},"1":{"name":"(anonymous_3)","decl":{"start":{"line":24,"column":12},"end":{"line":24,"column":null}},"loc":{"start":{"line":24,"column":12},"end":{"line":36,"column":5}}},"2":{"name":"(anonymous_4)","decl":{"start":{"line":38,"column":21},"end":{"line":38,"column":null}},"loc":{"start":{"line":38,"column":21},"end":{"line":50,"column":null}}},"3":{"name":"(anonymous_5)","decl":{"start":{"line":52,"column":23},"end":{"line":52,"column":null}},"loc":{"start":{"line":52,"column":23},"end":{"line":55,"column":null}}},"4":{"name":"(anonymous_6)","decl":{"start":{"line":142,"column":21},"end":{"line":142,"column":27}},"loc":{"start":{"line":142,"column":27},"end":{"line":142,"column":null}}},"5":{"name":"(anonymous_7)","decl":{"start":{"line":151,"column":28},"end":{"line":151,"column":29}},"loc":{"start":{"line":152,"column":12},"end":{"line":152,"column":null}}},"6":{"name":"(anonymous_8)","decl":{"start":{"line":163,"column":35},"end":{"line":163,"column":36}},"loc":{"start":{"line":163,"column":36},"end":{"line":214,"column":null}}}},"branchMap":{"0":{"loc":{"start":{"line":26,"column":4},"end":{"line":35,"column":null}},"type":"if","locations":[{"start":{"line":26,"column":4},"end":{"line":35,"column":null}}]},"1":{"loc":{"start":{"line":28,"column":6},"end":{"line":31,"column":null}},"type":"if","locations":[{"start":{"line":28,"column":6},"end":{"line":31,"column":null}}]},"2":{"loc":{"start":{"line":46,"column":35},"end":{"line":46,"column":62}},"type":"binary-expr","locations":[{"start":{"line":46,"column":35},"end":{"line":46,"column":56}},{"start":{"line":46,"column":60},"end":{"line":46,"column":62}}]},"3":{"loc":{"start":{"line":89,"column":2},"end":{"line":91,"column":null}},"type":"if","locations":[{"start":{"line":89,"column":2},"end":{"line":91,"column":null}}]},"4":{"loc":{"start":{"line":93,"column":23},"end":{"line":93,"column":null}},"type":"cond-expr","locations":[{"start":{"line":93,"column":37},"end":{"line":93,"column":46}},{"start":{"line":93,"column":46},"end":{"line":93,"column":null}}]},"5":{"loc":{"start":{"line":94,"column":21},"end":{"line":94,"column":null}},"type":"cond-expr","locations":[{"start":{"line":94,"column":35},"end":{"line":94,"column":45}},{"start":{"line":94,"column":45},"end":{"line":94,"column":null}}]},"6":{"loc":{"start":{"line":101,"column":26},"end":{"line":101,"column":49}},"type":"cond-expr","locations":[{"start":{"line":101,"column":40},"end":{"line":101,"column":45}},{"start":{"line":101,"column":45},"end":{"line":101,"column":49}}]},"7":{"loc":{"start":{"line":107,"column":13},"end":{"line":125,"column":null}},"type":"cond-expr","locations":[{"start":{"line":108,"column":14},"end":{"line":109,"column":null}},{"start":{"line":124,"column":14},"end":{"line":125,"column":null}}]},"8":{"loc":{"start":{"line":145,"column":27},"end":{"line":145,"column":69}},"type":"cond-expr","locations":[{"start":{"line":145,"column":27},"end":{"line":145,"column":69}}]},"9":{"loc":{"start":{"line":153,"column":15},"end":{"line":153,"column":null}},"type":"binary-expr","locations":[{"start":{"line":153,"column":15},"end":{"line":153,"column":null}}]},"10":{"loc":{"start":{"line":164,"column":35},"end":{"line":164,"column":null}},"type":"binary-expr","locations":[{"start":{"line":164,"column":35},"end":{"line":164,"column":57}},{"start":{"line":164,"column":61},"end":{"line":164,"column":null}}]},"11":{"loc":{"start":{"line":169,"column":41},"end":{"line":169,"column":62}},"type":"cond-expr","locations":[{"start":{"line":169,"column":55},"end":{"line":169,"column":59}},{"start":{"line":169,"column":59},"end":{"line":169,"column":62}}]},"12":{"loc":{"start":{"line":169,"column":69},"end":{"line":169,"column":92}},"type":"cond-expr","locations":[{"start":{"line":169,"column":83},"end":{"line":169,"column":90}},{"start":{"line":169,"column":90},"end":{"line":169,"column":92}}]},"13":{"loc":{"start":{"line":171,"column":65},"end":{"line":171,"column":116}},"type":"cond-expr","locations":[{"start":{"line":171,"column":79},"end":{"line":171,"column":98}},{"start":{"line":171,"column":98},"end":{"line":171,"column":116}}]},"14":{"loc":{"start":{"line":172,"column":26},"end":{"line":174,"column":null}},"type":"cond-expr","locations":[{"start":{"line":173,"column":30},"end":{"line":173,"column":null}},{"start":{"line":174,"column":30},"end":{"line":174,"column":null}}]},"15":{"loc":{"start":{"line":177,"column":61},"end":{"line":177,"column":89}},"type":"cond-expr","locations":[{"start":{"line":177,"column":75},"end":{"line":177,"column":80}},{"start":{"line":177,"column":80},"end":{"line":177,"column":89}}]},"16":{"loc":{"start":{"line":178,"column":45},"end":{"line":178,"column":95}},"type":"cond-expr","locations":[{"start":{"line":178,"column":56},"end":{"line":178,"column":71}},{"start":{"line":178,"column":71},"end":{"line":178,"column":95}}]},"17":{"loc":{"start":{"line":182,"column":29},"end":{"line":182,"column":null}},"type":"binary-expr","locations":[{"start":{"line":182,"column":29},"end":{"line":182,"column":null}}]},"18":{"loc":{"start":{"line":194,"column":25},"end":{"line":194,"column":35}},"type":"binary-expr","locations":[{"start":{"line":194,"column":25},"end":{"line":194,"column":35}},{"start":{"line":194,"column":39},"end":{"line":194,"column":null}}]},"19":{"loc":{"start":{"line":198,"column":42},"end":{"line":198,"column":88}},"type":"cond-expr","locations":[{"start":{"line":198,"column":56},"end":{"line":198,"column":85}},{"start":{"line":198,"column":85},"end":{"line":198,"column":88}}]},"20":{"loc":{"start":{"line":205,"column":25},"end":{"line":205,"column":null}},"type":"binary-expr","locations":[{"start":{"line":205,"column":25},"end":{"line":205,"column":null}}]},"21":{"loc":{"start":{"line":226,"column":51},"end":{"line":226,"column":92}},"type":"cond-expr","locations":[{"start":{"line":226,"column":65},"end":{"line":226,"column":84}},{"start":{"line":226,"column":84},"end":{"line":226,"column":92}}]},"22":{"loc":{"start":{"line":230,"column":15},"end":{"line":230,"column":null}},"type":"binary-expr","locations":[{"start":{"line":230,"column":15},"end":{"line":230,"column":null}}]},"23":{"loc":{"start":{"line":248,"column":31},"end":{"line":248,"column":54}},"type":"cond-expr","locations":[{"start":{"line":248,"column":45},"end":{"line":248,"column":50}},{"start":{"line":248,"column":50},"end":{"line":248,"column":54}}]}},"s":{"0":0,"1":0,"2":0,"3":0,"4":0,"5":0,"6":0,"7":0,"8":0,"9":0,"10":0,"11":0,"12":0,"13":0,"14":0,"15":0,"16":0,"17":0,"18":0,"19":0,"20":0,"21":0,"22":0,"23":0,"24":0,"25":0,"26":0,"27":0,"28":0,"29":0,"30":0,"31":0,"32":0,"33":0},"f":{"0":0,"1":0,"2":0,"3":0,"4":0,"5":0,"6":0},"b":{"0":[0],"1":[0],"2":[0,0],"3":[0],"4":[0,0],"5":[0,0],"6":[0,0],"7":[0,0],"8":[0],"9":[0],"10":[0,0],"11":[0,0],"12":[0,0],"13":[0,0],"14":[0,0],"15":[0,0],"16":[0,0],"17":[0],"18":[0,0],"19":[0,0],"20":[0],"21":[0,0],"22":[0],"23":[0,0]}}
,"C:\\Users\\FAISAL\\Downloads\\Compressed\\limitless-infotech\\app\\admin\\page.tsx": {"path":"C:\\Users\\FAISAL\\Downloads\\Compressed\\limitless-infotech\\app\\admin\\page.tsx","statementMap":{"0":{"start":{"line":9,"column":24},"end":{"line":9,"column":null}},"1":{"start":{"line":2,"column":25},"end":{"line":2,"column":null}},"2":{"start":{"line":3,"column":23},"end":{"line":3,"column":null}},"3":{"start":{"line":6,"column":7},"end":{"line":6,"column":null}},"4":{"start":{"line":7,"column":26},"end":{"line":7,"column":null}},"5":{"start":{"line":10,"column":17},"end":{"line":10,"column":null}},"6":{"start":{"line":11,"column":34},"end":{"line":14,"column":null}},"7":{"start":{"line":15,"column":42},"end":{"line":15,"column":null}},"8":{"start":{"line":16,"column":32},"end":{"line":16,"column":null}},"9":{"start":{"line":17,"column":28},"end":{"line":17,"column":null}},"10":{"start":{"line":19,"column":23},"end":{"line":44,"column":null}},"11":{"start":{"line":20,"column":4},"end":{"line":20,"column":null}},"12":{"start":{"line":21,"column":4},"end":{"line":21,"column":null}},"13":{"start":{"line":22,"column":4},"end":{"line":22,"column":null}},"14":{"start":{"line":24,"column":4},"end":{"line":43,"column":null}},"15":{"start":{"line":25,"column":23},"end":{"line":29,"column":null}},"16":{"start":{"line":31,"column":19},"end":{"line":31,"column":null}},"17":{"start":{"line":33,"column":6},"end":{"line":38,"column":null}},"18":{"start":{"line":34,"column":8},"end":{"line":34,"column":null}},"19":{"start":{"line":35,"column":8},"end":{"line":35,"column":null}},"20":{"start":{"line":37,"column":8},"end":{"line":37,"column":null}},"21":{"start":{"line":40,"column":6},"end":{"line":40,"column":null}},"22":{"start":{"line":42,"column":6},"end":{"line":42,"column":null}},"23":{"start":{"line":89,"column":35},"end":{"line":89,"column":null}},"24":{"start":{"line":107,"column":35},"end":{"line":107,"column":null}},"25":{"start":{"line":114,"column":33},"end":{"line":114,"column":null}}},"fnMap":{"0":{"name":"AdminLogin","decl":{"start":{"line":9,"column":24},"end":{"line":9,"column":null}},"loc":{"start":{"line":9,"column":24},"end":{"line":164,"column":null}}},"1":{"name":"(anonymous_2)","decl":{"start":{"line":19,"column":23},"end":{"line":19,"column":30}},"loc":{"start":{"line":19,"column":30},"end":{"line":44,"column":null}}},"2":{"name":"(anonymous_3)","decl":{"start":{"line":89,"column":28},"end":{"line":89,"column":29}},"loc":{"start":{"line":89,"column":35},"end":{"line":89,"column":null}}},"3":{"name":"(anonymous_4)","decl":{"start":{"line":107,"column":28},"end":{"line":107,"column":29}},"loc":{"start":{"line":107,"column":35},"end":{"line":107,"column":null}}},"4":{"name":"(anonymous_5)","decl":{"start":{"line":114,"column":27},"end":{"line":114,"column":33}},"loc":{"start":{"line":114,"column":33},"end":{"line":114,"column":null}}}},"branchMap":{"0":{"loc":{"start":{"line":33,"column":6},"end":{"line":38,"column":null}},"type":"if","locations":[{"start":{"line":33,"column":6},"end":{"line":38,"column":null}},{"start":{"line":36,"column":13},"end":{"line":38,"column":null}}]},"1":{"loc":{"start":{"line":37,"column":17},"end":{"line":37,"column":null}},"type":"binary-expr","locations":[{"start":{"line":37,"column":17},"end":{"line":37,"column":29}},{"start":{"line":37,"column":33},"end":{"line":37,"column":null}}]},"2":{"loc":{"start":{"line":105,"column":24},"end":{"line":105,"column":null}},"type":"cond-expr","locations":[{"start":{"line":105,"column":39},"end":{"line":105,"column":48}},{"start":{"line":105,"column":48},"end":{"line":105,"column":null}}]},"3":{"loc":{"start":{"line":117,"column":19},"end":{"line":117,"column":null}},"type":"cond-expr","locations":[{"start":{"line":117,"column":34},"end":{"line":117,"column":51}},{"start":{"line":117,"column":51},"end":{"line":117,"column":null}}]},"4":{"loc":{"start":{"line":123,"column":13},"end":{"line":123,"column":null}},"type":"binary-expr","locations":[{"start":{"line":123,"column":13},"end":{"line":123,"column":null}}]},"5":{"loc":{"start":{"line":141,"column":15},"end":{"line":141,"column":null}},"type":"cond-expr","locations":[{"start":{"line":141,"column":25},"end":{"line":141,"column":43}},{"start":{"line":141,"column":43},"end":{"line":141,"column":null}}]}},"s":{"0":0,"1":0,"2":0,"3":0,"4":0,"5":0,"6":0,"7":0,"8":0,"9":0,"10":0,"11":0,"12":0,"13":0,"14":0,"15":0,"16":0,"17":0,"18":0,"19":0,"20":0,"21":0,"22":0,"23":0,"24":0,"25":0},"f":{"0":0,"1":0,"2":0,"3":0,"4":0},"b":{"0":[0,0],"1":[0,0],"2":[0,0],"3":[0,0],"4":[0],"5":[0,0]}}
,"C:\\Users\\FAISAL\\Downloads\\Compressed\\limitless-infotech\\app\\admin\\activity\\page.tsx": {"path":"C:\\Users\\FAISAL\\Downloads\\Compressed\\limitless-infotech\\app\\admin\\activity\\page.tsx","statementMap":{"0":{"start":{"line":17,"column":24},"end":{"line":17,"column":null}},"1":{"start":{"line":3,"column":36},"end":{"line":3,"column":null}},"2":{"start":{"line":4,"column":26},"end":{"line":4,"column":null}},"3":{"start":{"line":5,"column":17},"end":{"line":5,"column":null}},"4":{"start":{"line":18,"column":17},"end":{"line":18,"column":null}},"5":{"start":{"line":19,"column":26},"end":{"line":19,"column":null}},"6":{"start":{"line":20,"column":32},"end":{"line":20,"column":null}},"7":{"start":{"line":21,"column":30},"end":{"line":21,"column":null}},"8":{"start":{"line":22,"column":38},"end":{"line":22,"column":null}},"9":{"start":{"line":24,"column":2},"end":{"line":32,"column":null}},"10":{"start":{"line":25,"column":18},"end":{"line":25,"column":null}},"11":{"start":{"line":26,"column":4},"end":{"line":29,"column":null}},"12":{"start":{"line":27,"column":6},"end":{"line":27,"column":null}},"13":{"start":{"line":28,"column":6},"end":{"line":28,"column":null}},"14":{"start":{"line":31,"column":4},"end":{"line":31,"column":null}},"15":{"start":{"line":34,"column":20},"end":{"line":52,"column":null}},"16":{"start":{"line":35,"column":4},"end":{"line":51,"column":null}},"17":{"start":{"line":36,"column":20},"end":{"line":36,"column":null}},"18":{"start":{"line":37,"column":23},"end":{"line":41,"column":null}},"19":{"start":{"line":43,"column":6},"end":{"line":46,"column":null}},"20":{"start":{"line":44,"column":21},"end":{"line":44,"column":null}},"21":{"start":{"line":45,"column":8},"end":{"line":45,"column":null}},"22":{"start":{"line":48,"column":6},"end":{"line":48,"column":null}},"23":{"start":{"line":50,"column":6},"end":{"line":50,"column":null}},"24":{"start":{"line":54,"column":23},"end":{"line":58,"column":null}},"25":{"start":{"line":55,"column":26},"end":{"line":55,"column":null}},"26":{"start":{"line":56,"column":26},"end":{"line":56,"column":null}},"27":{"start":{"line":57,"column":4},"end":{"line":57,"column":null}},"28":{"start":{"line":60,"column":24},"end":{"line":71,"column":null}},"29":{"start":{"line":61,"column":4},"end":{"line":70,"column":null}},"30":{"start":{"line":63,"column":8},"end":{"line":63,"column":null}},"31":{"start":{"line":65,"column":8},"end":{"line":65,"column":null}},"32":{"start":{"line":67,"column":8},"end":{"line":67,"column":null}},"33":{"start":{"line":69,"column":8},"end":{"line":69,"column":null}},"34":{"start":{"line":73,"column":23},"end":{"line":84,"column":null}},"35":{"start":{"line":74,"column":4},"end":{"line":83,"column":null}},"36":{"start":{"line":76,"column":8},"end":{"line":76,"column":null}},"37":{"start":{"line":78,"column":8},"end":{"line":78,"column":null}},"38":{"start":{"line":80,"column":8},"end":{"line":80,"column":null}},"39":{"start":{"line":82,"column":8},"end":{"line":82,"column":null}},"40":{"start":{"line":86,"column":2},"end":{"line":95,"column":null}},"41":{"start":{"line":143,"column":36},"end":{"line":143,"column":56}},"42":{"start":{"line":157,"column":36},"end":{"line":157,"column":59}},"43":{"start":{"line":171,"column":36},"end":{"line":171,"column":57}},"44":{"start":{"line":189,"column":33},"end":{"line":189,"column":null}},"45":{"start":{"line":196,"column":31},"end":{"line":196,"column":null}},"46":{"start":{"line":206,"column":31},"end":{"line":206,"column":null}},"47":{"start":{"line":216,"column":31},"end":{"line":216,"column":null}},"48":{"start":{"line":226,"column":31},"end":{"line":226,"column":null}},"49":{"start":{"line":255,"column":14},"end":{"line":256,"column":null}}},"fnMap":{"0":{"name":"ActivityLogPage","decl":{"start":{"line":17,"column":24},"end":{"line":17,"column":null}},"loc":{"start":{"line":17,"column":24},"end":{"line":306,"column":null}}},"1":{"name":"(anonymous_3)","decl":{"start":{"line":24,"column":12},"end":{"line":24,"column":null}},"loc":{"start":{"line":24,"column":12},"end":{"line":32,"column":5}}},"2":{"name":"(anonymous_4)","decl":{"start":{"line":34,"column":20},"end":{"line":34,"column":null}},"loc":{"start":{"line":34,"column":20},"end":{"line":52,"column":null}}},"3":{"name":"(anonymous_5)","decl":{"start":{"line":54,"column":35},"end":{"line":54,"column":null}},"loc":{"start":{"line":54,"column":35},"end":{"line":58,"column":null}}},"4":{"name":"(anonymous_6)","decl":{"start":{"line":60,"column":24},"end":{"line":60,"column":25}},"loc":{"start":{"line":60,"column":25},"end":{"line":71,"column":null}}},"5":{"name":"(anonymous_7)","decl":{"start":{"line":73,"column":23},"end":{"line":73,"column":24}},"loc":{"start":{"line":73,"column":24},"end":{"line":84,"column":null}}},"6":{"name":"(anonymous_8)","decl":{"start":{"line":143,"column":31},"end":{"line":143,"column":36}},"loc":{"start":{"line":143,"column":36},"end":{"line":143,"column":56}}},"7":{"name":"(anonymous_9)","decl":{"start":{"line":157,"column":31},"end":{"line":157,"column":36}},"loc":{"start":{"line":157,"column":36},"end":{"line":157,"column":59}}},"8":{"name":"(anonymous_10)","decl":{"start":{"line":171,"column":31},"end":{"line":171,"column":36}},"loc":{"start":{"line":171,"column":36},"end":{"line":171,"column":57}}},"9":{"name":"(anonymous_11)","decl":{"start":{"line":189,"column":26},"end":{"line":189,"column":27}},"loc":{"start":{"line":189,"column":33},"end":{"line":189,"column":null}}},"10":{"name":"(anonymous_12)","decl":{"start":{"line":196,"column":25},"end":{"line":196,"column":31}},"loc":{"start":{"line":196,"column":31},"end":{"line":196,"column":null}}},"11":{"name":"(anonymous_13)","decl":{"start":{"line":206,"column":25},"end":{"line":206,"column":31}},"loc":{"start":{"line":206,"column":31},"end":{"line":206,"column":null}}},"12":{"name":"(anonymous_14)","decl":{"start":{"line":216,"column":25},"end":{"line":216,"column":31}},"loc":{"start":{"line":216,"column":31},"end":{"line":216,"column":null}}},"13":{"name":"(anonymous_15)","decl":{"start":{"line":226,"column":25},"end":{"line":226,"column":31}},"loc":{"start":{"line":226,"column":31},"end":{"line":226,"column":null}}},"14":{"name":"(anonymous_16)","decl":{"start":{"line":254,"column":30},"end":{"line":254,"column":31}},"loc":{"start":{"line":255,"column":14},"end":{"line":256,"column":null}}}},"branchMap":{"0":{"loc":{"start":{"line":26,"column":4},"end":{"line":29,"column":null}},"type":"if","locations":[{"start":{"line":26,"column":4},"end":{"line":29,"column":null}}]},"1":{"loc":{"start":{"line":43,"column":6},"end":{"line":46,"column":null}},"type":"if","locations":[{"start":{"line":43,"column":6},"end":{"line":46,"column":null}}]},"2":{"loc":{"start":{"line":45,"column":16},"end":{"line":45,"column":31}},"type":"binary-expr","locations":[{"start":{"line":45,"column":16},"end":{"line":45,"column":25}},{"start":{"line":45,"column":29},"end":{"line":45,"column":31}}]},"3":{"loc":{"start":{"line":55,"column":26},"end":{"line":55,"column":null}},"type":"binary-expr","locations":[{"start":{"line":55,"column":26},"end":{"line":55,"column":46}},{"start":{"line":55,"column":46},"end":{"line":55,"column":null}}]},"4":{"loc":{"start":{"line":57,"column":11},"end":{"line":57,"column":null}},"type":"binary-expr","locations":[{"start":{"line":57,"column":11},"end":{"line":57,"column":28}},{"start":{"line":57,"column":28},"end":{"line":57,"column":null}}]},"5":{"loc":{"start":{"line":61,"column":4},"end":{"line":70,"column":null}},"type":"switch","locations":[{"start":{"line":62,"column":6},"end":{"line":63,"column":null}},{"start":{"line":64,"column":6},"end":{"line":65,"column":null}},{"start":{"line":66,"column":6},"end":{"line":67,"column":null}},{"start":{"line":68,"column":6},"end":{"line":69,"column":null}}]},"6":{"loc":{"start":{"line":74,"column":4},"end":{"line":83,"column":null}},"type":"switch","locations":[{"start":{"line":75,"column":6},"end":{"line":76,"column":null}},{"start":{"line":77,"column":6},"end":{"line":78,"column":null}},{"start":{"line":79,"column":6},"end":{"line":80,"column":null}},{"start":{"line":81,"column":6},"end":{"line":82,"column":null}}]},"7":{"loc":{"start":{"line":86,"column":2},"end":{"line":95,"column":null}},"type":"if","locations":[{"start":{"line":86,"column":2},"end":{"line":95,"column":null}}]},"8":{"loc":{"start":{"line":198,"column":18},"end":{"line":200,"column":null}},"type":"cond-expr","locations":[{"start":{"line":199,"column":22},"end":{"line":199,"column":null}},{"start":{"line":200,"column":22},"end":{"line":200,"column":null}}]},"9":{"loc":{"start":{"line":208,"column":18},"end":{"line":210,"column":null}},"type":"cond-expr","locations":[{"start":{"line":209,"column":22},"end":{"line":209,"column":null}},{"start":{"line":210,"column":22},"end":{"line":210,"column":null}}]},"10":{"loc":{"start":{"line":218,"column":18},"end":{"line":220,"column":null}},"type":"cond-expr","locations":[{"start":{"line":219,"column":22},"end":{"line":219,"column":null}},{"start":{"line":220,"column":22},"end":{"line":220,"column":null}}]},"11":{"loc":{"start":{"line":228,"column":18},"end":{"line":230,"column":null}},"type":"cond-expr","locations":[{"start":{"line":229,"column":22},"end":{"line":229,"column":null}},{"start":{"line":230,"column":22},"end":{"line":230,"column":null}}]},"12":{"loc":{"start":{"line":241,"column":10},"end":{"line":253,"column":11}},"type":"cond-expr","locations":[{"start":{"line":241,"column":10},"end":{"line":253,"column":11}}]},"13":{"loc":{"start":{"line":249,"column":15},"end":{"line":249,"column":null}},"type":"cond-expr","locations":[{"start":{"line":249,"column":28},"end":{"line":249,"column":58}},{"start":{"line":249,"column":58},"end":{"line":249,"column":null}}]},"14":{"loc":{"start":{"line":261,"column":20},"end":{"line":263,"column":null}},"type":"cond-expr","locations":[{"start":{"line":261,"column":44},"end":{"line":261,"column":null}},{"start":{"line":262,"column":20},"end":{"line":263,"column":null}}]},"15":{"loc":{"start":{"line":262,"column":20},"end":{"line":263,"column":null}},"type":"cond-expr","locations":[{"start":{"line":262,"column":46},"end":{"line":262,"column":null}},{"start":{"line":263,"column":20},"end":{"line":263,"column":null}}]},"16":{"loc":{"start":{"line":276,"column":23},"end":{"line":276,"column":37}},"type":"binary-expr","locations":[{"start":{"line":276,"column":23},"end":{"line":276,"column":37}}]},"17":{"loc":{"start":{"line":287,"column":21},"end":{"line":287,"column":32}},"type":"binary-expr","locations":[{"start":{"line":287,"column":21},"end":{"line":287,"column":32}},{"start":{"line":287,"column":36},"end":{"line":287,"column":null}}]}},"s":{"0":0,"1":0,"2":0,"3":0,"4":0,"5":0,"6":0,"7":0,"8":0,"9":0,"10":0,"11":0,"12":0,"13":0,"14":0,"15":0,"16":0,"17":0,"18":0,"19":0,"20":0,"21":0,"22":0,"23":0,"24":0,"25":0,"26":0,"27":0,"28":0,"29":0,"30":0,"31":0,"32":0,"33":0,"34":0,"35":0,"36":0,"37":0,"38":0,"39":0,"40":0,"41":0,"42":0,"43":0,"44":0,"45":0,"46":0,"47":0,"48":0,"49":0},"f":{"0":0,"1":0,"2":0,"3":0,"4":0,"5":0,"6":0,"7":0,"8":0,"9":0,"10":0,"11":0,"12":0,"13":0,"14":0},"b":{"0":[0],"1":[0],"2":[0,0],"3":[0,0],"4":[0,0],"5":[0,0,0,0],"6":[0,0,0,0],"7":[0],"8":[0,0],"9":[0,0],"10":[0,0],"11":[0,0],"12":[0],"13":[0,0],"14":[0,0],"15":[0,0],"16":[0],"17":[0,0]}}
,"C:\\Users\\FAISAL\\Downloads\\Compressed\\limitless-infotech\\app\\admin\\analytics\\page.tsx": {"path":"C:\\Users\\FAISAL\\Downloads\\Compressed\\limitless-infotech\\app\\admin\\analytics\\page.tsx","statementMap":{"0":{"start":{"line":60,"column":24},"end":{"line":60,"column":null}},"1":{"start":{"line":3,"column":36},"end":{"line":3,"column":null}},"2":{"start":{"line":4,"column":26},"end":{"line":4,"column":null}},"3":{"start":{"line":5,"column":17},"end":{"line":5,"column":null}},"4":{"start":{"line":6,"column":36},"end":{"line":6,"column":null}},"5":{"start":{"line":19,"column":7},"end":{"line":19,"column":null}},"6":{"start":{"line":22,"column":0},"end":{"line":32,"column":null}},"7":{"start":{"line":61,"column":17},"end":{"line":61,"column":null}},"8":{"start":{"line":62,"column":32},"end":{"line":62,"column":null}},"9":{"start":{"line":63,"column":36},"end":{"line":63,"column":null}},"10":{"start":{"line":64,"column":36},"end":{"line":64,"column":null}},"11":{"start":{"line":66,"column":2},"end":{"line":74,"column":null}},"12":{"start":{"line":67,"column":18},"end":{"line":67,"column":null}},"13":{"start":{"line":68,"column":4},"end":{"line":71,"column":null}},"14":{"start":{"line":69,"column":6},"end":{"line":69,"column":null}},"15":{"start":{"line":70,"column":6},"end":{"line":70,"column":null}},"16":{"start":{"line":73,"column":4},"end":{"line":73,"column":null}},"17":{"start":{"line":76,"column":25},"end":{"line":94,"column":null}},"18":{"start":{"line":77,"column":4},"end":{"line":93,"column":null}},"19":{"start":{"line":78,"column":20},"end":{"line":78,"column":null}},"20":{"start":{"line":79,"column":23},"end":{"line":83,"column":null}},"21":{"start":{"line":85,"column":6},"end":{"line":88,"column":null}},"22":{"start":{"line":86,"column":21},"end":{"line":86,"column":null}},"23":{"start":{"line":87,"column":8},"end":{"line":87,"column":null}},"24":{"start":{"line":90,"column":6},"end":{"line":90,"column":null}},"25":{"start":{"line":92,"column":6},"end":{"line":92,"column":null}},"26":{"start":{"line":96,"column":2},"end":{"line":105,"column":null}},"27":{"start":{"line":108,"column":27},"end":{"line":120,"column":null}},"28":{"start":{"line":109,"column":47},"end":{"line":109,"column":53}},"29":{"start":{"line":113,"column":49},"end":{"line":113,"column":56}},"30":{"start":{"line":122,"column":28},"end":{"line":136,"column":null}},"31":{"start":{"line":138,"column":22},"end":{"line":149,"column":null}},"32":{"start":{"line":151,"column":23},"end":{"line":160,"column":null}},"33":{"start":{"line":179,"column":33},"end":{"line":179,"column":null}},"34":{"start":{"line":305,"column":16},"end":{"line":306,"column":null}}},"fnMap":{"0":{"name":"AnalyticsPage","decl":{"start":{"line":60,"column":24},"end":{"line":60,"column":null}},"loc":{"start":{"line":60,"column":24},"end":{"line":368,"column":null}}},"1":{"name":"(anonymous_3)","decl":{"start":{"line":66,"column":12},"end":{"line":66,"column":null}},"loc":{"start":{"line":66,"column":12},"end":{"line":74,"column":5}}},"2":{"name":"(anonymous_4)","decl":{"start":{"line":76,"column":25},"end":{"line":76,"column":null}},"loc":{"start":{"line":76,"column":25},"end":{"line":94,"column":null}}},"3":{"name":"(anonymous_5)","decl":{"start":{"line":109,"column":42},"end":{"line":109,"column":47}},"loc":{"start":{"line":109,"column":47},"end":{"line":109,"column":53}}},"4":{"name":"(anonymous_6)","decl":{"start":{"line":113,"column":44},"end":{"line":113,"column":49}},"loc":{"start":{"line":113,"column":49},"end":{"line":113,"column":56}}},"5":{"name":"(anonymous_7)","decl":{"start":{"line":179,"column":26},"end":{"line":179,"column":27}},"loc":{"start":{"line":179,"column":33},"end":{"line":179,"column":null}}},"6":{"name":"(anonymous_8)","decl":{"start":{"line":304,"column":43},"end":{"line":304,"column":44}},"loc":{"start":{"line":305,"column":16},"end":{"line":306,"column":null}}}},"branchMap":{"0":{"loc":{"start":{"line":68,"column":4},"end":{"line":71,"column":null}},"type":"if","locations":[{"start":{"line":68,"column":4},"end":{"line":71,"column":null}}]},"1":{"loc":{"start":{"line":85,"column":6},"end":{"line":88,"column":null}},"type":"if","locations":[{"start":{"line":85,"column":6},"end":{"line":88,"column":null}}]},"2":{"loc":{"start":{"line":96,"column":2},"end":{"line":105,"column":null}},"type":"if","locations":[{"start":{"line":96,"column":2},"end":{"line":105,"column":null}}]},"3":{"loc":{"start":{"line":96,"column":6},"end":{"line":96,"column":29}},"type":"binary-expr","locations":[{"start":{"line":96,"column":6},"end":{"line":96,"column":17}},{"start":{"line":96,"column":17},"end":{"line":96,"column":29}}]}},"s":{"0":0,"1":0,"2":0,"3":0,"4":0,"5":0,"6":0,"7":0,"8":0,"9":0,"10":0,"11":0,"12":0,"13":0,"14":0,"15":0,"16":0,"17":0,"18":0,"19":0,"20":0,"21":0,"22":0,"23":0,"24":0,"25":0,"26":0,"27":0,"28":0,"29":0,"30":0,"31":0,"32":0,"33":0,"34":0},"f":{"0":0,"1":0,"2":0,"3":0,"4":0,"5":0,"6":0},"b":{"0":[0],"1":[0],"2":[0],"3":[0,0]}}
,"C:\\Users\\FAISAL\\Downloads\\Compressed\\limitless-infotech\\app\\admin\\blog\\page.tsx": {"path":"C:\\Users\\FAISAL\\Downloads\\Compressed\\limitless-infotech\\app\\admin\\blog\\page.tsx","statementMap":{"0":{"start":{"line":19,"column":24},"end":{"line":19,"column":null}},"1":{"start":{"line":3,"column":36},"end":{"line":3,"column":null}},"2":{"start":{"line":4,"column":26},"end":{"line":4,"column":null}},"3":{"start":{"line":5,"column":17},"end":{"line":5,"column":null}},"4":{"start":{"line":20,"column":17},"end":{"line":20,"column":null}},"5":{"start":{"line":21,"column":28},"end":{"line":21,"column":null}},"6":{"start":{"line":22,"column":32},"end":{"line":22,"column":null}},"7":{"start":{"line":23,"column":30},"end":{"line":23,"column":null}},"8":{"start":{"line":24,"column":38},"end":{"line":24,"column":null}},"9":{"start":{"line":26,"column":2},"end":{"line":35,"column":null}},"10":{"start":{"line":28,"column":18},"end":{"line":28,"column":null}},"11":{"start":{"line":29,"column":4},"end":{"line":32,"column":null}},"12":{"start":{"line":30,"column":6},"end":{"line":30,"column":null}},"13":{"start":{"line":31,"column":6},"end":{"line":31,"column":null}},"14":{"start":{"line":34,"column":4},"end":{"line":34,"column":null}},"15":{"start":{"line":37,"column":21},"end":{"line":55,"column":null}},"16":{"start":{"line":38,"column":4},"end":{"line":54,"column":null}},"17":{"start":{"line":39,"column":20},"end":{"line":39,"column":null}},"18":{"start":{"line":40,"column":23},"end":{"line":44,"column":null}},"19":{"start":{"line":46,"column":6},"end":{"line":49,"column":null}},"20":{"start":{"line":47,"column":21},"end":{"line":47,"column":null}},"21":{"start":{"line":48,"column":8},"end":{"line":48,"column":null}},"22":{"start":{"line":51,"column":6},"end":{"line":51,"column":null}},"23":{"start":{"line":53,"column":6},"end":{"line":53,"column":null}},"24":{"start":{"line":57,"column":23},"end":{"line":75,"column":null}},"25":{"start":{"line":58,"column":4},"end":{"line":58,"column":null}},"26":{"start":{"line":58,"column":64},"end":{"line":58,"column":null}},"27":{"start":{"line":60,"column":4},"end":{"line":74,"column":null}},"28":{"start":{"line":61,"column":20},"end":{"line":61,"column":null}},"29":{"start":{"line":62,"column":23},"end":{"line":67,"column":null}},"30":{"start":{"line":69,"column":6},"end":{"line":71,"column":null}},"31":{"start":{"line":70,"column":8},"end":{"line":70,"column":null}},"32":{"start":{"line":70,"column":38},"end":{"line":70,"column":null}},"33":{"start":{"line":73,"column":6},"end":{"line":73,"column":null}},"34":{"start":{"line":77,"column":24},"end":{"line":82,"column":null}},"35":{"start":{"line":78,"column":26},"end":{"line":78,"column":null}},"36":{"start":{"line":79,"column":26},"end":{"line":80,"column":null}},"37":{"start":{"line":81,"column":4},"end":{"line":81,"column":null}},"38":{"start":{"line":84,"column":2},"end":{"line":93,"column":null}},"39":{"start":{"line":137,"column":33},"end":{"line":137,"column":null}},"40":{"start":{"line":145,"column":31},"end":{"line":145,"column":null}},"41":{"start":{"line":155,"column":31},"end":{"line":155,"column":null}},"42":{"start":{"line":162,"column":46},"end":{"line":162,"column":72}},"43":{"start":{"line":165,"column":31},"end":{"line":165,"column":null}},"44":{"start":{"line":172,"column":43},"end":{"line":172,"column":65}},"45":{"start":{"line":200,"column":14},"end":{"line":201,"column":null}},"46":{"start":{"line":258,"column":37},"end":{"line":258,"column":null}}},"fnMap":{"0":{"name":"BlogManagementPage","decl":{"start":{"line":19,"column":24},"end":{"line":19,"column":null}},"loc":{"start":{"line":19,"column":24},"end":{"line":273,"column":null}}},"1":{"name":"(anonymous_3)","decl":{"start":{"line":26,"column":12},"end":{"line":26,"column":null}},"loc":{"start":{"line":26,"column":12},"end":{"line":35,"column":5}}},"2":{"name":"(anonymous_4)","decl":{"start":{"line":37,"column":21},"end":{"line":37,"column":null}},"loc":{"start":{"line":37,"column":21},"end":{"line":55,"column":null}}},"3":{"name":"(anonymous_5)","decl":{"start":{"line":57,"column":23},"end":{"line":57,"column":30}},"loc":{"start":{"line":57,"column":30},"end":{"line":75,"column":null}}},"4":{"name":"(anonymous_6)","decl":{"start":{"line":70,"column":30},"end":{"line":70,"column":38}},"loc":{"start":{"line":70,"column":38},"end":{"line":70,"column":null}}},"5":{"name":"(anonymous_7)","decl":{"start":{"line":77,"column":37},"end":{"line":77,"column":null}},"loc":{"start":{"line":77,"column":37},"end":{"line":82,"column":null}}},"6":{"name":"(anonymous_8)","decl":{"start":{"line":137,"column":26},"end":{"line":137,"column":27}},"loc":{"start":{"line":137,"column":33},"end":{"line":137,"column":null}}},"7":{"name":"(anonymous_9)","decl":{"start":{"line":145,"column":25},"end":{"line":145,"column":31}},"loc":{"start":{"line":145,"column":31},"end":{"line":145,"column":null}}},"8":{"name":"(anonymous_10)","decl":{"start":{"line":155,"column":25},"end":{"line":155,"column":31}},"loc":{"start":{"line":155,"column":31},"end":{"line":155,"column":null}}},"9":{"name":"(anonymous_11)","decl":{"start":{"line":162,"column":41},"end":{"line":162,"column":46}},"loc":{"start":{"line":162,"column":46},"end":{"line":162,"column":72}}},"10":{"name":"(anonymous_12)","decl":{"start":{"line":165,"column":25},"end":{"line":165,"column":31}},"loc":{"start":{"line":165,"column":31},"end":{"line":165,"column":null}}},"11":{"name":"(anonymous_13)","decl":{"start":{"line":172,"column":38},"end":{"line":172,"column":43}},"loc":{"start":{"line":172,"column":43},"end":{"line":172,"column":65}}},"12":{"name":"(anonymous_14)","decl":{"start":{"line":199,"column":31},"end":{"line":199,"column":32}},"loc":{"start":{"line":200,"column":14},"end":{"line":201,"column":null}}},"13":{"name":"(anonymous_15)","decl":{"start":{"line":258,"column":31},"end":{"line":258,"column":37}},"loc":{"start":{"line":258,"column":37},"end":{"line":258,"column":null}}}},"branchMap":{"0":{"loc":{"start":{"line":29,"column":4},"end":{"line":32,"column":null}},"type":"if","locations":[{"start":{"line":29,"column":4},"end":{"line":32,"column":null}}]},"1":{"loc":{"start":{"line":46,"column":6},"end":{"line":49,"column":null}},"type":"if","locations":[{"start":{"line":46,"column":6},"end":{"line":49,"column":null}}]},"2":{"loc":{"start":{"line":48,"column":17},"end":{"line":48,"column":33}},"type":"binary-expr","locations":[{"start":{"line":48,"column":17},"end":{"line":48,"column":27}},{"start":{"line":48,"column":31},"end":{"line":48,"column":33}}]},"3":{"loc":{"start":{"line":58,"column":4},"end":{"line":58,"column":null}},"type":"if","locations":[{"start":{"line":58,"column":4},"end":{"line":58,"column":null}}]},"4":{"loc":{"start":{"line":69,"column":6},"end":{"line":71,"column":null}},"type":"if","locations":[{"start":{"line":69,"column":6},"end":{"line":71,"column":null}}]},"5":{"loc":{"start":{"line":78,"column":26},"end":{"line":78,"column":null}},"type":"binary-expr","locations":[{"start":{"line":78,"column":26},"end":{"line":78,"column":46}},{"start":{"line":78,"column":46},"end":{"line":78,"column":null}}]},"6":{"loc":{"start":{"line":79,"column":26},"end":{"line":80,"column":null}},"type":"binary-expr","locations":[{"start":{"line":79,"column":26},"end":{"line":79,"column":null}},{"start":{"line":80,"column":25},"end":{"line":80,"column":null}}]},"7":{"loc":{"start":{"line":81,"column":11},"end":{"line":81,"column":null}},"type":"binary-expr","locations":[{"start":{"line":81,"column":11},"end":{"line":81,"column":28}},{"start":{"line":81,"column":28},"end":{"line":81,"column":null}}]},"8":{"loc":{"start":{"line":84,"column":2},"end":{"line":93,"column":null}},"type":"if","locations":[{"start":{"line":84,"column":2},"end":{"line":93,"column":null}}]},"9":{"loc":{"start":{"line":147,"column":18},"end":{"line":149,"column":null}},"type":"cond-expr","locations":[{"start":{"line":148,"column":22},"end":{"line":148,"column":null}},{"start":{"line":149,"column":22},"end":{"line":149,"column":null}}]},"10":{"loc":{"start":{"line":157,"column":18},"end":{"line":159,"column":null}},"type":"cond-expr","locations":[{"start":{"line":158,"column":22},"end":{"line":158,"column":null}},{"start":{"line":159,"column":22},"end":{"line":159,"column":null}}]},"11":{"loc":{"start":{"line":167,"column":18},"end":{"line":169,"column":null}},"type":"cond-expr","locations":[{"start":{"line":168,"column":22},"end":{"line":168,"column":null}},{"start":{"line":169,"column":22},"end":{"line":169,"column":null}}]},"12":{"loc":{"start":{"line":180,"column":10},"end":{"line":198,"column":11}},"type":"cond-expr","locations":[{"start":{"line":180,"column":10},"end":{"line":198,"column":11}}]},"13":{"loc":{"start":{"line":188,"column":15},"end":{"line":188,"column":null}},"type":"cond-expr","locations":[{"start":{"line":188,"column":28},"end":{"line":188,"column":58}},{"start":{"line":188,"column":58},"end":{"line":188,"column":null}}]},"14":{"loc":{"start":{"line":212,"column":26},"end":{"line":214,"column":null}},"type":"cond-expr","locations":[{"start":{"line":213,"column":30},"end":{"line":213,"column":null}},{"start":{"line":214,"column":30},"end":{"line":214,"column":null}}]},"15":{"loc":{"start":{"line":232,"column":23},"end":{"line":232,"column":40}},"type":"binary-expr","locations":[{"start":{"line":232,"column":23},"end":{"line":232,"column":40}}]}},"s":{"0":0,"1":0,"2":0,"3":0,"4":0,"5":0,"6":0,"7":0,"8":0,"9":0,"10":0,"11":0,"12":0,"13":0,"14":0,"15":0,"16":0,"17":0,"18":0,"19":0,"20":0,"21":0,"22":0,"23":0,"24":0,"25":0,"26":0,"27":0,"28":0,"29":0,"30":0,"31":0,"32":0,"33":0,"34":0,"35":0,"36":0,"37":0,"38":0,"39":0,"40":0,"41":0,"42":0,"43":0,"44":0,"45":0,"46":0},"f":{"0":0,"1":0,"2":0,"3":0,"4":0,"5":0,"6":0,"7":0,"8":0,"9":0,"10":0,"11":0,"12":0,"13":0},"b":{"0":[0],"1":[0],"2":[0,0],"3":[0],"4":[0],"5":[0,0],"6":[0,0],"7":[0,0],"8":[0],"9":[0,0],"10":[0,0],"11":[0,0],"12":[0],"13":[0,0],"14":[0,0],"15":[0]}}
,"C:\\Users\\FAISAL\\Downloads\\Compressed\\limitless-infotech\\app\\admin\\blog\\new\\page.tsx": {"path":"C:\\Users\\FAISAL\\Downloads\\Compressed\\limitless-infotech\\app\\admin\\blog\\new\\page.tsx","statementMap":{"0":{"start":{"line":7,"column":24},"end":{"line":7,"column":null}},"1":{"start":{"line":3,"column":36},"end":{"line":3,"column":null}},"2":{"start":{"line":4,"column":26},"end":{"line":4,"column":null}},"3":{"start":{"line":5,"column":17},"end":{"line":5,"column":null}},"4":{"start":{"line":8,"column":17},"end":{"line":8,"column":null}},"5":{"start":{"line":9,"column":32},"end":{"line":9,"column":null}},"6":{"start":{"line":10,"column":34},"end":{"line":22,"column":null}},"7":{"start":{"line":24,"column":2},"end":{"line":30,"column":null}},"8":{"start":{"line":26,"column":18},"end":{"line":26,"column":null}},"9":{"start":{"line":27,"column":4},"end":{"line":29,"column":null}},"10":{"start":{"line":28,"column":6},"end":{"line":28,"column":null}},"11":{"start":{"line":33,"column":2},"end":{"line":41,"column":null}},"12":{"start":{"line":34,"column":4},"end":{"line":40,"column":null}},"13":{"start":{"line":35,"column":19},"end":{"line":38,"column":null}},"14":{"start":{"line":39,"column":6},"end":{"line":39,"column":null}},"15":{"start":{"line":39,"column":27},"end":{"line":39,"column":null}},"16":{"start":{"line":43,"column":23},"end":{"line":73,"column":null}},"17":{"start":{"line":44,"column":4},"end":{"line":44,"column":null}},"18":{"start":{"line":45,"column":4},"end":{"line":45,"column":null}},"19":{"start":{"line":47,"column":4},"end":{"line":72,"column":null}},"20":{"start":{"line":48,"column":20},"end":{"line":48,"column":null}},"21":{"start":{"line":49,"column":23},"end":{"line":60,"column":null}},"22":{"start":{"line":58,"column":50},"end":{"line":58,"column":60}},"23":{"start":{"line":62,"column":6},"end":{"line":66,"column":null}},"24":{"start":{"line":63,"column":8},"end":{"line":63,"column":null}},"25":{"start":{"line":65,"column":8},"end":{"line":65,"column":null}},"26":{"start":{"line":68,"column":6},"end":{"line":68,"column":null}},"27":{"start":{"line":69,"column":6},"end":{"line":69,"column":null}},"28":{"start":{"line":71,"column":6},"end":{"line":71,"column":null}},"29":{"start":{"line":118,"column":35},"end":{"line":118,"column":null}},"30":{"start":{"line":133,"column":35},"end":{"line":133,"column":null}},"31":{"start":{"line":150,"column":35},"end":{"line":150,"column":null}},"32":{"start":{"line":165,"column":37},"end":{"line":165,"column":null}},"33":{"start":{"line":186,"column":37},"end":{"line":186,"column":null}},"34":{"start":{"line":202,"column":35},"end":{"line":202,"column":null}},"35":{"start":{"line":218,"column":31},"end":{"line":218,"column":null}},"36":{"start":{"line":242,"column":35},"end":{"line":242,"column":null}},"37":{"start":{"line":254,"column":35},"end":{"line":254,"column":null}},"38":{"start":{"line":268,"column":35},"end":{"line":268,"column":null}},"39":{"start":{"line":286,"column":30},"end":{"line":286,"column":null}},"40":{"start":{"line":294,"column":30},"end":{"line":294,"column":null}}},"fnMap":{"0":{"name":"NewBlogPostPage","decl":{"start":{"line":7,"column":24},"end":{"line":7,"column":null}},"loc":{"start":{"line":7,"column":24},"end":{"line":305,"column":null}}},"1":{"name":"(anonymous_3)","decl":{"start":{"line":24,"column":12},"end":{"line":24,"column":null}},"loc":{"start":{"line":24,"column":12},"end":{"line":30,"column":5}}},"2":{"name":"(anonymous_4)","decl":{"start":{"line":33,"column":12},"end":{"line":33,"column":null}},"loc":{"start":{"line":33,"column":12},"end":{"line":41,"column":5}}},"3":{"name":"(anonymous_5)","decl":{"start":{"line":39,"column":18},"end":{"line":39,"column":27}},"loc":{"start":{"line":39,"column":27},"end":{"line":39,"column":null}}},"4":{"name":"(anonymous_6)","decl":{"start":{"line":43,"column":23},"end":{"line":43,"column":30}},"loc":{"start":{"line":43,"column":50},"end":{"line":73,"column":null}}},"5":{"name":"(anonymous_7)","decl":{"start":{"line":58,"column":45},"end":{"line":58,"column":50}},"loc":{"start":{"line":58,"column":50},"end":{"line":58,"column":60}}},"6":{"name":"(anonymous_8)","decl":{"start":{"line":118,"column":28},"end":{"line":118,"column":29}},"loc":{"start":{"line":118,"column":35},"end":{"line":118,"column":null}}},"7":{"name":"(anonymous_9)","decl":{"start":{"line":133,"column":28},"end":{"line":133,"column":29}},"loc":{"start":{"line":133,"column":35},"end":{"line":133,"column":null}}},"8":{"name":"(anonymous_10)","decl":{"start":{"line":150,"column":28},"end":{"line":150,"column":29}},"loc":{"start":{"line":150,"column":35},"end":{"line":150,"column":null}}},"9":{"name":"(anonymous_11)","decl":{"start":{"line":165,"column":30},"end":{"line":165,"column":31}},"loc":{"start":{"line":165,"column":37},"end":{"line":165,"column":null}}},"10":{"name":"(anonymous_12)","decl":{"start":{"line":186,"column":30},"end":{"line":186,"column":31}},"loc":{"start":{"line":186,"column":37},"end":{"line":186,"column":null}}},"11":{"name":"(anonymous_13)","decl":{"start":{"line":202,"column":28},"end":{"line":202,"column":29}},"loc":{"start":{"line":202,"column":35},"end":{"line":202,"column":null}}},"12":{"name":"(anonymous_14)","decl":{"start":{"line":218,"column":24},"end":{"line":218,"column":25}},"loc":{"start":{"line":218,"column":31},"end":{"line":218,"column":null}}},"13":{"name":"(anonymous_15)","decl":{"start":{"line":242,"column":28},"end":{"line":242,"column":29}},"loc":{"start":{"line":242,"column":35},"end":{"line":242,"column":null}}},"14":{"name":"(anonymous_16)","decl":{"start":{"line":254,"column":28},"end":{"line":254,"column":29}},"loc":{"start":{"line":254,"column":35},"end":{"line":254,"column":null}}},"15":{"name":"(anonymous_17)","decl":{"start":{"line":268,"column":28},"end":{"line":268,"column":29}},"loc":{"start":{"line":268,"column":35},"end":{"line":268,"column":null}}},"16":{"name":"(anonymous_18)","decl":{"start":{"line":286,"column":23},"end":{"line":286,"column":24}},"loc":{"start":{"line":286,"column":30},"end":{"line":286,"column":null}}},"17":{"name":"(anonymous_19)","decl":{"start":{"line":294,"column":23},"end":{"line":294,"column":24}},"loc":{"start":{"line":294,"column":30},"end":{"line":294,"column":null}}}},"branchMap":{"0":{"loc":{"start":{"line":27,"column":4},"end":{"line":29,"column":null}},"type":"if","locations":[{"start":{"line":27,"column":4},"end":{"line":29,"column":null}}]},"1":{"loc":{"start":{"line":34,"column":4},"end":{"line":40,"column":null}},"type":"if","locations":[{"start":{"line":34,"column":4},"end":{"line":40,"column":null}}]},"2":{"loc":{"start":{"line":34,"column":8},"end":{"line":34,"column":40}},"type":"binary-expr","locations":[{"start":{"line":34,"column":8},"end":{"line":34,"column":22}},{"start":{"line":34,"column":26},"end":{"line":34,"column":40}}]},"3":{"loc":{"start":{"line":62,"column":6},"end":{"line":66,"column":null}},"type":"if","locations":[{"start":{"line":62,"column":6},"end":{"line":66,"column":null}},{"start":{"line":64,"column":13},"end":{"line":66,"column":null}}]},"4":{"loc":{"start":{"line":138,"column":30},"end":{"line":138,"column":null}},"type":"binary-expr","locations":[{"start":{"line":138,"column":30},"end":{"line":138,"column":43}},{"start":{"line":138,"column":47},"end":{"line":138,"column":null}}]},"5":{"loc":{"start":{"line":290,"column":15},"end":{"line":290,"column":null}},"type":"cond-expr","locations":[{"start":{"line":290,"column":25},"end":{"line":290,"column":39}},{"start":{"line":290,"column":39},"end":{"line":290,"column":null}}]},"6":{"loc":{"start":{"line":298,"column":15},"end":{"line":298,"column":null}},"type":"cond-expr","locations":[{"start":{"line":298,"column":25},"end":{"line":298,"column":43}},{"start":{"line":298,"column":43},"end":{"line":298,"column":null}}]}},"s":{"0":0,"1":0,"2":0,"3":0,"4":0,"5":0,"6":0,"7":0,"8":0,"9":0,"10":0,"11":0,"12":0,"13":0,"14":0,"15":0,"16":0,"17":0,"18":0,"19":0,"20":0,"21":0,"22":0,"23":0,"24":0,"25":0,"26":0,"27":0,"28":0,"29":0,"30":0,"31":0,"32":0,"33":0,"34":0,"35":0,"36":0,"37":0,"38":0,"39":0,"40":0},"f":{"0":0,"1":0,"2":0,"3":0,"4":0,"5":0,"6":0,"7":0,"8":0,"9":0,"10":0,"11":0,"12":0,"13":0,"14":0,"15":0,"16":0,"17":0},"b":{"0":[0],"1":[0],"2":[0,0],"3":[0,0],"4":[0,0],"5":[0,0],"6":[0,0]}}
,"C:\\Users\\FAISAL\\Downloads\\Compressed\\limitless-infotech\\app\\admin\\dashboard\\page.tsx": {"path":"C:\\Users\\FAISAL\\Downloads\\Compressed\\limitless-infotech\\app\\admin\\dashboard\\page.tsx","statementMap":{"0":{"start":{"line":10,"column":24},"end":{"line":10,"column":null}},"1":{"start":{"line":2,"column":36},"end":{"line":2,"column":null}},"2":{"start":{"line":3,"column":23},"end":{"line":3,"column":null}},"3":{"start":{"line":7,"column":7},"end":{"line":7,"column":null}},"4":{"start":{"line":8,"column":17},"end":{"line":8,"column":null}},"5":{"start":{"line":11,"column":28},"end":{"line":16,"column":null}},"6":{"start":{"line":18,"column":2},"end":{"line":20,"column":null}},"7":{"start":{"line":19,"column":4},"end":{"line":19,"column":null}},"8":{"start":{"line":22,"column":21},"end":{"line":34,"column":null}},"9":{"start":{"line":23,"column":4},"end":{"line":33,"column":null}},"10":{"start":{"line":24,"column":23},"end":{"line":28,"column":null}},"11":{"start":{"line":29,"column":19},"end":{"line":29,"column":null}},"12":{"start":{"line":30,"column":6},"end":{"line":30,"column":null}},"13":{"start":{"line":32,"column":6},"end":{"line":32,"column":null}},"14":{"start":{"line":36,"column":20},"end":{"line":65,"column":null}},"15":{"start":{"line":92,"column":12},"end":{"line":93,"column":null}},"16":{"start":{"line":138,"column":16},"end":{"line":138,"column":29}},"17":{"start":{"line":175,"column":16},"end":{"line":175,"column":31}}},"fnMap":{"0":{"name":"AdminDashboard","decl":{"start":{"line":10,"column":24},"end":{"line":10,"column":null}},"loc":{"start":{"line":10,"column":24},"end":{"line":192,"column":null}}},"1":{"name":"(anonymous_3)","decl":{"start":{"line":18,"column":12},"end":{"line":18,"column":null}},"loc":{"start":{"line":18,"column":12},"end":{"line":20,"column":5}}},"2":{"name":"(anonymous_4)","decl":{"start":{"line":22,"column":21},"end":{"line":22,"column":null}},"loc":{"start":{"line":22,"column":21},"end":{"line":34,"column":null}}},"3":{"name":"(anonymous_5)","decl":{"start":{"line":91,"column":25},"end":{"line":91,"column":26}},"loc":{"start":{"line":92,"column":12},"end":{"line":93,"column":null}}},"4":{"name":"(anonymous_6)","decl":{"start":{"line":137,"column":29},"end":{"line":137,"column":30}},"loc":{"start":{"line":138,"column":16},"end":{"line":138,"column":29}}},"5":{"name":"(anonymous_7)","decl":{"start":{"line":174,"column":20},"end":{"line":174,"column":21}},"loc":{"start":{"line":175,"column":16},"end":{"line":175,"column":31}}}},"branchMap":{},"s":{"0":0,"1":0,"2":0,"3":0,"4":0,"5":0,"6":0,"7":0,"8":0,"9":0,"10":0,"11":0,"12":0,"13":0,"14":0,"15":0,"16":0,"17":0},"f":{"0":0,"1":0,"2":0,"3":0,"4":0,"5":0},"b":{}}
,"C:\\Users\\FAISAL\\Downloads\\Compressed\\limitless-infotech\\app\\admin\\inquiries\\page.tsx": {"path":"C:\\Users\\FAISAL\\Downloads\\Compressed\\limitless-infotech\\app\\admin\\inquiries\\page.tsx","statementMap":{"0":{"start":{"line":22,"column":24},"end":{"line":22,"column":null}},"1":{"start":{"line":2,"column":36},"end":{"line":2,"column":null}},"2":{"start":{"line":3,"column":40},"end":{"line":3,"column":null}},"3":{"start":{"line":7,"column":7},"end":{"line":7,"column":null}},"4":{"start":{"line":8,"column":24},"end":{"line":8,"column":null}},"5":{"start":{"line":23,"column":36},"end":{"line":23,"column":null}},"6":{"start":{"line":24,"column":52},"end":{"line":24,"column":null}},"7":{"start":{"line":25,"column":40},"end":{"line":25,"column":null}},"8":{"start":{"line":26,"column":42},"end":{"line":26,"column":null}},"9":{"start":{"line":27,"column":48},"end":{"line":27,"column":null}},"10":{"start":{"line":28,"column":32},"end":{"line":28,"column":null}},"11":{"start":{"line":30,"column":2},"end":{"line":32,"column":null}},"12":{"start":{"line":31,"column":4},"end":{"line":31,"column":null}},"13":{"start":{"line":34,"column":2},"end":{"line":36,"column":null}},"14":{"start":{"line":35,"column":4},"end":{"line":35,"column":null}},"15":{"start":{"line":38,"column":25},"end":{"line":52,"column":null}},"16":{"start":{"line":39,"column":4},"end":{"line":51,"column":null}},"17":{"start":{"line":40,"column":23},"end":{"line":44,"column":null}},"18":{"start":{"line":45,"column":19},"end":{"line":45,"column":null}},"19":{"start":{"line":46,"column":6},"end":{"line":46,"column":null}},"20":{"start":{"line":48,"column":6},"end":{"line":48,"column":null}},"21":{"start":{"line":50,"column":6},"end":{"line":50,"column":null}},"22":{"start":{"line":54,"column":26},"end":{"line":70,"column":null}},"23":{"start":{"line":55,"column":19},"end":{"line":55,"column":null}},"24":{"start":{"line":57,"column":4},"end":{"line":59,"column":null}},"25":{"start":{"line":58,"column":6},"end":{"line":58,"column":null}},"26":{"start":{"line":58,"column":38},"end":{"line":58,"column":null}},"27":{"start":{"line":61,"column":4},"end":{"line":67,"column":null}},"28":{"start":{"line":62,"column":6},"end":{"line":65,"column":null}},"29":{"start":{"line":63,"column":8},"end":{"line":65,"column":null}},"30":{"start":{"line":69,"column":4},"end":{"line":69,"column":null}},"31":{"start":{"line":72,"column":23},"end":{"line":86,"column":null}},"32":{"start":{"line":73,"column":4},"end":{"line":85,"column":null}},"33":{"start":{"line":74,"column":6},"end":{"line":81,"column":null}},"34":{"start":{"line":82,"column":6},"end":{"line":82,"column":null}},"35":{"start":{"line":84,"column":6},"end":{"line":84,"column":null}},"36":{"start":{"line":88,"column":24},"end":{"line":102,"column":null}},"37":{"start":{"line":89,"column":4},"end":{"line":89,"column":null}},"38":{"start":{"line":89,"column":67},"end":{"line":89,"column":null}},"39":{"start":{"line":91,"column":4},"end":{"line":101,"column":null}},"40":{"start":{"line":92,"column":6},"end":{"line":97,"column":null}},"41":{"start":{"line":98,"column":6},"end":{"line":98,"column":null}},"42":{"start":{"line":100,"column":6},"end":{"line":100,"column":null}},"43":{"start":{"line":104,"column":23},"end":{"line":109,"column":null}},"44":{"start":{"line":111,"column":22},"end":{"line":116,"column":null}},"45":{"start":{"line":140,"column":33},"end":{"line":140,"column":null}},"46":{"start":{"line":151,"column":33},"end":{"line":151,"column":null}},"47":{"start":{"line":203,"column":39},"end":{"line":203,"column":66}},"48":{"start":{"line":204,"column":20},"end":{"line":206,"column":null}},"49":{"start":{"line":244,"column":45},"end":{"line":244,"column":null}},"50":{"start":{"line":253,"column":45},"end":{"line":253,"column":null}},"51":{"start":{"line":279,"column":29},"end":{"line":279,"column":null}},"52":{"start":{"line":296,"column":37},"end":{"line":296,"column":null}},"53":{"start":{"line":354,"column":24},"end":{"line":355,"column":null}},"54":{"start":{"line":359,"column":28},"end":{"line":359,"column":null}},"55":{"start":{"line":360,"column":28},"end":{"line":360,"column":null}}},"fnMap":{"0":{"name":"InquiriesPage","decl":{"start":{"line":22,"column":24},"end":{"line":22,"column":null}},"loc":{"start":{"line":22,"column":24},"end":{"line":394,"column":null}}},"1":{"name":"(anonymous_3)","decl":{"start":{"line":30,"column":12},"end":{"line":30,"column":null}},"loc":{"start":{"line":30,"column":12},"end":{"line":32,"column":5}}},"2":{"name":"(anonymous_4)","decl":{"start":{"line":34,"column":12},"end":{"line":34,"column":null}},"loc":{"start":{"line":34,"column":12},"end":{"line":36,"column":5}}},"3":{"name":"(anonymous_5)","decl":{"start":{"line":38,"column":25},"end":{"line":38,"column":null}},"loc":{"start":{"line":38,"column":25},"end":{"line":52,"column":null}}},"4":{"name":"(anonymous_6)","decl":{"start":{"line":54,"column":26},"end":{"line":54,"column":null}},"loc":{"start":{"line":54,"column":26},"end":{"line":70,"column":null}}},"5":{"name":"(anonymous_7)","decl":{"start":{"line":58,"column":33},"end":{"line":58,"column":38}},"loc":{"start":{"line":58,"column":38},"end":{"line":58,"column":null}}},"6":{"name":"(anonymous_8)","decl":{"start":{"line":62,"column":33},"end":{"line":62,"column":null}},"loc":{"start":{"line":63,"column":8},"end":{"line":65,"column":null}}},"7":{"name":"(anonymous_9)","decl":{"start":{"line":72,"column":23},"end":{"line":72,"column":30}},"loc":{"start":{"line":72,"column":42},"end":{"line":86,"column":null}}},"8":{"name":"(anonymous_10)","decl":{"start":{"line":88,"column":24},"end":{"line":88,"column":31}},"loc":{"start":{"line":88,"column":31},"end":{"line":102,"column":null}}},"9":{"name":"(anonymous_11)","decl":{"start":{"line":140,"column":26},"end":{"line":140,"column":27}},"loc":{"start":{"line":140,"column":33},"end":{"line":140,"column":null}}},"10":{"name":"(anonymous_12)","decl":{"start":{"line":151,"column":26},"end":{"line":151,"column":27}},"loc":{"start":{"line":151,"column":33},"end":{"line":151,"column":null}}},"11":{"name":"(anonymous_13)","decl":{"start":{"line":202,"column":41},"end":{"line":202,"column":42}},"loc":{"start":{"line":202,"column":42},"end":{"line":263,"column":null}}},"12":{"name":"(anonymous_14)","decl":{"start":{"line":244,"column":39},"end":{"line":244,"column":45}},"loc":{"start":{"line":244,"column":45},"end":{"line":244,"column":null}}},"13":{"name":"(anonymous_15)","decl":{"start":{"line":253,"column":39},"end":{"line":253,"column":45}},"loc":{"start":{"line":253,"column":45},"end":{"line":253,"column":null}}},"14":{"name":"(anonymous_16)","decl":{"start":{"line":279,"column":23},"end":{"line":279,"column":29}},"loc":{"start":{"line":279,"column":29},"end":{"line":279,"column":null}}},"15":{"name":"(anonymous_17)","decl":{"start":{"line":296,"column":31},"end":{"line":296,"column":37}},"loc":{"start":{"line":296,"column":37},"end":{"line":296,"column":null}}},"16":{"name":"(anonymous_18)","decl":{"start":{"line":353,"column":81},"end":{"line":353,"column":82}},"loc":{"start":{"line":354,"column":24},"end":{"line":355,"column":null}}},"17":{"name":"(anonymous_19)","decl":{"start":{"line":358,"column":35},"end":{"line":358,"column":null}},"loc":{"start":{"line":358,"column":35},"end":{"line":361,"column":null}}}},"branchMap":{"0":{"loc":{"start":{"line":57,"column":4},"end":{"line":59,"column":null}},"type":"if","locations":[{"start":{"line":57,"column":4},"end":{"line":59,"column":null}}]},"1":{"loc":{"start":{"line":61,"column":4},"end":{"line":67,"column":null}},"type":"if","locations":[{"start":{"line":61,"column":4},"end":{"line":67,"column":null}}]},"2":{"loc":{"start":{"line":63,"column":8},"end":{"line":65,"column":null}},"type":"binary-expr","locations":[{"start":{"line":63,"column":8},"end":{"line":63,"column":null}},{"start":{"line":64,"column":8},"end":{"line":64,"column":null}},{"start":{"line":65,"column":8},"end":{"line":65,"column":null}}]},"3":{"loc":{"start":{"line":89,"column":4},"end":{"line":89,"column":null}},"type":"if","locations":[{"start":{"line":89,"column":4},"end":{"line":89,"column":null}}]},"4":{"loc":{"start":{"line":167,"column":12},"end":{"line":171,"column":32}},"type":"cond-expr","locations":[{"start":{"line":167,"column":12},"end":{"line":171,"column":32}}]},"5":{"loc":{"start":{"line":172,"column":12},"end":{"line":177,"column":13}},"type":"cond-expr","locations":[{"start":{"line":172,"column":12},"end":{"line":177,"column":13}}]},"6":{"loc":{"start":{"line":225,"column":27},"end":{"line":225,"column":null}},"type":"binary-expr","locations":[{"start":{"line":225,"column":27},"end":{"line":225,"column":42}},{"start":{"line":225,"column":46},"end":{"line":225,"column":null}}]},"7":{"loc":{"start":{"line":273,"column":9},"end":{"line":273,"column":null}},"type":"binary-expr","locations":[{"start":{"line":273,"column":9},"end":{"line":273,"column":null}}]},"8":{"loc":{"start":{"line":321,"column":23},"end":{"line":321,"column":46}},"type":"binary-expr","locations":[{"start":{"line":321,"column":23},"end":{"line":321,"column":46}}]},"9":{"loc":{"start":{"line":363,"column":28},"end":{"line":365,"column":null}},"type":"cond-expr","locations":[{"start":{"line":364,"column":32},"end":{"line":364,"column":52}},{"start":{"line":365,"column":32},"end":{"line":365,"column":null}}]}},"s":{"0":0,"1":0,"2":0,"3":0,"4":0,"5":0,"6":0,"7":0,"8":0,"9":0,"10":0,"11":0,"12":0,"13":0,"14":0,"15":0,"16":0,"17":0,"18":0,"19":0,"20":0,"21":0,"22":0,"23":0,"24":0,"25":0,"26":0,"27":0,"28":0,"29":0,"30":0,"31":0,"32":0,"33":0,"34":0,"35":0,"36":0,"37":0,"38":0,"39":0,"40":0,"41":0,"42":0,"43":0,"44":0,"45":0,"46":0,"47":0,"48":0,"49":0,"50":0,"51":0,"52":0,"53":0,"54":0,"55":0},"f":{"0":0,"1":0,"2":0,"3":0,"4":0,"5":0,"6":0,"7":0,"8":0,"9":0,"10":0,"11":0,"12":0,"13":0,"14":0,"15":0,"16":0,"17":0},"b":{"0":[0],"1":[0],"2":[0,0,0],"3":[0],"4":[0],"5":[0],"6":[0,0],"7":[0],"8":[0],"9":[0,0]}}
,"C:\\Users\\FAISAL\\Downloads\\Compressed\\limitless-infotech\\app\\admin\\newsletter\\page.tsx": {"path":"C:\\Users\\FAISAL\\Downloads\\Compressed\\limitless-infotech\\app\\admin\\newsletter\\page.tsx","statementMap":{"0":{"start":{"line":17,"column":24},"end":{"line":17,"column":null}},"1":{"start":{"line":3,"column":36},"end":{"line":3,"column":null}},"2":{"start":{"line":4,"column":26},"end":{"line":4,"column":null}},"3":{"start":{"line":5,"column":17},"end":{"line":5,"column":null}},"4":{"start":{"line":18,"column":17},"end":{"line":18,"column":null}},"5":{"start":{"line":19,"column":40},"end":{"line":19,"column":null}},"6":{"start":{"line":20,"column":32},"end":{"line":20,"column":null}},"7":{"start":{"line":21,"column":30},"end":{"line":21,"column":null}},"8":{"start":{"line":22,"column":38},"end":{"line":22,"column":null}},"9":{"start":{"line":23,"column":56},"end":{"line":23,"column":null}},"10":{"start":{"line":25,"column":2},"end":{"line":34,"column":null}},"11":{"start":{"line":27,"column":18},"end":{"line":27,"column":null}},"12":{"start":{"line":28,"column":4},"end":{"line":31,"column":null}},"13":{"start":{"line":29,"column":6},"end":{"line":29,"column":null}},"14":{"start":{"line":30,"column":6},"end":{"line":30,"column":null}},"15":{"start":{"line":33,"column":4},"end":{"line":33,"column":null}},"16":{"start":{"line":36,"column":27},"end":{"line":54,"column":null}},"17":{"start":{"line":37,"column":4},"end":{"line":53,"column":null}},"18":{"start":{"line":38,"column":20},"end":{"line":38,"column":null}},"19":{"start":{"line":39,"column":23},"end":{"line":43,"column":null}},"20":{"start":{"line":45,"column":6},"end":{"line":48,"column":null}},"21":{"start":{"line":46,"column":21},"end":{"line":46,"column":null}},"22":{"start":{"line":47,"column":8},"end":{"line":47,"column":null}},"23":{"start":{"line":50,"column":6},"end":{"line":50,"column":null}},"24":{"start":{"line":52,"column":6},"end":{"line":52,"column":null}},"25":{"start":{"line":56,"column":23},"end":{"line":70,"column":null}},"26":{"start":{"line":57,"column":16},"end":{"line":62,"column":null}},"27":{"start":{"line":60,"column":8},"end":{"line":60,"column":null}},"28":{"start":{"line":64,"column":17},"end":{"line":64,"column":null}},"29":{"start":{"line":65,"column":16},"end":{"line":65,"column":null}},"30":{"start":{"line":66,"column":14},"end":{"line":66,"column":null}},"31":{"start":{"line":67,"column":4},"end":{"line":67,"column":null}},"32":{"start":{"line":68,"column":4},"end":{"line":68,"column":null}},"33":{"start":{"line":69,"column":4},"end":{"line":69,"column":null}},"34":{"start":{"line":72,"column":23},"end":{"line":90,"column":null}},"35":{"start":{"line":73,"column":4},"end":{"line":73,"column":null}},"36":{"start":{"line":73,"column":70},"end":{"line":73,"column":null}},"37":{"start":{"line":75,"column":4},"end":{"line":89,"column":null}},"38":{"start":{"line":76,"column":20},"end":{"line":76,"column":null}},"39":{"start":{"line":77,"column":23},"end":{"line":82,"column":null}},"40":{"start":{"line":84,"column":6},"end":{"line":86,"column":null}},"41":{"start":{"line":85,"column":8},"end":{"line":85,"column":null}},"42":{"start":{"line":85,"column":49},"end":{"line":85,"column":null}},"43":{"start":{"line":88,"column":6},"end":{"line":88,"column":null}},"44":{"start":{"line":92,"column":30},"end":{"line":97,"column":null}},"45":{"start":{"line":93,"column":26},"end":{"line":93,"column":null}},"46":{"start":{"line":94,"column":26},"end":{"line":95,"column":null}},"47":{"start":{"line":96,"column":4},"end":{"line":96,"column":null}},"48":{"start":{"line":99,"column":16},"end":{"line":103,"column":null}},"49":{"start":{"line":101,"column":36},"end":{"line":101,"column":59}},"50":{"start":{"line":102,"column":42},"end":{"line":102,"column":71}},"51":{"start":{"line":105,"column":2},"end":{"line":114,"column":null}},"52":{"start":{"line":204,"column":33},"end":{"line":204,"column":null}},"53":{"start":{"line":212,"column":31},"end":{"line":212,"column":null}},"54":{"start":{"line":222,"column":31},"end":{"line":222,"column":null}},"55":{"start":{"line":232,"column":31},"end":{"line":232,"column":null}},"56":{"start":{"line":285,"column":18},"end":{"line":285,"column":42}},"57":{"start":{"line":311,"column":39},"end":{"line":311,"column":null}}},"fnMap":{"0":{"name":"NewsletterManagementPage","decl":{"start":{"line":17,"column":24},"end":{"line":17,"column":null}},"loc":{"start":{"line":17,"column":24},"end":{"line":326,"column":null}}},"1":{"name":"(anonymous_3)","decl":{"start":{"line":25,"column":12},"end":{"line":25,"column":null}},"loc":{"start":{"line":25,"column":12},"end":{"line":34,"column":5}}},"2":{"name":"(anonymous_4)","decl":{"start":{"line":36,"column":27},"end":{"line":36,"column":null}},"loc":{"start":{"line":36,"column":27},"end":{"line":54,"column":null}}},"3":{"name":"(anonymous_5)","decl":{"start":{"line":56,"column":23},"end":{"line":56,"column":null}},"loc":{"start":{"line":56,"column":23},"end":{"line":70,"column":null}}},"4":{"name":"(anonymous_6)","decl":{"start":{"line":59,"column":33},"end":{"line":59,"column":null}},"loc":{"start":{"line":60,"column":8},"end":{"line":60,"column":null}}},"5":{"name":"(anonymous_7)","decl":{"start":{"line":72,"column":23},"end":{"line":72,"column":30}},"loc":{"start":{"line":72,"column":30},"end":{"line":90,"column":null}}},"6":{"name":"(anonymous_8)","decl":{"start":{"line":85,"column":42},"end":{"line":85,"column":49}},"loc":{"start":{"line":85,"column":49},"end":{"line":85,"column":null}}},"7":{"name":"(anonymous_9)","decl":{"start":{"line":92,"column":49},"end":{"line":92,"column":null}},"loc":{"start":{"line":92,"column":49},"end":{"line":97,"column":null}}},"8":{"name":"(anonymous_10)","decl":{"start":{"line":101,"column":31},"end":{"line":101,"column":36}},"loc":{"start":{"line":101,"column":36},"end":{"line":101,"column":59}}},"9":{"name":"(anonymous_11)","decl":{"start":{"line":102,"column":37},"end":{"line":102,"column":42}},"loc":{"start":{"line":102,"column":42},"end":{"line":102,"column":71}}},"10":{"name":"(anonymous_12)","decl":{"start":{"line":204,"column":26},"end":{"line":204,"column":27}},"loc":{"start":{"line":204,"column":33},"end":{"line":204,"column":null}}},"11":{"name":"(anonymous_13)","decl":{"start":{"line":212,"column":25},"end":{"line":212,"column":31}},"loc":{"start":{"line":212,"column":31},"end":{"line":212,"column":null}}},"12":{"name":"(anonymous_14)","decl":{"start":{"line":222,"column":25},"end":{"line":222,"column":31}},"loc":{"start":{"line":222,"column":31},"end":{"line":222,"column":null}}},"13":{"name":"(anonymous_15)","decl":{"start":{"line":232,"column":25},"end":{"line":232,"column":31}},"loc":{"start":{"line":232,"column":31},"end":{"line":232,"column":null}}},"14":{"name":"(anonymous_16)","decl":{"start":{"line":284,"column":41},"end":{"line":284,"column":42}},"loc":{"start":{"line":285,
[...]
end":{"line":42,"column":null}},"19":{"start":{"line":41,"column":6},"end":{"line":41,"column":null}},"20":{"start":{"line":44,"column":4},"end":{"line":44,"column":null}},"21":{"start":{"line":46,"column":4},"end":{"line":46,"column":null}},"22":{"start":{"line":47,"column":4},"end":{"line":47,"column":null}},"23":{"start":{"line":55,"column":15},"end":{"line":55,"column":null}},"24":{"start":{"line":56,"column":2},"end":{"line":56,"column":null}},"25":{"start":{"line":63,"column":2},"end":{"line":66,"column":null}},"26":{"start":{"line":64,"column":4},"end":{"line":64,"column":null}},"27":{"start":{"line":65,"column":4},"end":{"line":65,"column":null}},"28":{"start":{"line":73,"column":2},"end":{"line":80,"column":null}},"29":{"start":{"line":74,"column":19},"end":{"line":74,"column":null}},"30":{"start":{"line":75,"column":4},"end":{"line":75,"column":null}},"31":{"start":{"line":76,"column":4},"end":{"line":76,"column":null}},"32":{"start":{"line":78,"column":4},"end":{"line":78,"column":null}},"33":{"start":{"line":79,"column":4},"end":{"line":79,"column":null}},"34":{"start":{"line":87,"column":2},"end":{"line":107,"column":null}},"35":{"start":{"line":89,"column":23},"end":{"line":95,"column":null}},"36":{"start":{"line":97,"column":4},"end":{"line":100,"column":null}},"37":{"start":{"line":98,"column":6},"end":{"line":98,"column":null}},"38":{"start":{"line":99,"column":6},"end":{"line":99,"column":null}},"39":{"start":{"line":102,"column":4},"end":{"line":102,"column":null}},"40":{"start":{"line":103,"column":4},"end":{"line":103,"column":null}},"41":{"start":{"line":105,"column":4},"end":{"line":105,"column":null}},"42":{"start":{"line":106,"column":4},"end":{"line":106,"column":null}}},"fnMap":{"0":{"name":"getPool","decl":{"start":{"line":10,"column":16},"end":{"line":10,"column":null}},"loc":{"start":{"line":10,"column":16},"end":{"line":27,"column":null}}},"1":{"name":"(anonymous_8)","decl":{"start":{"line":21,"column":21},"end":{"line":21,"column":22}},"loc":{"start":{"line":21,"column":22},"end":{"line":23,"column":null}}},"2":{"name":"query","decl":{"start":{"line":32,"column":22},"end":{"line":32,"column":28}},"loc":{"start":{"line":32,"column":56},"end":{"line":49,"column":null}}},"3":{"name":"getClient","decl":{"start":{"line":54,"column":22},"end":{"line":54,"column":null}},"loc":{"start":{"line":54,"column":22},"end":{"line":57,"column":null}}},"4":{"name":"closePool","decl":{"start":{"line":62,"column":22},"end":{"line":62,"column":null}},"loc":{"start":{"line":62,"column":22},"end":{"line":67,"column":null}}},"5":{"name":"testConnection","decl":{"start":{"line":72,"column":22},"end":{"line":72,"column":null}},"loc":{"start":{"line":72,"column":22},"end":{"line":81,"column":null}}},"6":{"name":"initializeDatabase","decl":{"start":{"line":86,"column":22},"end":{"line":86,"column":null}},"loc":{"start":{"line":86,"column":22},"end":{"line":108,"column":null}}}},"branchMap":{"0":{"loc":{"start":{"line":11,"column":2},"end":{"line":24,"column":null}},"type":"if","locations":[{"start":{"line":11,"column":2},"end":{"line":24,"column":null}}]},"1":{"loc":{"start":{"line":14,"column":11},"end":{"line":14,"column":null}},"type":"cond-expr","locations":[{"start":{"line":14,"column":51},"end":{"line":14,"column":83}},{"start":{"line":14,"column":83},"end":{"line":14,"column":null}}]},"2":{"loc":{"start":{"line":40,"column":4},"end":{"line":42,"column":null}},"type":"if","locations":[{"start":{"line":40,"column":4},"end":{"line":42,"column":null}}]},"3":{"loc":{"start":{"line":63,"column":2},"end":{"line":66,"column":null}},"type":"if","locations":[{"start":{"line":63,"column":2},"end":{"line":66,"column":null}}]},"4":{"loc":{"start":{"line":97,"column":4},"end":{"line":100,"column":null}},"type":"if","locations":[{"start":{"line":97,"column":4},"end":{"line":100,"column":null}}]}},"s":{"0":0,"1":0,"2":0,"3":0,"4":0,"5":0,"6":0,"7":0,"8":0,"9":0,"10":0,"11":0,"12":0,"13":0,"14":0,"15":0,"16":0,"17":0,"18":0,"19":0,"20":0,"21":0,"22":0,"23":0,"24":0,"25":0,"26":0,"27":0,"28":0,"29":0,"30":0,"31":0,"32":0,"33":0,"34":0,"35":0,"36":0,"37":0,"38":0,"39":0,"40":0,"41":0,"42":0},"f":{"0":0,"1":0,"2":0,"3":0,"4":0,"5":0,"6":0},"b":{"0":[0],"1":[0,0],"2":[0],"3":[0],"4":[0]}}
,"C:\\Users\\FAISAL\\Downloads\\Compressed\\limitless-infotech\\lib\\database\\models\\admin.ts": {"path":"C:\\Users\\FAISAL\\Downloads\\Compressed\\limitless-infotech\\lib\\database\\models\\admin.ts","statementMap":{"0":{"start":{"line":79,"column":22},"end":{"line":79,"column":34}},"1":{"start":{"line":173,"column":22},"end":{"line":173,"column":38}},"2":{"start":{"line":38,"column":22},"end":{"line":38,"column":38}},"3":{"start":{"line":27,"column":22},"end":{"line":27,"column":41}},"4":{"start":{"line":110,"column":22},"end":{"line":110,"column":null}},"5":{"start":{"line":120,"column":22},"end":{"line":120,"column":null}},"6":{"start":{"line":100,"column":22},"end":{"line":100,"column":38}},"7":{"start":{"line":49,"column":22},"end":{"line":49,"column":null}},"8":{"start":{"line":2,"column":22},"end":{"line":2,"column":null}},"9":{"start":{"line":3,"column":19},"end":{"line":3,"column":null}},"10":{"start":{"line":28,"column":17},"end":{"line":30,"column":null}},"11":{"start":{"line":32,"column":2},"end":{"line":32,"column":null}},"12":{"start":{"line":39,"column":17},"end":{"line":41,"column":null}},"13":{"start":{"line":43,"column":2},"end":{"line":43,"column":null}},"14":{"start":{"line":53,"column":16},"end":{"line":53,"column":null}},"15":{"start":{"line":55,"column":2},"end":{"line":57,"column":null}},"16":{"start":{"line":56,"column":4},"end":{"line":56,"column":null}},"17":{"start":{"line":60,"column":2},"end":{"line":63,"column":null}},"18":{"start":{"line":61,"column":4},"end":{"line":61,"column":null}},"19":{"start":{"line":62,"column":4},"end":{"line":62,"column":null}},"20":{"start":{"line":66,"column":18},"end":{"line":66,"column":null}},"21":{"start":{"line":68,"column":2},"end":{"line":71,"column":null}},"22":{"start":{"line":69,"column":4},"end":{"line":69,"column":null}},"23":{"start":{"line":70,"column":4},"end":{"line":70,"column":null}},"24":{"start":{"line":73,"column":2},"end":{"line":73,"column":null}},"25":{"start":{"line":80,"column":21},"end":{"line":80,"column":null}},"26":{"start":{"line":81,"column":24},"end":{"line":81,"column":null}},"27":{"start":{"line":83,"column":17},"end":{"line":92,"column":null}},"28":{"start":{"line":94,"column":2},"end":{"line":94,"column":null}},"29":{"start":{"line":101,"column":2},"end":{"line":103,"column":null}},"30":{"start":{"line":111,"column":17},"end":{"line":112,"column":null}},"31":{"start":{"line":114,"column":2},"end":{"line":114,"column":null}},"32":{"start":{"line":124,"column":28},"end":{"line":124,"column":30}},"33":{"start":{"line":125,"column":24},"end":{"line":125,"column":26}},"34":{"start":{"line":126,"column":19},"end":{"line":126,"column":null}},"35":{"start":{"line":128,"column":2},"end":{"line":132,"column":null}},"36":{"start":{"line":129,"column":4},"end":{"line":129,"column":null}},"37":{"start":{"line":130,"column":4},"end":{"line":130,"column":null}},"38":{"start":{"line":131,"column":4},"end":{"line":131,"column":null}},"39":{"start":{"line":134,"column":2},"end":{"line":138,"column":null}},"40":{"start":{"line":135,"column":4},"end":{"line":135,"column":null}},"41":{"start":{"line":136,"column":4},"end":{"line":136,"column":null}},"42":{"start":{"line":137,"column":4},"end":{"line":137,"column":null}},"43":{"start":{"line":140,"column":2},"end":{"line":145,"column":null}},"44":{"start":{"line":141,"column":26},"end":{"line":141,"column":null}},"45":{"start":{"line":142,"column":4},"end":{"line":142,"column":null}},"46":{"start":{"line":143,"column":4},"end":{"line":143,"column":null}},"47":{"start":{"line":144,"column":4},"end":{"line":144,"column":null}},"48":{"start":{"line":147,"column":2},"end":{"line":151,"column":null}},"49":{"start":{"line":148,"column":4},"end":{"line":148,"column":null}},"50":{"start":{"line":149,"column":4},"end":{"line":149,"column":null}},"51":{"start":{"line":150,"column":4},"end":{"line":150,"column":null}},"52":{"start":{"line":153,"column":2},"end":{"line":155,"column":null}},"53":{"start":{"line":154,"column":4},"end":{"line":154,"column":null}},"54":{"start":{"line":157,"column":2},"end":{"line":157,"column":null}},"55":{"start":{"line":158,"column":2},"end":{"line":158,"column":null}},"56":{"start":{"line":160,"column":17},"end":{"line":165,"column":null}},"57":{"start":{"line":167,"column":2},"end":{"line":167,"column":null}},"58":{"start":{"line":174,"column":17},"end":{"line":176,"column":null}},"59":{"start":{"line":178,"column":2},"end":{"line":178,"column":null}}},"fnMap":{"0":{"name":"getAdminByUsername","decl":{"start":{"line":27,"column":22},"end":{"line":27,"column":41}},"loc":{"start":{"line":27,"column":57},"end":{"line":33,"column":null}}},"1":{"name":"getAdminByEmail","decl":{"start":{"line":38,"column":22},"end":{"line":38,"column":38}},"loc":{"start":{"line":38,"column":51},"end":{"line":44,"column":null}}},"2":{"name":"verifyAdminPassword","decl":{"start":{"line":49,"column":22},"end":{"line":49,"column":null}},"loc":{"start":{"line":51,"column":18},"end":{"line":74,"column":null}}},"3":{"name":"createAdmin","decl":{"start":{"line":79,"column":22},"end":{"line":79,"column":34}},"loc":{"start":{"line":79,"column":55},"end":{"line":95,"column":null}}},"4":{"name":"updateLastLogin","decl":{"start":{"line":100,"column":22},"end":{"line":100,"column":38}},"loc":{"start":{"line":100,"column":53},"end":{"line":105,"column":null}}},"5":{"name":"getAllAdmins","decl":{"start":{"line":110,"column":22},"end":{"line":110,"column":null}},"loc":{"start":{"line":110,"column":22},"end":{"line":115,"column":null}}},"6":{"name":"updateAdmin","decl":{"start":{"line":120,"column":22},"end":{"line":120,"column":null}},"loc":{"start":{"line":122,"column":32},"end":{"line":168,"column":null}}},"7":{"name":"deactivateAdmin","decl":{"start":{"line":173,"column":22},"end":{"line":173,"column":38}},"loc":{"start":{"line":173,"column":48},"end":{"line":179,"column":null}}}},"branchMap":{"0":{"loc":{"start":{"line":32,"column":9},"end":{"line":32,"column":null}},"type":"binary-expr","locations":[{"start":{"line":32,"column":9},"end":{"line":32,"column":23}},{"start":{"line":32,"column":27},"end":{"line":32,"column":null}}]},"1":{"loc":{"start":{"line":43,"column":9},"end":{"line":43,"column":null}},"type":"binary-expr","locations":[{"start":{"line":43,"column":9},"end":{"line":43,"column":23}},{"start":{"line":43,"column":27},"end":{"line":43,"column":null}}]},"2":{"loc":{"start":{"line":55,"column":2},"end":{"line":57,"column":null}},"type":"if","locations":[{"start":{"line":55,"column":2},"end":{"line":57,"column":null}}]},"3":{"loc":{"start":{"line":60,"column":2},"end":{"line":63,"column":null}},"type":"if","locations":[{"start":{"line":60,"column":2},"end":{"line":63,"column":null}}]},"4":{"loc":{"start":{"line":60,"column":6},"end":{"line":60,"column":73}},"type":"binary-expr","locations":[{"start":{"line":60,"column":6},"end":{"line":60,"column":48}},{"start":{"line":60,"column":48},"end":{"line":60,"column":73}}]},"5":{"loc":{"start":{"line":68,"column":2},"end":{"line":71,"column":null}},"type":"if","locations":[{"start":{"line":68,"column":2},"end":{"line":71,"column":null}}]},"6":{"loc":{"start":{"line":91,"column":4},"end":{"line":91,"column":null}},"type":"binary-expr","locations":[{"start":{"line":91,"column":4},"end":{"line":91,"column":13}},{"start":{"line":91,"column":17},"end":{"line":91,"column":null}}]},"7":{"loc":{"start":{"line":128,"column":2},"end":{"line":132,"column":null}},"type":"if","locations":[{"start":{"line":128,"column":2},"end":{"line":132,"column":null}}]},"8":{"loc":{"start":{"line":134,"column":2},"end":{"line":138,"column":null}},"type":"if","locations":[{"start":{"line":134,"column":2},"end":{"line":138,"column":null}}]},"9":{"loc":{"start":{"line":140,"column":2},"end":{"line":145,"column":null}},"type":"if","locations":[{"start":{"line":140,"column":2},"end":{"line":145,"column":null}}]},"10":{"loc":{"start":{"line":147,"column":2},"end":{"line":151,"column":null}},"type":"if","locations":[{"start":{"line":147,"column":2},"end":{"line":151,"column":null}}]},"11":{"loc":{"start":{"line":153,"column":2},"end":{"line":155,"column":null}},"type":"if","locations":[{"start":{"line":153,"column":2},"end":{"line":155,"column":null}}]},"12":{"loc":{"start":{"line":167,"column":9},"end":{"line":167,"column":null}},"type":"binary-expr","locations":[{"start":{"line":167,"column":9},"end":{"line":167,"column":23}},{"start":{"line":167,"column":27},"end":{"line":167,"column":null}}]},"13":{"loc":{"start":{"line":178,"column":9},"end":{"line":178,"column":null}},"type":"binary-expr","locations":[{"start":{"line":178,"column":9},"end":{"line":178,"column":37}},{"start":{"line":178,"column":37},"end":{"line":178,"column":null}}]}},"s":{"0":0,"1":0,"2":0,"3":0,"4":0,"5":0,"6":0,"7":0,"8":0,"9":0,"10":0,"11":0,"12":0,"13":0,"14":0,"15":0,"16":0,"17":0,"18":0,"19":0,"20":0,"21":0,"22":0,"23":0,"24":0,"25":0,"26":0,"27":0,"28":0,"29":0,"30":0,"31":0,"32":0,"33":0,"34":0,"35":0,"36":0,"37":0,"38":0,"39":0,"40":0,"41":0,"42":0,"43":0,"44":0,"45":0,"46":0,"47":0,"48":0,"49":0,"50":0,"51":0,"52":0,"53":0,"54":0,"55":0,"56":0,"57":0,"58":0,"59":0},"f":{"0":0,"1":0,"2":0,"3":0,"4":0,"5":0,"6":0,"7":0},"b":{"0":[0,0],"1":[0,0],"2":[0],"3":[0],"4":[0,0],"5":[0],"6":[0,0],"7":[0],"8":[0],"9":[0],"10":[0],"11":[0],"12":[0,0],"13":[0,0]}}
,"C:\\Users\\FAISAL\\Downloads\\Compressed\\limitless-infotech\\lib\\database\\models\\inquiry.ts": {"path":"C:\\Users\\FAISAL\\Downloads\\Compressed\\limitless-infotech\\lib\\database\\models\\inquiry.ts","statementMap":{"0":{"start":{"line":99,"column":22},"end":{"line":99,"column":36}},"1":{"start":{"line":143,"column":22},"end":{"line":143,"column":36}},"2":{"start":{"line":41,"column":22},"end":{"line":41,"column":null}},"3":{"start":{"line":91,"column":22},"end":{"line":91,"column":37}},"4":{"start":{"line":151,"column":22},"end":{"line":151,"column":null}},"5":{"start":{"line":159,"column":22},"end":{"line":159,"column":41}},"6":{"start":{"line":125,"column":22},"end":{"line":125,"column":null}},"7":{"start":{"line":2,"column":22},"end":{"line":2,"column":null}},"8":{"start":{"line":47,"column":17},"end":{"line":47,"column":null}},"9":{"start":{"line":48,"column":20},"end":{"line":48,"column":null}},"10":{"start":{"line":49,"column":24},"end":{"line":49,"column":26}},"11":{"start":{"line":50,"column":19},"end":{"line":50,"column":null}},"12":{"start":{"line":52,"column":2},"end":{"line":56,"column":null}},"13":{"start":{"line":53,"column":4},"end":{"line":53,"column":null}},"14":{"start":{"line":54,"column":4},"end":{"line":54,"column":null}},"15":{"start":{"line":55,"column":4},"end":{"line":55,"column":null}},"16":{"start":{"line":58,"column":2},"end":{"line":62,"column":null}},"17":{"start":{"line":59,"column":4},"end":{"line":59,"column":null}},"18":{"start":{"line":60,"column":4},"end":{"line":60,"column":null}},"19":{"start":{"line":61,"column":4},"end":{"line":61,"column":null}},"20":{"start":{"line":64,"column":21},"end":{"line":64,"column":68}},"21":{"start":{"line":65,"column":20},"end":{"line":70,"column":3}},"22":{"start":{"line":72,"column":2},"end":{"line":72,"column":null}},"23":{"start":{"line":74,"column":36},"end":{"line":77,"column":null}},"24":{"start":{"line":79,"column":2},"end":{"line":85,"column":null}},"25":{"start":{"line":92,"column":17},"end":{"line":92,"column":null}},"26":{"start":{"line":93,"column":2},"end":{"line":93,"column":null}},"27":{"start":{"line":100,"column":17},"end":{"line":117,"column":null}},"28":{"start":{"line":119,"column":2},"end":{"line":119,"column":null}},"29":{"start":{"line":130,"column":17},"end":{"line":135,"column":null}},"30":{"start":{"line":137,"column":2},"end":{"line":137,"column":null}},"31":{"start":{"line":144,"column":17},"end":{"line":144,"column":null}},"32":{"start":{"line":145,"column":2},"end":{"line":145,"column":null}},"33":{"start":{"line":152,"column":17},"end":{"line":152,"column":null}},"34":{"start":{"line":153,"column":2},"end":{"line":153,"column":null}},"35":{"start":{"line":160,"column":17},"end":{"line":165,"column":null}},"36":{"start":{"line":167,"column":2},"end":{"line":167,"column":null}}},"fnMap":{"0":{"name":"getInquiries","decl":{"start":{"line":41,"column":22},"end":{"line":41,"column":null}},"loc":{"start":{"line":45,"column":17},"end":{"line":86,"column":null}}},"1":{"name":"getInquiryById","decl":{"start":{"line":91,"column":22},"end":{"line":91,"column":37}},"loc":{"start":{"line":91,"column":47},"end":{"line":94,"column":null}}},"2":{"name":"createInquiry","decl":{"start":{"line":99,"column":22},"end":{"line":99,"column":36}},"loc":{"start":{"line":99,"column":59},"end":{"line":120,"column":null}}},"3":{"name":"updateInquiryStatus","decl":{"start":{"line":125,"column":22},"end":{"line":125,"column":null}},"loc":{"start":{"line":128,"column":16},"end":{"line":138,"column":null}}},"4":{"name":"deleteInquiry","decl":{"start":{"line":143,"column":22},"end":{"line":143,"column":36}},"loc":{"start":{"line":143,"column":46},"end":{"line":146,"column":null}}},"5":{"name":"getInquiryStats","decl":{"start":{"line":151,"column":22},"end":{"line":151,"column":null}},"loc":{"start":{"line":151,"column":22},"end":{"line":154,"column":null}}},"6":{"name":"markInquiryReplied","decl":{"start":{"line":159,"column":22},"end":{"line":159,"column":41}},"loc":{"start":{"line":159,"column":51},"end":{"line":168,"column":null}}}},"branchMap":{"0":{"loc":{"start":{"line":42,"column":2},"end":{"line":42,"column":18}},"type":"default-arg","locations":[{"start":{"line":42,"column":17},"end":{"line":42,"column":18}}]},"1":{"loc":{"start":{"line":43,"column":2},"end":{"line":43,"column":20}},"type":"default-arg","locations":[{"start":{"line":43,"column":18},"end":{"line":43,"column":20}}]},"2":{"loc":{"start":{"line":52,"column":2},"end":{"line":56,"column":null}},"type":"if","locations":[{"start":{"line":52,"column":2},"end":{"line":56,"column":null}}]},"3":{"loc":{"start":{"line":52,"column":6},"end":{"line":52,"column":34}},"type":"binary-expr","locations":[{"start":{"line":52,"column":6},"end":{"line":52,"column":16}},{"start":{"line":52,"column":16},"end":{"line":52,"column":34}}]},"4":{"loc":{"start":{"line":58,"column":2},"end":{"line":62,"column":null}},"type":"if","locations":[{"start":{"line":58,"column":2},"end":{"line":62,"column":null}}]},"5":{"loc":{"start":{"line":93,"column":9},"end":{"line":93,"column":null}},"type":"binary-expr","locations":[{"start":{"line":93,"column":9},"end":{"line":93,"column":23}},{"start":{"line":93,"column":27},"end":{"line":93,"column":null}}]},"6":{"loc":{"start":{"line":137,"column":9},"end":{"line":137,"column":null}},"type":"binary-expr","locations":[{"start":{"line":137,"column":9},"end":{"line":137,"column":23}},{"start":{"line":137,"column":27},"end":{"line":137,"column":null}}]},"7":{"loc":{"start":{"line":145,"column":9},"end":{"line":145,"column":null}},"type":"binary-expr","locations":[{"start":{"line":145,"column":9},"end":{"line":145,"column":37}},{"start":{"line":145,"column":37},"end":{"line":145,"column":null}}]},"8":{"loc":{"start":{"line":167,"column":9},"end":{"line":167,"column":null}},"type":"binary-expr","locations":[{"start":{"line":167,"column":9},"end":{"line":167,"column":23}},{"start":{"line":167,"column":27},"end":{"line":167,"column":null}}]}},"s":{"0":0,"1":0,"2":0,"3":0,"4":0,"5":0,"6":0,"7":0,"8":0,"9":0,"10":0,"11":0,"12":0,"13":0,"14":0,"15":0,"16":0,"17":0,"18":0,"19":0,"20":0,"21":0,"22":0,"23":0,"24":0,"25":0,"26":0,"27":0,"28":0,"29":0,"30":0,"31":0,"32":0,"33":0,"34":0,"35":0,"36":0},"f":{"0":0,"1":0,"2":0,"3":0,"4":0,"5":0,"6":0},"b":{"0":[0],"1":[0],"2":[0],"3":[0,0],"4":[0],"5":[0,0],"6":[0,0],"7":[0,0],"8":[0,0]}}
}
