TN:
SF:app\layout.tsx
FN:74,RootLayout
FNF:1
FNH:0
FNDA:0,RootLayout
DA:1,0
DA:3,0
DA:4,0
DA:5,0
DA:6,0
DA:7,0
DA:8,0
DA:9,0
DA:10,0
DA:11,0
DA:12,0
DA:13,0
DA:14,0
DA:15,0
DA:16,0
DA:18,0
DA:74,0
LF:17
LH:0
BRDA:93,0,0,0
BRF:1
BRH:0
end_of_record
TN:
SF:app\loading.tsx
FN:1,Loading
FNF:1
FNH:0
FNDA:0,Loading
DA:1,0
LF:1
LH:0
BRF:0
BRH:0
end_of_record
TN:
SF:app\not-found.tsx
FN:6,NotFound
FN:75,(anonymous_3)
FNF:2
FNH:0
FNDA:0,NotFound
FNDA:0,(anonymous_3)
DA:2,0
DA:3,0
DA:4,0
DA:6,0
DA:76,0
LF:5
LH:0
BRF:0
BRH:0
end_of_record
TN:
SF:app\page.tsx
FN:6,(anonymous_5)
FN:6,(anonymous_6)
FN:10,(anonymous_9)
FN:10,(anonymous_10)
FN:14,(anonymous_13)
FN:14,(anonymous_14)
FN:18,(anonymous_17)
FN:18,(anonymous_18)
FN:22,(anonymous_21)
FN:22,(anonymous_22)
FN:26,(anonymous_25)
FN:26,(anonymous_26)
FN:30,(anonymous_29)
FN:30,(anonymous_30)
FN:34,(anonymous_33)
FN:34,(anonymous_34)
FN:38,(anonymous_37)
FN:38,(anonymous_38)
FN:42,Home
FNF:19
FNH:0
FNDA:0,(anonymous_5)
FNDA:0,(anonymous_6)
FNDA:0,(anonymous_9)
FNDA:0,(anonymous_10)
FNDA:0,(anonymous_13)
FNDA:0,(anonymous_14)
FNDA:0,(anonymous_17)
FNDA:0,(anonymous_18)
FNDA:0,(anonymous_21)
FNDA:0,(anonymous_22)
FNDA:0,(anonymous_25)
FNDA:0,(anonymous_26)
FNDA:0,(anonymous_29)
FNDA:0,(anonymous_30)
FNDA:0,(anonymous_33)
FNDA:0,(anonymous_34)
FNDA:0,(anonymous_37)
FNDA:0,(anonymous_38)
FNDA:0,Home
DA:1,0
DA:2,0
DA:3,0
DA:6,0
DA:10,0
DA:14,0
DA:18,0
DA:22,0
DA:26,0
DA:30,0
DA:34,0
DA:38,0
DA:42,0
LF:13
LH:0
BRF:0
BRH:0
end_of_record
TN:
SF:app\robots.ts
FN:3,robots
FNF:1
FNH:0
FNDA:0,robots
DA:3,0
DA:4,0
LF:2
LH:0
BRF:0
BRH:0
end_of_record
TN:
SF:app\sitemap.ts
FN:3,sitemap
FNF:1
FNH:0
FNDA:0,sitemap
DA:3,0
DA:4,0
DA:6,0
LF:3
LH:0
BRF:0
BRH:0
end_of_record
TN:
SF:app\template.tsx
FN:5,Template
FNF:1
FNH:0
FNDA:0,Template
DA:2,0
DA:5,0
LF:2
LH:0
BRF:0
BRH:0
end_of_record
TN:
SF:app\about\page.tsx
FN:9,AboutPage
FN:65,(anonymous_4)
FN:172,(anonymous_5)
FN:205,(anonymous_6)
FNF:4
FNH:0
FNDA:0,AboutPage
FNDA:0,(anonymous_4)
FNDA:0,(anonymous_5)
FNDA:0,(anonymous_6)
DA:2,0
DA:4,0
DA:9,0
DA:10,0
DA:17,0
DA:40,0
DA:66,0
DA:173,0
DA:206,0
LF:9
LH:0
BRF:0
BRH:0
end_of_record
TN:
SF:app\admin\layout.tsx
FN:12,AdminLayout
FN:24,(anonymous_3)
FN:38,(anonymous_4)
FN:52,(anonymous_5)
FN:142,(anonymous_6)
FN:151,(anonymous_7)
FN:163,(anonymous_8)
FNF:7
FNH:0
FNDA:0,AdminLayout
FNDA:0,(anonymous_3)
FNDA:0,(anonymous_4)
FNDA:0,(anonymous_5)
FNDA:0,(anonymous_6)
FNDA:0,(anonymous_7)
FNDA:0,(anonymous_8)
DA:3,0
DA:4,0
DA:5,0
DA:6,0
DA:10,0
DA:12,0
DA:17,0
DA:18,0
DA:19,0
DA:20,0
DA:24,0
DA:26,0
DA:27,0
DA:28,0
DA:29,0
DA:30,0
DA:34,0
DA:38,0
DA:39,0
DA:40,0
DA:45,0
DA:46,0
DA:48,0
DA:52,0
DA:53,0
DA:54,0
DA:57,0
DA:89,0
DA:93,0
DA:94,0
DA:142,0
DA:152,0
DA:164,0
DA:166,0
LF:34
LH:0
BRDA:26,0,0,0
BRDA:28,1,0,0
BRDA:46,2,0,0
BRDA:46,2,1,0
BRDA:89,3,0,0
BRDA:93,4,0,0
BRDA:93,4,1,0
BRDA:94,5,0,0
BRDA:94,5,1,0
BRDA:101,6,0,0
BRDA:101,6,1,0
BRDA:107,7,0,0
BRDA:107,7,1,0
BRDA:145,8,0,0
BRDA:153,9,0,0
BRDA:164,10,0,0
BRDA:164,10,1,0
BRDA:169,11,0,0
BRDA:169,11,1,0
BRDA:169,12,0,0
BRDA:169,12,1,0
BRDA:171,13,0,0
BRDA:171,13,1,0
BRDA:172,14,0,0
BRDA:172,14,1,0
BRDA:177,15,0,0
BRDA:177,15,1,0
BRDA:178,16,0,0
BRDA:178,16,1,0
BRDA:182,17,0,0
BRDA:194,18,0,0
BRDA:194,18,1,0
BRDA:198,19,0,0
BRDA:198,19,1,0
BRDA:205,20,0,0
BRDA:226,21,0,0
BRDA:226,21,1,0
BRDA:230,22,0,0
BRDA:248,23,0,0
BRDA:248,23,1,0
BRF:40
BRH:0
end_of_record
TN:
SF:app\admin\page.tsx
FN:9,AdminLogin
FN:19,(anonymous_2)
FN:89,(anonymous_3)
FN:107,(anonymous_4)
FN:114,(anonymous_5)
FNF:5
FNH:0
FNDA:0,AdminLogin
FNDA:0,(anonymous_2)
FNDA:0,(anonymous_3)
FNDA:0,(anonymous_4)
FNDA:0,(anonymous_5)
DA:2,0
DA:3,0
DA:6,0
DA:7,0
DA:9,0
DA:10,0
DA:11,0
DA:15,0
DA:16,0
DA:17,0
DA:19,0
DA:20,0
DA:21,0
DA:22,0
DA:24,0
DA:25,0
DA:31,0
DA:33,0
DA:34,0
DA:35,0
DA:37,0
DA:40,0
DA:42,0
DA:89,0
DA:107,0
DA:114,0
LF:26
LH:0
BRDA:33,0,0,0
BRDA:33,0,1,0
BRDA:37,1,0,0
BRDA:37,1,1,0
BRDA:105,2,0,0
BRDA:105,2,1,0
BRDA:117,3,0,0
BRDA:117,3,1,0
BRDA:123,4,0,0
BRDA:141,5,0,0
BRDA:141,5,1,0
BRF:11
BRH:0
end_of_record
TN:
SF:app\admin\activity\page.tsx
FN:17,ActivityLogPage
FN:24,(anonymous_3)
FN:34,(anonymous_4)
FN:54,(anonymous_5)
FN:60,(anonymous_6)
FN:73,(anonymous_7)
FN:143,(anonymous_8)
FN:157,(anonymous_9)
FN:171,(anonymous_10)
FN:189,(anonymous_11)
FN:196,(anonymous_12)
FN:206,(anonymous_13)
FN:216,(anonymous_14)
FN:226,(anonymous_15)
FN:254,(anonymous_16)
FNF:15
FNH:0
FNDA:0,ActivityLogPage
FNDA:0,(anonymous_3)
FNDA:0,(anonymous_4)
FNDA:0,(anonymous_5)
FNDA:0,(anonymous_6)
FNDA:0,(anonymous_7)
FNDA:0,(anonymous_8)
FNDA:0,(anonymous_9)
FNDA:0,(anonymous_10)
FNDA:0,(anonymous_11)
FNDA:0,(anonymous_12)
FNDA:0,(anonymous_13)
FNDA:0,(anonymous_14)
FNDA:0,(anonymous_15)
FNDA:0,(anonymous_16)
DA:3,0
DA:4,0
DA:5,0
DA:17,0
DA:18,0
DA:19,0
DA:20,0
DA:21,0
DA:22,0
DA:24,0
DA:25,0
DA:26,0
DA:27,0
DA:28,0
DA:31,0
DA:34,0
DA:35,0
DA:36,0
DA:37,0
DA:43,0
DA:44,0
DA:45,0
DA:48,0
DA:50,0
DA:54,0
DA:55,0
DA:56,0
DA:57,0
DA:60,0
DA:61,0
DA:63,0
DA:65,0
DA:67,0
DA:69,0
DA:73,0
DA:74,0
DA:76,0
DA:78,0
DA:80,0
DA:82,0
DA:86,0
DA:143,0
DA:157,0
DA:171,0
DA:189,0
DA:196,0
DA:206,0
DA:216,0
DA:226,0
DA:255,0
LF:50
LH:0
BRDA:26,0,0,0
BRDA:43,1,0,0
BRDA:45,2,0,0
BRDA:45,2,1,0
BRDA:55,3,0,0
BRDA:55,3,1,0
BRDA:57,4,0,0
BRDA:57,4,1,0
BRDA:61,5,0,0
BRDA:61,5,1,0
BRDA:61,5,2,0
BRDA:61,5,3,0
BRDA:74,6,0,0
BRDA:74,6,1,0
BRDA:74,6,2,0
BRDA:74,6,3,0
BRDA:86,7,0,0
BRDA:198,8,0,0
BRDA:198,8,1,0
BRDA:208,9,0,0
BRDA:208,9,1,0
BRDA:218,10,0,0
BRDA:218,10,1,0
BRDA:228,11,0,0
BRDA:228,11,1,0
BRDA:241,12,0,0
BRDA:249,13,0,0
BRDA:249,13,1,0
BRDA:261,14,0,0
BRDA:261,14,1,0
BRDA:262,15,0,0
BRDA:262,15,1,0
BRDA:276,16,0,0
BRDA:287,17,0,0
BRDA:287,17,1,0
BRF:35
BRH:0
end_of_record
TN:
SF:app\admin\analytics\page.tsx
FN:60,AnalyticsPage
FN:66,(anonymous_3)
FN:76,(anonymous_4)
FN:109,(anonymous_5)
FN:113,(anonymous_6)
FN:179,(anonymous_7)
FN:304,(anonymous_8)
FNF:7
FNH:0
FNDA:0,AnalyticsPage
FNDA:0,(anonymous_3)
FNDA:0,(anonymous_4)
FNDA:0,(anonymous_5)
FNDA:0,(anonymous_6)
FNDA:0,(anonymous_7)
FNDA:0,(anonymous_8)
DA:3,0
DA:4,0
DA:5,0
DA:6,0
DA:19,0
DA:22,0
DA:60,0
DA:61,0
DA:62,0
DA:63,0
DA:64,0
DA:66,0
DA:67,0
DA:68,0
DA:69,0
DA:70,0
DA:73,0
DA:76,0
DA:77,0
DA:78,0
DA:79,0
DA:85,0
DA:86,0
DA:87,0
DA:90,0
DA:92,0
DA:96,0
DA:108,0
DA:109,0
DA:113,0
DA:122,0
DA:138,0
DA:151,0
DA:179,0
DA:305,0
LF:35
LH:0
BRDA:68,0,0,0
BRDA:85,1,0,0
BRDA:96,2,0,0
BRDA:96,3,0,0
BRDA:96,3,1,0
BRF:5
BRH:0
end_of_record
TN:
SF:app\admin\blog\page.tsx
FN:19,BlogManagementPage
FN:26,(anonymous_3)
FN:37,(anonymous_4)
FN:57,(anonymous_5)
FN:70,(anonymous_6)
FN:77,(anonymous_7)
FN:137,(anonymous_8)
FN:145,(anonymous_9)
FN:155,(anonymous_10)
FN:162,(anonymous_11)
FN:165,(anonymous_12)
FN:172,(anonymous_13)
FN:199,(anonymous_14)
FN:258,(anonymous_15)
FNF:14
FNH:0
FNDA:0,BlogManagementPage
FNDA:0,(anonymous_3)
FNDA:0,(anonymous_4)
FNDA:0,(anonymous_5)
FNDA:0,(anonymous_6)
FNDA:0,(anonymous_7)
FNDA:0,(anonymous_8)
FNDA:0,(anonymous_9)
FNDA:0,(anonymous_10)
FNDA:0,(anonymous_11)
FNDA:0,(anonymous_12)
FNDA:0,(anonymous_13)
FNDA:0,(anonymous_14)
FNDA:0,(anonymous_15)
DA:3,0
DA:4,0
DA:5,0
DA:19,0
DA:20,0
DA:21,0
DA:22,0
DA:23,0
DA:24,0
DA:26,0
DA:28,0
DA:29,0
DA:30,0
DA:31,0
DA:34,0
DA:37,0
DA:38,0
DA:39,0
DA:40,0
DA:46,0
DA:47,0
DA:48,0
DA:51,0
DA:53,0
DA:57,0
DA:58,0
DA:60,0
DA:61,0
DA:62,0
DA:69,0
DA:70,0
DA:73,0
DA:77,0
DA:78,0
DA:79,0
DA:81,0
DA:84,0
DA:137,0
DA:145,0
DA:155,0
DA:162,0
DA:165,0
DA:172,0
DA:200,0
DA:258,0
LF:45
LH:0
BRDA:29,0,0,0
BRDA:46,1,0,0
BRDA:48,2,0,0
BRDA:48,2,1,0
BRDA:58,3,0,0
BRDA:69,4,0,0
BRDA:78,5,0,0
BRDA:78,5,1,0
BRDA:79,6,0,0
BRDA:79,6,1,0
BRDA:81,7,0,0
BRDA:81,7,1,0
BRDA:84,8,0,0
BRDA:147,9,0,0
BRDA:147,9,1,0
BRDA:157,10,0,0
BRDA:157,10,1,0
BRDA:167,11,0,0
BRDA:167,11,1,0
BRDA:180,12,0,0
BRDA:188,13,0,0
BRDA:188,13,1,0
BRDA:212,14,0,0
BRDA:212,14,1,0
BRDA:232,15,0,0
BRF:25
BRH:0
end_of_record
TN:
SF:app\admin\blog\new\page.tsx
FN:7,NewBlogPostPage
FN:24,(anonymous_3)
FN:33,(anonymous_4)
FN:39,(anonymous_5)
FN:43,(anonymous_6)
FN:58,(anonymous_7)
FN:118,(anonymous_8)
FN:133,(anonymous_9)
FN:150,(anonymous_10)
FN:165,(anonymous_11)
FN:186,(anonymous_12)
FN:202,(anonymous_13)
FN:218,(anonymous_14)
FN:242,(anonymous_15)
FN:254,(anonymous_16)
FN:268,(anonymous_17)
FN:286,(anonymous_18)
FN:294,(anonymous_19)
FNF:18
FNH:0
FNDA:0,NewBlogPostPage
FNDA:0,(anonymous_3)
FNDA:0,(anonymous_4)
FNDA:0,(anonymous_5)
FNDA:0,(anonymous_6)
FNDA:0,(anonymous_7)
FNDA:0,(anonymous_8)
FNDA:0,(anonymous_9)
FNDA:0,(anonymous_10)
FNDA:0,(anonymous_11)
FNDA:0,(anonymous_12)
FNDA:0,(anonymous_13)
FNDA:0,(anonymous_14)
FNDA:0,(anonymous_15)
FNDA:0,(anonymous_16)
FNDA:0,(anonymous_17)
FNDA:0,(anonymous_18)
FNDA:0,(anonymous_19)
DA:3,0
DA:4,0
DA:5,0
DA:7,0
DA:8,0
DA:9,0
DA:10,0
DA:24,0
DA:26,0
DA:27,0
DA:28,0
DA:33,0
DA:34,0
DA:35,0
DA:39,0
DA:43,0
DA:44,0
DA:45,0
DA:47,0
DA:48,0
DA:49,0
DA:58,0
DA:62,0
DA:63,0
DA:65,0
DA:68,0
DA:69,0
DA:71,0
DA:118,0
DA:133,0
DA:150,0
DA:165,0
DA:186,0
DA:202,0
DA:218,0
DA:242,0
DA:254,0
DA:268,0
DA:286,0
DA:294,0
LF:40
LH:0
BRDA:27,0,0,0
BRDA:34,1,0,0
BRDA:34,2,0,0
BRDA:34,2,1,0
BRDA:62,3,0,0
BRDA:62,3,1,0
BRDA:138,4,0,0
BRDA:138,4,1,0
BRDA:290,5,0,0
BRDA:290,5,1,0
BRDA:298,6,0,0
BRDA:298,6,1,0
BRF:12
BRH:0
end_of_record
TN:
SF:app\admin\dashboard\page.tsx
FN:10,AdminDashboard
FN:18,(anonymous_3)
FN:22,(anonymous_4)
FN:91,(anonymous_5)
FN:137,(anonymous_6)
FN:174,(anonymous_7)
FNF:6
FNH:0
FNDA:0,AdminDashboard
FNDA:0,(anonymous_3)
FNDA:0,(anonymous_4)
FNDA:0,(anonymous_5)
FNDA:0,(anonymous_6)
FNDA:0,(anonymous_7)
DA:2,0
DA:3,0
DA:7,0
DA:8,0
DA:10,0
DA:11,0
DA:18,0
DA:19,0
DA:22,0
DA:23,0
DA:24,0
DA:29,0
DA:30,0
DA:32,0
DA:36,0
DA:92,0
DA:138,0
DA:175,0
LF:18
LH:0
BRF:0
BRH:0
end_of_record
TN:
SF:app\admin\inquiries\page.tsx
FN:22,InquiriesPage
FN:30,(anonymous_3)
FN:34,(anonymous_4)
FN:38,(anonymous_5)
FN:54,(anonymous_6)
FN:58,(anonymous_7)
FN:62,(anonymous_8)
FN:72,(anonymous_9)
FN:88,(anonymous_10)
FN:140,(anonymous_11)
FN:151,(anonymous_12)
FN:202,(anonymous_13)
FN:244,(anonymous_14)
FN:253,(anonymous_15)
FN:279,(anonymous_16)
FN:296,(anonymous_17)
FN:353,(anonymous_18)
FN:358,(anonymous_19)
FNF:18
FNH:0
FNDA:0,InquiriesPage
FNDA:0,(anonymous_3)
FNDA:0,(anonymous_4)
FNDA:0,(anonymous_5)
FNDA:0,(anonymous_6)
FNDA:0,(anonymous_7)
FNDA:0,(anonymous_8)
FNDA:0,(anonymous_9)
FNDA:0,(anonymous_10)
FNDA:0,(anonymous_11)
FNDA:0,(anonymous_12)
FNDA:0,(anonymous_13)
FNDA:0,(anonymous_14)
FNDA:0,(anonymous_15)
FNDA:0,(anonymous_16)
FNDA:0,(anonymous_17)
FNDA:0,(anonymous_18)
FNDA:0,(anonymous_19)
DA:2,0
DA:3,0
DA:7,0
DA:8,0
DA:22,0
DA:23,0
DA:24,0
DA:25,0
DA:26,0
DA:27,0
DA:28,0
DA:30,0
DA:31,0
DA:34,0
DA:35,0
DA:38,0
DA:39,0
DA:40,0
DA:45,0
DA:46,0
DA:48,0
DA:50,0
DA:54,0
DA:55,0
DA:57,0
DA:58,0
DA:61,0
DA:62,0
DA:63,0
DA:69,0
DA:72,0
DA:73,0
DA:74,0
DA:82,0
DA:84,0
DA:88,0
DA:89,0
DA:91,0
DA:92,0
DA:98,0
DA:100,0
DA:104,0
DA:111,0
DA:140,0
DA:151,0
DA:203,0
DA:204,0
DA:244,0
DA:253,0
DA:279,0
DA:296,0
DA:354,0
DA:359,0
DA:360,0
LF:54
LH:0
BRDA:57,0,0,0
BRDA:61,1,0,0
BRDA:63,2,0,0
BRDA:63,2,1,0
BRDA:63,2,2,0
BRDA:89,3,0,0
BRDA:167,4,0,0
BRDA:172,5,0,0
BRDA:225,6,0,0
BRDA:225,6,1,0
BRDA:273,7,0,0
BRDA:321,8,0,0
BRDA:363,9,0,0
BRDA:363,9,1,0
BRF:14
BRH:0
end_of_record
TN:
SF:app\admin\newsletter\page.tsx
FN:17,NewsletterManagementPage
FN:25,(anonymous_3)
FN:36,(anonymous_4)
FN:56,(anonymous_5)
FN:59,(anonymous_6)
FN:72,(anonymous_7)
FN:85,(anonymous_8)
FN:92,(anonymous_9)
FN:101,(anonymous_10)
FN:102,(anonymous_11)
FN:204,(anonymous_12)
FN:212,(anonymous_13)
FN:222,(anonymous_14)
FN:232,(anonymous_15)
FN:284,(anonymous_16)
FN:311,(anonymous_17)
FNF:16
FNH:0
FNDA:0,NewsletterManagementPage
FNDA:0,(anonymous_3)
FNDA:0,(anonymous_4)
FNDA:0,(anonymous_5)
FNDA:0,(anonymous_6)
FNDA:0,(anonymous_7)
FNDA:0,(anonymous_8)
FNDA:0,(anonymous_9)
FNDA:0,(anonymous_10)
FNDA:0,(anonymous_11)
FNDA:0,(anonymous_12)
FNDA:0,(anonymous_13)
FNDA:0,(anonymous_14)
FNDA:0,(anonymous_15)
FNDA:0,(anonymous_16)
FNDA:0,(anonymous_17)
DA:3,0
DA:4,0
DA:5,0
DA:17,0
DA:18,0
DA:19,0
DA:20,0
DA:21,0
DA:22,0
DA:23,0
DA:25,0
DA:27,0
DA:28,0
DA:29,0
DA:30,0
DA:33,0
DA:36,0
DA:37,0
DA:38,0
DA:39,0
DA:45,0
DA:46,0
DA:47,0
DA:50,0
DA:52,0
DA:56,0
DA:57,0
DA:60,0
DA:64,0
DA:65,0
DA:66,0
DA:67,0
DA:68,0
DA:69,0
DA:72,0
DA:73,0
DA:75,0
DA:76,0
DA:77,0
DA:84,0
DA:85,0
DA:88,0
DA:92,0
DA:93,0
DA:94,0
DA:96,0
DA:99,0
DA:101,0
DA:102,0
DA:105,0
DA:204,0
DA:212,0
DA:222,0
DA:232,0
DA:285,0
DA:311,0
LF:56
LH:0
BRDA:28,0,0,0
BRDA:45,1,0,0
BRDA:47,2,0,0
BRDA:47,2,1,0
BRDA:60,3,0,0
BRDA:60,3,1,0
BRDA:73,4,0,0
BRDA:84,5,0,0
BRDA:93,6,0,0
BRDA:93,6,1,0
BRDA:94,7,0,0
BRDA:94,7,1,0
BRDA:94,7,2,0
BRDA:96,8,0,0
BRDA:96,8,1,0
BRDA:105,9,0,0
BRDA:214,10,0,0
BRDA:214,10,1,0
BRDA:224,11,0,0
BRDA:224,11,1,0
BRDA:234,12,0,0
BRDA:234,12,1,0
BRDA:247,13,0,0
BRDA:255,14,0,0
BRDA:255,14,1,0
BRDA:290,15,0,0
BRDA:290,15,1,0
BRDA:295,16,0,0
BRDA:295,16,1,0
BRF:29
BRH:0
end_of_record
TN:
SF:app\admin\smtp\page.tsx
FN:19,SMTPConfigPage
FN:33,(anonymous_3)
FN:37,(anonymous_4)
FN:53,(anonymous_5)
FN:77,(anonymous_6)
FN:138,(anonymous_7)
FN:152,(anonymous_8)
FN:165,(anonymous_9)
FN:190,(anonymous_10)
FN:204,(anonymous_11)
FN:230,(anonymous_12)
FN:244,(anonymous_13)
FN:279,(anonymous_14)
FNF:13
FNH:0
FNDA:0,SMTPConfigPage
FNDA:0,(anonymous_3)
FNDA:0,(anonymous_4)
FNDA:0,(anonymous_5)
FNDA:0,(anonymous_6)
FNDA:0,(anonymous_7)
FNDA:0,(anonymous_8)
FNDA:0,(anonymous_9)
FNDA:0,(anonymous_10)
FNDA:0,(anonymous_11)
FNDA:0,(anonymous_12)
FNDA:0,(anonymous_13)
FNDA:0,(anonymous_14)
DA:2,0
DA:3,0
DA:6,0
DA:7,0
DA:19,0
DA:20,0
DA:29,0
DA:30,0
DA:31,0
DA:33,0
DA:34,0
DA:37,0
DA:38,0
DA:39,0
DA:44,0
DA:45,0
DA:46,0
DA:49,0
DA:53,0
DA:54,0
DA:55,0
DA:56,0
DA:65,0
DA:66,0
DA:68,0
DA:71,0
DA:73,0
DA:77,0
DA:78,0
DA:79,0
DA:80,0
DA:83,0
DA:84,0
DA:85,0
DA:94,0
DA:95,0
DA:97,0
DA:100,0
DA:102,0
DA:138,0
DA:152,0
DA:165,0
DA:190,0
DA:204,0
DA:230,0
DA:244,0
DA:279,0
LF:47
LH:0
BRDA:45,0,0,0
BRDA:65,1,0,0
BRDA:65,1,1,0
BRDA:78,2,0,0
BRDA:94,3,0,0
BRDA:94,3,1,0
BRDA:262,4,0,0
BRDA:262,4,1,0
BRDA:290,5,0,0
BRDA:290,5,1,0
BRF:10
BRH:0
end_of_record
TN:
SF:app\admin\webmail\page.tsx
FN:20,WebmailPage
FN:36,(anonymous_3)
FN:46,(anonymous_4)
FN:66,(anonymous_5)
FN:88,(anonymous_6)
FN:106,(anonymous_7)
FN:121,(anonymous_8)
FN:128,(anonymous_9)
FN:129,(anonymous_10)
FN:130,(anonymous_11)
FN:131,(anonymous_12)
FN:132,(anonymous_13)
FN:133,(anonymous_14)
FN:168,(anonymous_15)
FN:193,(anonymous_16)
FN:212,(anonymous_17)
FN:227,(anonymous_18)
FN:242,(anonymous_19)
FN:257,(anonymous_20)
FN:298,(anonymous_21)
FN:316,(anonymous_22)
FN:319,(anonymous_23)
FN:326,(anonymous_24)
FN:374,(anonymous_25)
FN:385,(anonymous_26)
FN:427,(anonymous_27)
FN:459,(anonymous_28)
FN:502,(anonymous_29)
FN:517,(anonymous_30)
FN:530,(anonymous_31)
FN:543,(anonymous_32)
FN:555,(anonymous_33)
FN:565,(anonymous_34)
FNF:33
FNH:0
FNDA:0,WebmailPage
FNDA:0,(anonymous_3)
FNDA:0,(anonymous_4)
FNDA:0,(anonymous_5)
FNDA:0,(anonymous_6)
FNDA:0,(anonymous_7)
FNDA:0,(anonymous_8)
FNDA:0,(anonymous_9)
FNDA:0,(anonymous_10)
FNDA:0,(anonymous_11)
FNDA:0,(anonymous_12)
FNDA:0,(anonymous_13)
FNDA:0,(anonymous_14)
FNDA:0,(anonymous_15)
FNDA:0,(anonymous_16)
FNDA:0,(anonymous_17)
FNDA:0,(anonymous_18)
FNDA:0,(anonymous_19)
FNDA:0,(anonymous_20)
FNDA:0,(anonymous_21)
FNDA:0,(anonymous_22)
FNDA:0,(anonymous_23)
FNDA:0,(anonymous_24)
FNDA:0,(anonymous_25)
FNDA:0,(anonymous_26)
FNDA:0,(anonymous_27)
FNDA:0,(anonymous_28)
FNDA:0,(anonymous_29)
FNDA:0,(anonymous_30)
FNDA:0,(anonymous_31)
FNDA:0,(anonymous_32)
FNDA:0,(anonymous_33)
FNDA:0,(anonymous_34)
DA:3,0
DA:4,0
DA:5,0
DA:20,0
DA:21,0
DA:22,0
DA:23,0
DA:24,0
DA:25,0
DA:26,0
DA:27,0
DA:28,0
DA:36,0
DA:37,0
DA:38,0
DA:39,0
DA:40,0
DA:43,0
DA:46,0
DA:47,0
DA:48,0
DA:49,0
DA:55,0
DA:56,0
DA:57,0
DA:60,0
DA:62,0
DA:66,0
DA:67,0
DA:68,0
DA:69,0
DA:78,0
DA:79,0
DA:80,0
DA:81,0
DA:84,0
DA:88,0
DA:89,0
DA:91,0
DA:92,0
DA:93,0
DA:99,0
DA:100,0
DA:102,0
DA:106,0
DA:107,0
DA:108,0
DA:109,0
DA:115,0
DA:117,0
DA:121,0
DA:122,0
DA:127,0
DA:128,0
DA:129,0
DA:130,0
DA:131,0
DA:132,0
DA:133,0
DA:136,0
DA:168,0
DA:193,0
DA:212,0
DA:227,0
DA:242,0
DA:257,0
DA:298,0
DA:317,0
DA:319,0
DA:327,0
DA:328,0
DA:374,0
DA:385,0
DA:428,0
DA:460,0
DA:461,0
DA:502,0
DA:517,0
DA:530,0
DA:543,0
DA:555,0
DA:565,0
LF:82
LH:0
BRDA:38,0,0,0
BRDA:55,1,0,0
BRDA:57,2,0,0
BRDA:57,2,1,0
BRDA:78,3,0,0
BRDA:89,4,0,0
BRDA:122,5,0,0
BRDA:122,5,1,0
BRDA:122,5,2,0
BRDA:133,6,0,0
BRDA:133,6,1,0
BRDA:136,7,0,0
BRDA:195,8,0,0
BRDA:195,8,1,0
BRDA:204,9,0,0
BRDA:214,10,0,0
BRDA:214,10,1,0
BRDA:229,11,0,0
BRDA:229,11,1,0
BRDA:244,12,0,0
BRDA:244,12,1,0
BRDA:259,13,0,0
BRDA:259,13,1,0
BRDA:306,14,0,0
BRDA:306,14,1,0
BRDA:312,15,0,0
BRDA:312,15,1,0
BRDA:321,16,0,0
BRDA:321,16,1,0
BRDA:322,17,0,0
BRDA:322,17,1,0
BRDA:333,18,0,0
BRDA:333,18,1,0
BRDA:335,19,0,0
BRDA:335,19,1,0
BRDA:365,20,0,0
BRDA:379,21,0,0
BRDA:379,21,1,0
BRDA:381,22,0,0
BRDA:381,22,1,0
BRDA:421,23,0,0
BRDA:421,23,1,0
BRDA:494,24,0,0
BRF:43
BRH:0
end_of_record
TN:
SF:app\api\admin\activity\route.ts
FN:5,GET
FN:49,POST
FNF:2
FNH:0
FNDA:0,GET
FNDA:0,POST
DA:1,0
DA:2,0
DA:3,0
DA:5,0
DA:6,0
DA:8,0
DA:9,0
DA:10,0
DA:16,0
DA:17,0
DA:18,0
DA:20,0
DA:21,0
DA:22,0
DA:24,0
DA:25,0
DA:26,0
DA:27,0
DA:30,0
DA:32,0
DA:39,0
DA:41,0
DA:42,0
DA:49,0
DA:50,0
DA:52,0
DA:53,0
DA:54,0
DA:55,0
DA:61,0
DA:62,0
DA:66,0
DA:77,0
DA:82,0
DA:83,0
LF:35
LH:0
BRDA:9,0,0,0
BRDA:9,1,0,0
BRDA:9,1,1,0
BRDA:17,2,0,0
BRDA:17,2,1,0
BRDA:24,3,0,0
BRDA:24,4,0,0
BRDA:24,4,1,0
BRDA:54,5,0,0
BRDA:54,6,0,0
BRDA:54,6,1,0
BRDA:62,7,0,0
BRDA:62,7,1,0
BRDA:62,7,2,0
BRDA:71,8,0,0
BRDA:71,8,1,0
BRDA:73,9,0,0
BRDA:73,9,1,0
BRF:18
BRH:0
end_of_record
TN:
SF:app\api\admin\analytics\route.ts
FN:5,GET
FN:105,(anonymous_2)
FN:109,(anonymous_3)
FN:113,(anonymous_4)
FN:121,(anonymous_5)
FN:129,(anonymous_6)
FNF:6
FNH:0
FNDA:0,GET
FNDA:0,(anonymous_2)
FNDA:0,(anonymous_3)
FNDA:0,(anonymous_4)
FNDA:0,(anonymous_5)
FNDA:0,(anonymous_6)
DA:1,0
DA:2,0
DA:3,0
DA:5,0
DA:6,0
DA:8,0
DA:9,0
DA:10,0
DA:16,0
DA:17,0
DA:20,0
DA:21,0
DA:22,0
DA:25,0
DA:32,0
DA:39,0
DA:48,0
DA:59,0
DA:66,0
DA:77,0
DA:85,0
DA:94,0
DA:102,0
DA:106,0
DA:107,0
DA:110,0
DA:111,0
DA:113,0
DA:121,0
DA:129,0
DA:138,0
DA:140,0
DA:141,0
LF:33
LH:0
BRDA:9,0,0,0
BRDA:9,1,0,0
BRDA:9,1,1,0
BRDA:17,2,0,0
BRDA:17,2,1,0
BRDA:20,3,0,0
BRDA:20,3,1,0
BRDA:20,4,0,0
BRDA:20,4,1,0
BRDA:104,5,0,0
BRDA:104,5,1,0
BRDA:119,6,0,0
BRDA:119,6,1,0
BRDA:120,7,0,0
BRDA:120,7,1,0
BRDA:127,8,0,0
BRDA:127,8,1,0
BRDA:128,9,0,0
BRDA:128,9,1,0
BRDA:132,10,0,0
BRDA:132,10,1,0
BRF:21
BRH:0
end_of_record
TN:
SF:app\api\admin\blog\route.ts
FN:5,GET
FN:56,POST
FNF:2
FNH:0
FNDA:0,GET
FNDA:0,POST
DA:1,0
DA:2,0
DA:3,0
DA:5,0
DA:6,0
DA:8,0
DA:9,0
DA:10,0
DA:17,0
DA:18,0
DA:19,0
DA:21,0
DA:22,0
DA:23,0
DA:25,0
DA:26,0
DA:27,0
DA:28,0
DA:31,0
DA:32,0
DA:33,0
DA:34,0
DA:37,0
DA:46,0
DA:48,0
DA:49,0
DA:56,0
DA:57,0
DA:59,0
DA:60,0
DA:61,0
DA:62,0
DA:68,0
DA:71,0
DA:73,0
DA:96,0
DA:101,0
DA:102,0
LF:38
LH:0
BRDA:9,0,0,0
BRDA:9,1,0,0
BRDA:9,1,1,0
BRDA:25,2,0,0
BRDA:25,3,0,0
BRDA:25,3,1,0
BRDA:31,4,0,0
BRDA:61,5,0,0
BRDA:61,6,0,0
BRDA:61,6,1,0
BRDA:86,7,0,0
BRDA:86,7,1,0
BRDA:87,8,0,0
BRDA:87,8,1,0
BRDA:90,9,0,0
BRDA:90,9,1,0
BRDA:91,10,0,0
BRDA:91,10,1,0
BRDA:92,11,0,0
BRDA:92,11,1,0
BRDA:93,12,0,0
BRDA:93,12,1,0
BRF:22
BRH:0
end_of_record
TN:
SF:app\api\admin\blog\[id]\route.ts
FN:5,GET
FN:43,PATCH
FN:116,DELETE
FNF:3
FNH:0
FNDA:0,GET
FNDA:0,PATCH
FNDA:0,DELETE
DA:1,0
DA:2,0
DA:3,0
DA:5,0
DA:9,0
DA:11,0
DA:12,0
DA:13,0
DA:19,0
DA:21,0
DA:26,0
DA:27,0
DA:33,0
DA:35,0
DA:36,0
DA:43,0
DA:47,0
DA:49,0
DA:50,0
DA:51,0
DA:57,0
DA:58,0
DA:60,0
DA:96,0
DA:97,0
DA:103,0
DA:108,0
DA:109,0
DA:116,0
DA:120,0
DA:122,0
DA:123,0
DA:124,0
DA:130,0
DA:132,0
DA:137,0
DA:138,0
DA:144,0
DA:149,0
DA:150,0
LF:40
LH:0
BRDA:12,0,0,0
BRDA:12,1,0,0
BRDA:12,1,1,0
BRDA:26,2,0,0
BRDA:50,3,0,0
BRDA:50,4,0,0
BRDA:50,4,1,0
BRDA:96,5,0,0
BRDA:123,6,0,0
BRDA:123,7,0,0
BRDA:123,7,1,0
BRDA:137,8,0,0
BRF:12
BRH:0
end_of_record
TN:
SF:app\api\admin\inquiries\route.ts
FN:41,GET
FN:61,POST
FNF:2
FNH:0
FNDA:0,GET
FNDA:0,POST
DA:1,0
DA:2,0
DA:5,0
DA:41,0
DA:42,0
DA:44,0
DA:45,0
DA:46,0
DA:52,0
DA:54,0
DA:61,0
DA:62,0
DA:63,0
DA:65,0
DA:72,0
DA:74,0
DA:79,0
LF:17
LH:0
BRDA:45,0,0,0
BRDA:45,1,0,0
BRDA:45,1,1,0
BRF:3
BRH:0
end_of_record
TN:
SF:app\api\admin\inquiries\[id]\route.ts
FN:7,PATCH
FN:38,DELETE
FNF:2
FNH:0
FNDA:0,PATCH
FNDA:0,DELETE
DA:1,0
DA:2,0
DA:5,0
DA:7,0
DA:11,0
DA:13,0
DA:14,0
DA:15,0
DA:21,0
DA:22,0
DA:26,0
DA:31,0
DA:38,0
DA:42,0
DA:44,0
DA:45,0
DA:46,0
DA:52,0
DA:56,0
DA:61,0
LF:20
LH:0
BRDA:14,0,0,0
BRDA:14,1,0,0
BRDA:14,1,1,0
BRDA:45,2,0,0
BRDA:45,3,0,0
BRDA:45,3,1,0
BRF:6
BRH:0
end_of_record
TN:
SF:app\api\admin\login\route.ts
FN:12,POST
FNF:1
FNH:0
FNDA:0,POST
DA:1,0
DA:2,0
DA:4,0
DA:7,0
DA:12,0
DA:13,0
DA:14,0
DA:17,0
DA:19,0
DA:25,0
DA:32,0
DA:37,0
LF:12
LH:0
BRDA:4,0,0,0
BRDA:4,0,1,0
BRDA:17,1,0,0
BRDA:17,2,0,0
BRDA:17,2,1,0
BRF:5
BRH:0
end_of_record
TN:
SF:app\api\admin\newsletter\route.ts
FN:5,GET
FNF:1
FNH:0
FNDA:0,GET
DA:1,0
DA:2,0
DA:3,0
DA:5,0
DA:6,0
DA:8,0
DA:9,0
DA:10,0
DA:17,0
DA:18,0
DA:20,0
DA:21,0
DA:23,0
DA:24,0
DA:25,0
DA:28,0
DA:34,0
DA:36,0
DA:37,0
LF:19
LH:0
BRDA:9,0,0,0
BRDA:9,1,0,0
BRDA:9,1,1,0
BRDA:23,2,0,0
BRDA:23,3,0,0
BRDA:23,3,1,0
BRF:6
BRH:0
end_of_record
TN:
SF:app\api\admin\newsletter\[id]\route.ts
FN:5,DELETE
FNF:1
FNH:0
FNDA:0,DELETE
DA:1,0
DA:2,0
DA:3,0
DA:5,0
DA:9,0
DA:11,0
DA:12,0
DA:13,0
DA:19,0
DA:21,0
DA:26,0
DA:27,0
DA:33,0
DA:38,0
DA:39,0
LF:15
LH:0
BRDA:12,0,0,0
BRDA:12,1,0,0
BRDA:12,1,1,0
BRDA:26,2,0,0
BRF:4
BRH:0
end_of_record
TN:
SF:app\api\admin\smtp\route.ts
FN:15,GET
FN:40,POST
FNF:2
FNH:0
FNDA:0,GET
FNDA:0,POST
DA:1,0
DA:2,0
DA:5,0
DA:15,0
DA:16,0
DA:18,0
DA:19,0
DA:20,0
DA:27,0
DA:28,0
DA:33,0
DA:40,0
DA:41,0
DA:43,0
DA:44,0
DA:45,0
DA:51,0
DA:54,0
DA:56,0
DA:61,0
LF:20
LH:0
BRDA:19,0,0,0
BRDA:19,1,0,0
BRDA:19,1,1,0
BRDA:30,2,0,0
BRDA:30,2,1,0
BRDA:44,3,0,0
BRDA:44,4,0,0
BRDA:44,4,1,0
BRF:8
BRH:0
end_of_record
TN:
SF:app\api\admin\smtp\test\route.ts
FN:5,POST
FNF:1
FNH:0
FNDA:0,POST
DA:1,0
DA:2,0
DA:3,0
DA:5,0
DA:6,0
DA:8,0
DA:9,0
DA:10,0
DA:16,0
DA:20,0
DA:30,0
DA:48,0
DA:53,0
DA:54,0
LF:14
LH:0
BRDA:9,0,0,0
BRDA:9,1,0,0
BRDA:9,1,1,0
BRDA:21,2,0,0
BRDA:21,2,1,0
BRDA:22,3,0,0
BRDA:22,3,1,0
BRDA:31,4,0,0
BRDA:31,4,1,0
BRDA:55,5,0,0
BRDA:55,5,1,0
BRF:11
BRH:0
end_of_record
TN:
SF:app\api\admin\stats\route.ts
FN:4,GET
FNF:1
FNH:0
FNDA:0,GET
DA:1,0
DA:2,0
DA:4,0
DA:5,0
DA:7,0
DA:8,0
DA:9,0
DA:17,0
DA:24,0
DA:26,0
LF:10
LH:0
BRDA:8,0,0,0
BRDA:8,1,0,0
BRDA:8,1,1,0
BRF:3
BRH:0
end_of_record
TN:
SF:app\api\admin\webmail\route.ts
FN:5,GET
FNF:1
FNH:0
FNDA:0,GET
DA:1,0
DA:2,0
DA:3,0
DA:5,0
DA:6,0
DA:8,0
DA:9,0
DA:10,0
DA:16,0
DA:17,0
DA:19,0
DA:25,0
DA:27,0
DA:30,0
DA:55,0
LF:15
LH:0
BRDA:9,0,0,0
BRDA:9,1,0,0
BRDA:9,1,1,0
BRDA:17,2,0,0
BRDA:17,2,1,0
BRF:5
BRH:0
end_of_record
TN:
SF:app\api\admin\webmail\[id]\route.ts
FN:5,DELETE
FNF:1
FNH:0
FNDA:0,DELETE
DA:1,0
DA:2,0
DA:3,0
DA:5,0
DA:9,0
DA:11,0
DA:12,0
DA:13,0
DA:19,0
DA:22,0
DA:28,0
DA:33,0
DA:34,0
LF:13
LH:0
BRDA:12,0,0,0
BRDA:12,1,0,0
BRDA:12,1,1,0
BRF:3
BRH:0
end_of_record
TN:
SF:app\api\admin\webmail\[id]\star\route.ts
FN:5,PATCH
FNF:1
FNH:0
FNDA:0,PATCH
DA:1,0
DA:2,0
DA:3,0
DA:5,0
DA:9,0
DA:11,0
DA:12,0
DA:13,0
DA:19,0
DA:22,0
DA:28,0
DA:33,0
DA:34,0
LF:13
LH:0
BRDA:12,0,0,0
BRDA:12,1,0,0
BRDA:12,1,1,0
BRF:3
BRH:0
end_of_record
TN:
SF:app\api\admin\webmail\send\route.ts
FN:5,POST
FN:42,(anonymous_6)
FNF:2
FNH:0
FNDA:0,POST
FNDA:0,(anonymous_6)
DA:1,0
DA:2,0
DA:3,0
DA:5,0
DA:6,0
DA:8,0
DA:9,0
DA:10,0
DA:16,0
DA:19,0
DA:30,0
DA:41,0
DA:42,0
DA:43,0
DA:53,0
DA:56,0
DA:61,0
DA:62,0
LF:18
LH:0
BRDA:9,0,0,0
BRDA:9,1,0,0
BRDA:9,1,1,0
BRDA:21,2,0,0
BRDA:21,2,1,0
BRDA:31,3,0,0
BRDA:31,3,1,0
BRDA:33,4,0,0
BRDA:33,4,1,0
BRDA:34,5,0,0
BRDA:34,5,1,0
BRDA:47,6,0,0
BRDA:47,6,1,0
BRF:13
BRH:0
end_of_record
TN:
SF:app\api\analytics\route.ts
FN:4,POST
FNF:1
FNH:0
FNDA:0,POST
DA:1,0
DA:2,0
DA:4,0
DA:5,0
DA:6,0
DA:12,0
DA:13,0
DA:16,0
DA:18,0
DA:19,0
LF:10
LH:0
BRDA:12,0,0,0
BRF:1
BRH:0
end_of_record
TN:
SF:app\api\analytics\dashboard\route.ts
FN:3,GET
FNF:1
FNH:0
FNDA:0,GET
DA:1,0
DA:3,0
DA:4,0
DA:5,0
DA:6,0
DA:12,0
DA:40,0
DA:42,0
DA:43,0
LF:9
LH:0
BRDA:6,0,0,0
BRDA:6,0,1,0
BRF:2
BRH:0
end_of_record
TN:
SF:app\api\auth\2fa\setup\route.ts
FN:4,POST
FNF:1
FNH:0
FNDA:0,POST
DA:1,0
DA:2,0
DA:4,0
DA:5,0
DA:6,0
DA:9,0
DA:11,0
DA:12,0
DA:17,0
DA:23,0
DA:25,0
DA:33,0
DA:36,0
DA:38,0
DA:39,0
LF:15
LH:0
BRDA:11,0,0,0
BRDA:23,1,0,0
BRDA:23,2,0,0
BRDA:23,2,1,0
BRF:4
BRH:0
end_of_record
TN:
SF:app\api\auth\2fa\verify\route.ts
FN:4,POST
FNF:1
FNH:0
FNDA:0,POST
DA:1,0
DA:2,0
DA:4,0
DA:5,0
DA:6,0
DA:11,0
DA:13,0
DA:15,0
DA:17,0
DA:21,0
DA:25,0
DA:35,0
DA:37,0
DA:38,0
LF:14
LH:0
BRDA:11,0,0,0
BRDA:17,1,0,0
BRDA:25,2,0,0
BRDA:25,3,0,0
BRDA:25,3,1,0
BRF:5
BRH:0
end_of_record
TN:
SF:app\api\auth\[provider]\route.ts
FN:4,GET
FNF:1
FNH:0
FNDA:0,GET
DA:1,0
DA:2,0
DA:4,0
DA:8,0
DA:9,0
DA:12,0
DA:15,0
DA:23,0
DA:30,0
DA:32,0
DA:33,0
LF:11
LH:0
BRF:0
BRH:0
end_of_record
TN:
SF:app\api\auth\[provider]\callback\route.ts
FN:4,GET
FNF:1
FNH:0
FNDA:0,GET
DA:1,0
DA:2,0
DA:4,0
DA:8,0
DA:9,0
DA:10,0
DA:11,0
DA:12,0
DA:14,0
DA:15,0
DA:19,0
DA:20,0
DA:21,0
DA:25,0
DA:32,0
DA:40,0
DA:45,0
DA:53,0
DA:55,0
DA:57,0
DA:58,0
LF:21
LH:0
BRDA:14,0,0,0
BRDA:14,1,0,0
BRDA:14,1,1,0
BRDA:20,2,0,0
BRDA:20,3,0,0
BRDA:20,3,1,0
BRF:6
BRH:0
end_of_record
TN:
SF:app\api\bookings\route.ts
FN:5,POST
FN:57,GET
FN:78,(anonymous_6)
FNF:3
FNH:0
FNDA:0,POST
FNDA:0,GET
FNDA:0,(anonymous_6)
DA:1,0
DA:2,0
DA:3,0
DA:5,0
DA:6,0
DA:8,0
DA:9,0
DA:14,0
DA:15,0
DA:21,0
DA:24,0
DA:25,0
DA:41,0
DA:43,0
DA:49,0
DA:50,0
DA:57,0
DA:58,0
DA:59,0
DA:60,0
DA:62,0
DA:63,0
DA:72,0
DA:78,0
DA:83,0
DA:85,0
DA:86,0
LF:27
LH:0
BRDA:8,0,0,0
BRDA:8,0,1,0
BRDA:14,1,0,0
BRDA:24,2,0,0
BRDA:24,3,0,0
BRDA:24,3,1,0
BRDA:24,3,2,0
BRDA:24,3,3,0
BRDA:24,3,4,0
BRDA:62,4,0,0
BRF:10
BRH:0
end_of_record
TN:
SF:app\api\contact\route.ts
FN:3,POST
FNF:1
FNH:0
FNDA:0,POST
DA:1,0
DA:3,0
DA:4,0
DA:5,0
DA:6,0
DA:8,0
DA:9,0
DA:13,0
DA:14,0
DA:15,0
DA:64,0
DA:76,0
DA:81,0
DA:82,0
LF:14
LH:0
BRDA:8,0,0,0
BRDA:8,1,0,0
BRDA:8,1,1,0
BRDA:8,1,2,0
BRDA:14,2,0,0
BRF:5
BRH:0
end_of_record
TN:
SF:app\api\health\route.ts
FN:5,GET
FNF:1
FNH:0
FNDA:0,GET
DA:1,0
DA:2,0
DA:3,0
DA:5,0
DA:6,0
DA:7,0
DA:17,0
DA:19,0
LF:8
LH:0
BRF:0
BRH:0
end_of_record
TN:
SF:app\api\newsletter\route.ts
FN:3,POST
FNF:1
FNH:0
FNDA:0,POST
DA:1,0
DA:3,0
DA:4,0
DA:5,0
DA:6,0
DA:8,0
DA:9,0
DA:13,0
DA:14,0
DA:15,0
DA:33,0
DA:35,0
DA:40,0
DA:41,0
LF:14
LH:0
BRDA:8,0,0,0
BRDA:14,1,0,0
BRF:2
BRH:0
end_of_record
TN:
SF:app\api\push\send\route.ts
FN:3,POST
FNF:1
FNH:0
FNDA:0,POST
DA:1,0
DA:3,0
DA:4,0
DA:5,0
DA:17,0
DA:19,0
DA:21,0
DA:22,0
LF:8
LH:0
BRF:0
BRH:0
end_of_record
TN:
SF:app\api\webhooks\route.ts
FN:5,POST
FN:56,GET
FNF:2
FNH:0
FNDA:0,POST
FNDA:0,GET
DA:1,0
DA:2,0
DA:3,0
DA:5,0
DA:6,0
DA:7,0
DA:8,0
DA:10,0
DA:11,0
DA:17,0
DA:29,0
DA:32,0
DA:35,0
DA:38,0
DA:41,0
DA:43,0
DA:46,0
DA:48,0
DA:49,0
DA:56,0
DA:57,0
DA:61,0
DA:73,0
LF:23
LH:0
BRDA:10,0,0,0
BRDA:10,1,0,0
BRDA:10,1,1,0
BRDA:32,2,0,0
BRDA:32,2,1,0
BRDA:32,2,2,0
BRDA:32,2,3,0
BRF:7
BRH:0
end_of_record
TN:
SF:app\blog\page.tsx
FN:8,Blog
FN:15,(anonymous_3)
FN:18,(anonymous_4)
FN:61,(anonymous_5)
FN:68,(anonymous_6)
FN:73,(anonymous_7)
FN:88,(anonymous_8)
FN:157,(anonymous_9)
FNF:8
FNH:0
FNDA:0,Blog
FNDA:0,(anonymous_3)
FNDA:0,(anonymous_4)
FNDA:0,(anonymous_5)
FNDA:0,(anonymous_6)
FNDA:0,(anonymous_7)
FNDA:0,(anonymous_8)
FNDA:0,(anonymous_9)
DA:2,0
DA:3,0
DA:4,0
DA:5,0
DA:6,0
DA:8,0
DA:9,0
DA:10,0
DA:12,0
DA:13,0
DA:15,0
DA:16,0
DA:18,0
DA:19,0
DA:20,0
DA:61,0
DA:69,0
DA:73,0
DA:89,0
DA:158,0
LF:20
LH:0
BRDA:16,0,0,0
BRDA:16,0,1,0
BRDA:16,0,2,0
BRDA:19,1,0,0
BRDA:19,1,1,0
BRDA:20,2,0,0
BRDA:20,2,1,0
BRDA:75,3,0,0
BRDA:75,3,1,0
BRDA:99,4,0,0
BRDA:182,5,0,0
BRF:11
BRH:0
end_of_record
TN:
SF:app\blog\[slug]\page.tsx
FN:8,BlogPost
FN:154,(anonymous_3)
FN:201,(anonymous_4)
FNF:3
FNH:0
FNDA:0,BlogPost
FNDA:0,(anonymous_3)
FNDA:0,(anonymous_4)
DA:2,0
DA:3,0
DA:4,0
DA:5,0
DA:6,0
DA:8,0
DA:9,0
DA:10,0
DA:11,0
DA:13,0
DA:24,0
DA:155,0
DA:202,0
LF:13
LH:0
BRDA:13,0,0,0
BRDA:190,1,0,0
BRF:2
BRH:0
end_of_record
TN:
SF:app\contact\page.tsx
FN:10,Contact
FN:61,(anonymous_3)
FN:100,(anonymous_4)
FNF:3
FNH:0
FNDA:0,Contact
FNDA:0,(anonymous_3)
FNDA:0,(anonymous_4)
DA:2,0
DA:3,0
DA:7,0
DA:8,0
DA:10,0
DA:11,0
DA:21,0
DA:23,0
DA:62,0
DA:63,0
DA:101,0
LF:11
LH:0
BRF:0
BRH:0
end_of_record
TN:
SF:app\demo-sidenav\page.tsx
FN:6,DemoSideNav
FN:61,(anonymous_3)
FNF:2
FNH:0
FNDA:0,DemoSideNav
FNDA:0,(anonymous_3)
DA:2,0
DA:3,0
DA:4,0
DA:6,0
DA:62,0
LF:5
LH:0
BRF:0
BRH:0
end_of_record
TN:
SF:app\faq\page.tsx
FN:6,FAQ
FN:137,(anonymous_2)
FN:138,(anonymous_3)
FN:148,(anonymous_4)
FN:192,(anonymous_5)
FN:206,(anonymous_6)
FN:222,(anonymous_7)
FN:231,(anonymous_8)
FNF:8
FNH:0
FNDA:0,FAQ
FNDA:0,(anonymous_2)
FNDA:0,(anonymous_3)
FNDA:0,(anonymous_4)
FNDA:0,(anonymous_5)
FNDA:0,(anonymous_6)
FNDA:0,(anonymous_7)
FNDA:0,(anonymous_8)
DA:2,0
DA:3,0
DA:4,0
DA:6,0
DA:7,0
DA:8,0
DA:10,0
DA:137,0
DA:138,0
DA:146,0
DA:149,0
DA:192,0
DA:207,0
DA:223,0
DA:231,0
LF:15
LH:0
BRDA:146,0,0,0
BRDA:146,0,1,0
BRDA:149,1,0,0
BRDA:149,1,1,0
BRDA:149,1,2,0
BRDA:199,2,0,0
BRDA:231,3,0,0
BRDA:231,3,1,0
BRDA:240,4,0,0
BRDA:248,5,0,0
BRDA:248,5,1,0
BRDA:256,6,0,0
BRDA:276,7,0,0
BRF:13
BRH:0
end_of_record
TN:
SF:app\offline\page.tsx
FN:5,OfflinePage
FN:23,(anonymous_2)
FNF:2
FNH:0
FNDA:0,OfflinePage
FNDA:0,(anonymous_2)
DA:3,0
DA:5,0
DA:23,0
LF:3
LH:0
BRF:0
BRH:0
end_of_record
TN:
SF:app\portal\page.tsx
FN:6,ClientPortal
FN:92,(anonymous_2)
FN:103,(anonymous_3)
FN:129,(anonymous_4)
FN:146,(anonymous_5)
FN:162,(anonymous_6)
FN:234,(anonymous_7)
FN:268,(anonymous_8)
FNF:8
FNH:0
FNDA:0,ClientPortal
FNDA:0,(anonymous_2)
FNDA:0,(anonymous_3)
FNDA:0,(anonymous_4)
FNDA:0,(anonymous_5)
FNDA:0,(anonymous_6)
FNDA:0,(anonymous_7)
FNDA:0,(anonymous_8)
DA:2,0
DA:3,0
DA:4,0
DA:6,0
DA:7,0
DA:8,0
DA:9,0
DA:10,0
DA:12,0
DA:45,0
DA:92,0
DA:103,0
DA:129,0
DA:146,0
DA:162,0
DA:235,0
DA:269,0
LF:17
LH:0
BRDA:94,0,0,0
BRDA:94,0,1,0
BRDA:105,1,0,0
BRDA:105,1,1,0
BRDA:115,2,0,0
BRDA:169,3,0,0
BRDA:187,4,0,0
BRDA:187,4,1,0
BRF:8
BRH:0
end_of_record
TN:
SF:app\portfolio\page.tsx
FN:6,Portfolio
FN:106,(anonymous_2)
FN:139,(anonymous_3)
FN:144,(anonymous_4)
FN:159,(anonymous_5)
FN:220,(anonymous_6)
FN:241,(anonymous_7)
FNF:7
FNH:0
FNDA:0,Portfolio
FNDA:0,(anonymous_2)
FNDA:0,(anonymous_3)
FNDA:0,(anonymous_4)
FNDA:0,(anonymous_5)
FNDA:0,(anonymous_6)
FNDA:0,(anonymous_7)
DA:2,0
DA:3,0
DA:4,0
DA:6,0
DA:7,0
DA:9,0
DA:17,0
DA:104,0
DA:106,0
DA:140,0
DA:144,0
DA:160,0
DA:221,0
DA:242,0
LF:14
LH:0
BRDA:104,0,0,0
BRDA:104,0,1,0
BRDA:146,1,0,0
BRDA:146,1,1,0
BRDA:167,2,0,0
BRDA:167,2,1,0
BRDA:170,3,0,0
BRF:7
BRH:0
end_of_record
TN:
SF:app\privacy\page.tsx
FN:5,Privacy
FN:143,(anonymous_2)
FN:156,(anonymous_3)
FNF:3
FNH:0
FNDA:0,Privacy
FNDA:0,(anonymous_2)
FNDA:0,(anonymous_3)
DA:2,0
DA:3,0
DA:5,0
DA:6,0
DA:144,0
DA:157,0
LF:6
LH:0
BRF:0
BRH:0
end_of_record
TN:
SF:app\services\page.tsx
FN:10,Services
FN:238,(anonymous_2)
FN:243,(anonymous_3)
FN:316,(anonymous_4)
FN:340,(anonymous_5)
FN:362,(anonymous_6)
FN:384,(anonymous_7)
FNF:7
FNH:0
FNDA:0,Services
FNDA:0,(anonymous_2)
FNDA:0,(anonymous_3)
FNDA:0,(anonymous_4)
FNDA:0,(anonymous_5)
FNDA:0,(anonymous_6)
FNDA:0,(anonymous_7)
DA:2,0
DA:3,0
DA:8,0
DA:10,0
DA:11,0
DA:13,0
DA:202,0
DA:239,0
DA:243,0
DA:317,0
DA:341,0
DA:363,0
DA:385,0
LF:13
LH:0
BRDA:245,0,0,0
BRDA:245,0,1,0
BRDA:251,1,0,0
BRDA:251,1,1,0
BRDA:254,2,0,0
BRDA:254,2,1,0
BRF:6
BRH:0
end_of_record
TN:
SF:app\team\page.tsx
FN:99,TeamPage
FN:172,(anonymous_4)
FN:187,(anonymous_5)
FN:246,(anonymous_6)
FN:257,(anonymous_7)
FNF:5
FNH:0
FNDA:0,TeamPage
FNDA:0,(anonymous_4)
FNDA:0,(anonymous_5)
FNDA:0,(anonymous_6)
FNDA:0,(anonymous_7)
DA:3,0
DA:5,0
DA:10,0
DA:31,0
DA:99,0
DA:173,0
DA:188,0
DA:247,0
DA:257,0
LF:9
LH:0
BRDA:279,0,0,0
BRDA:287,1,0,0
BRDA:295,2,0,0
BRDA:303,3,0,0
BRF:4
BRH:0
end_of_record
TN:
SF:app\terms\page.tsx
FN:5,Terms
FN:167,(anonymous_2)
FN:180,(anonymous_3)
FNF:3
FNH:0
FNDA:0,Terms
FNDA:0,(anonymous_2)
FNDA:0,(anonymous_3)
DA:2,0
DA:3,0
DA:5,0
DA:6,0
DA:168,0
DA:181,0
LF:6
LH:0
BRF:0
BRH:0
end_of_record
TN:
SF:components\APIDocumentation.tsx
FN:23,APIDocumentation
FN:115,(anonymous_2)
FN:118,(anonymous_3)
FN:135,(anonymous_4)
FN:138,(anonymous_5)
FN:196,(anonymous_6)
FN:219,(anonymous_7)
FNF:7
FNH:0
FNDA:0,APIDocumentation
FNDA:0,(anonymous_2)
FNDA:0,(anonymous_3)
FNDA:0,(anonymous_4)
FNDA:0,(anonymous_5)
FNDA:0,(anonymous_6)
FNDA:0,(anonymous_7)
DA:3,0
DA:4,0
DA:23,0
DA:24,0
DA:25,0
DA:27,0
DA:115,0
DA:116,0
DA:117,0
DA:118,0
DA:136,0
DA:138,0
DA:197,0
DA:219,0
LF:14
LH:0
BRDA:140,0,0,0
BRDA:140,0,1,0
BRDA:147,1,0,0
BRDA:147,1,1,0
BRDA:148,2,0,0
BRDA:148,2,1,0
BRDA:149,3,0,0
BRDA:149,3,1,0
BRDA:154,4,0,0
BRDA:169,5,0,0
BRDA:179,6,0,0
BRDA:179,6,1,0
BRDA:180,7,0,0
BRDA:180,7,1,0
BRDA:181,8,0,0
BRDA:181,8,1,0
BRDA:192,9,0,0
BRDA:201,10,0,0
BRDA:222,11,0,0
BRDA:222,11,1,0
BRDA:223,12,0,0
BRDA:223,12,1,0
BRF:22
BRH:0
end_of_record
TN:
SF:components\Accordion.tsx
FN:19,Accordion
FN:26,(anonymous_2)
FN:28,(anonymous_3)
FN:30,(anonymous_4)
FN:34,(anonymous_5)
FN:42,(anonymous_6)
FN:51,(anonymous_7)
FNF:7
FNH:0
FNDA:0,Accordion
FNDA:0,(anonymous_2)
FNDA:0,(anonymous_3)
FNDA:0,(anonymous_4)
FNDA:0,(anonymous_5)
FNDA:0,(anonymous_6)
FNDA:0,(anonymous_7)
DA:2,0
DA:3,0
DA:4,0
DA:19,0
DA:24,0
DA:26,0
DA:27,0
DA:28,0
DA:29,0
DA:30,0
DA:34,0
DA:35,0
DA:43,0
DA:45,0
DA:51,0
LF:15
LH:0
BRDA:21,0,0,0
BRDA:22,1,0,0
BRDA:27,2,0,0
BRDA:27,2,1,0
BRDA:29,3,0,0
BRDA:29,3,1,0
BRDA:35,4,0,0
BRDA:35,4,1,0
BRDA:56,5,0,0
BRDA:65,6,0,0
BRDA:65,6,1,0
BRDA:74,7,0,0
BRF:12
BRH:0
end_of_record
TN:
SF:components\AdminLayout.tsx
FN:15,AdminLayout
FN:22,(anonymous_3)
FN:33,(anonymous_4)
FN:47,(anonymous_5)
FN:82,(anonymous_6)
FNF:5
FNH:0
FNDA:0,AdminLayout
FNDA:0,(anonymous_3)
FNDA:0,(anonymous_4)
FNDA:0,(anonymous_5)
FNDA:0,(anonymous_6)
DA:2,0
DA:3,0
DA:7,0
DA:8,0
DA:9,0
DA:15,0
DA:16,0
DA:17,0
DA:18,0
DA:22,0
DA:24,0
DA:25,0
DA:26,0
DA:27,0
DA:30,0
DA:33,0
DA:34,0
DA:35,0
DA:40,0
DA:41,0
DA:43,0
DA:47,0
DA:48,0
DA:49,0
DA:52,0
DA:83,0
DA:84,0
LF:27
LH:0
BRDA:25,0,0,0
BRDA:89,1,0,0
BRDA:89,1,1,0
BRDA:98,2,0,0
BRDA:98,2,1,0
BRF:5
BRH:0
end_of_record
TN:
SF:components\AdvancedFeatures.tsx
FN:10,AdvancedFeatures
FN:117,(anonymous_2)
FNF:2
FNH:0
FNDA:0,AdvancedFeatures
FNDA:0,(anonymous_2)
DA:2,0
DA:3,0
DA:8,0
DA:10,0
DA:11,0
DA:12,0
DA:14,0
DA:71,0
DA:81,0
DA:118,0
LF:10
LH:0
BRDA:98,0,0,0
BRDA:98,0,1,0
BRDA:114,1,0,0
BRDA:114,1,1,0
BRDA:156,2,0,0
BRDA:156,2,1,0
BRF:6
BRH:0
end_of_record
TN:
SF:components\AdvancedHero.tsx
FN:6,AdvancedHero
FN:12,(anonymous_2)
FN:13,(anonymous_3)
FN:20,(anonymous_4)
FN:115,(anonymous_5)
FN:218,(anonymous_6)
FNF:6
FNH:0
FNDA:0,AdvancedHero
FNDA:0,(anonymous_2)
FNDA:0,(anonymous_3)
FNDA:0,(anonymous_4)
FNDA:0,(anonymous_5)
FNDA:0,(anonymous_6)
DA:2,0
DA:3,0
DA:4,0
DA:6,0
DA:7,0
DA:8,0
DA:9,0
DA:10,0
DA:12,0
DA:13,0
DA:14,0
DA:19,0
DA:20,0
DA:23,0
DA:116,0
DA:219,0
LF:16
LH:0
BRF:0
BRH:0
end_of_record
TN:
SF:components\Analytics.tsx
FN:6,Analytics
FN:10,(anonymous_8)
FN:24,trackEvent
FN:40,trackFormSubmission
FN:45,trackButtonClick
FN:50,trackDownload
FN:55,trackOutboundLink
FNF:7
FNH:0
FNDA:0,Analytics
FNDA:0,(anonymous_8)
FNDA:0,trackEvent
FNDA:0,trackFormSubmission
FNDA:0,trackButtonClick
FNDA:0,trackDownload
FNDA:0,trackOutboundLink
DA:2,0
DA:3,0
DA:6,0
DA:7,0
DA:8,0
DA:10,0
DA:11,0
DA:12,0
DA:14,0
DA:20,0
DA:24,0
DA:30,0
DA:31,0
DA:40,0
DA:41,0
DA:45,0
DA:46,0
DA:50,0
DA:51,0
DA:55,0
DA:56,0
LF:21
LH:0
BRDA:11,0,0,0
BRDA:11,1,0,0
BRDA:11,1,1,0
BRDA:12,2,0,0
BRDA:12,2,1,0
BRDA:14,3,0,0
BRDA:14,3,1,0
BRDA:30,4,0,0
BRDA:30,5,0,0
BRDA:30,5,1,0
BRF:10
BRH:0
end_of_record
TN:
SF:components\AnalyticsDashboard.tsx
FN:17,AnalyticsDashboard
FN:22,(anonymous_2)
FN:26,(anonymous_3)
FN:53,(anonymous_4)
FN:56,(anonymous_5)
FN:117,(anonymous_6)
FN:162,(anonymous_7)
FN:174,MetricCard
FN:197,DeviceBar
FNF:9
FNH:0
FNDA:0,AnalyticsDashboard
FNDA:0,(anonymous_2)
FNDA:0,(anonymous_3)
FNDA:0,(anonymous_4)
FNDA:0,(anonymous_5)
FNDA:0,(anonymous_6)
FNDA:0,(anonymous_7)
FNDA:0,MetricCard
FNDA:0,DeviceBar
DA:3,0
DA:4,0
DA:17,0
DA:18,0
DA:19,0
DA:20,0
DA:22,0
DA:23,0
DA:26,0
DA:27,0
DA:28,0
DA:29,0
DA:30,0
DA:31,0
DA:33,0
DA:35,0
DA:39,0
DA:54,0
DA:56,0
DA:118,0
DA:163,0
DA:175,0
DA:176,0
DA:198,0
DA:199,0
LF:25
LH:0
BRDA:39,0,0,0
BRDA:39,1,0,0
BRDA:39,1,1,0
BRDA:58,2,0,0
BRDA:58,2,1,0
BRDA:174,3,0,0
BRDA:175,4,0,0
BRDA:175,4,1,0
BRDA:190,5,0,0
BRDA:190,5,1,0
BRDA:191,6,0,0
BRDA:191,6,1,0
BRF:12
BRH:0
end_of_record
TN:
SF:components\AuralisChat.tsx
FN:14,AuralisChat
FN:28,(anonymous_2)
FN:32,(anonymous_3)
FN:53,(anonymous_4)
FN:71,(anonymous_5)
FN:81,(anonymous_6)
FN:86,(anonymous_7)
FN:93,(anonymous_8)
FN:98,(anonymous_9)
FN:100,(anonymous_10)
FN:114,(anonymous_11)
FN:223,(anonymous_12)
FN:245,(anonymous_13)
FN:321,(anonymous_14)
FN:326,(anonymous_15)
FN:342,(anonymous_16)
FN:343,(anonymous_17)
FNF:17
FNH:0
FNDA:0,AuralisChat
FNDA:0,(anonymous_2)
FNDA:0,(anonymous_3)
FNDA:0,(anonymous_4)
FNDA:0,(anonymous_5)
FNDA:0,(anonymous_6)
FNDA:0,(anonymous_7)
FNDA:0,(anonymous_8)
FNDA:0,(anonymous_9)
FNDA:0,(anonymous_10)
FNDA:0,(anonymous_11)
FNDA:0,(anonymous_12)
FNDA:0,(anonymous_13)
FNDA:0,(anonymous_14)
FNDA:0,(anonymous_15)
FNDA:0,(anonymous_16)
FNDA:0,(anonymous_17)
DA:2,0
DA:3,0
DA:4,0
DA:14,0
DA:15,0
DA:16,0
DA:24,0
DA:25,0
DA:26,0
DA:28,0
DA:29,0
DA:32,0
DA:33,0
DA:36,0
DA:43,0
DA:53,0
DA:54,0
DA:56,0
DA:57,0
DA:58,0
DA:59,0
DA:60,0
DA:61,0
DA:62,0
DA:63,0
DA:64,0
DA:65,0
DA:68,0
DA:71,0
DA:72,0
DA:74,0
DA:81,0
DA:82,0
DA:83,0
DA:86,0
DA:87,0
DA:93,0
DA:94,0
DA:98,0
DA:99,0
DA:100,0
DA:114,0
DA:223,0
DA:246,0
DA:322,0
DA:326,0
DA:342,0
DA:343,0
LF:48
LH:0
BRDA:56,0,0,0
BRDA:56,0,1,0
BRDA:56,1,0,0
BRDA:56,1,1,0
BRDA:56,1,2,0
BRDA:58,2,0,0
BRDA:58,2,1,0
BRDA:58,3,0,0
BRDA:58,3,1,0
BRDA:58,3,2,0
BRDA:58,3,3,0
BRDA:60,4,0,0
BRDA:60,4,1,0
BRDA:60,5,0,0
BRDA:60,5,1,0
BRDA:60,5,2,0
BRDA:60,5,3,0
BRDA:62,6,0,0
BRDA:62,6,1,0
BRDA:62,7,0,0
BRDA:62,7,1,0
BRDA:62,7,2,0
BRDA:62,7,3,0
BRDA:64,8,0,0
BRDA:64,9,0,0
BRDA:64,9,1,0
BRDA:64,9,2,0
BRDA:72,10,0,0
BRDA:107,11,0,0
BRDA:156,12,0,0
BRDA:250,13,0,0
BRDA:250,13,1,0
BRDA:254,14,0,0
BRDA:254,14,1,0
BRDA:259,15,0,0
BRDA:266,16,0,0
BRDA:266,16,1,0
BRDA:268,17,0,0
BRDA:268,17,1,0
BRDA:282,18,0,0
BRDA:317,19,0,0
BRDA:343,20,0,0
BRDA:343,20,1,0
BRF:43
BRH:0
end_of_record
TN:
SF:components\BackToTop.tsx
FN:7,BackToTop
FN:10,(anonymous_2)
FN:11,(anonymous_3)
FN:20,(anonymous_4)
FN:23,(anonymous_5)
FNF:5
FNH:0
FNDA:0,BackToTop
FNDA:0,(anonymous_2)
FNDA:0,(anonymous_3)
FNDA:0,(anonymous_4)
FNDA:0,(anonymous_5)
DA:2,0
DA:3,0
DA:4,0
DA:7,0
DA:8,0
DA:10,0
DA:11,0
DA:12,0
DA:13,0
DA:15,0
DA:19,0
DA:20,0
DA:23,0
DA:24,0
LF:14
LH:0
BRDA:12,0,0,0
BRDA:12,0,1,0
BRDA:32,1,0,0
BRF:3
BRH:0
end_of_record
TN:
SF:components\BookingSystem.tsx
FN:21,BookingSystem
FN:55,(anonymous_2)
FN:81,(anonymous_3)
FN:102,(anonymous_4)
FN:105,(anonymous_5)
FN:131,(anonymous_6)
FN:144,(anonymous_7)
FN:147,(anonymous_8)
FN:165,(anonymous_9)
FN:171,(anonymous_10)
FN:194,(anonymous_11)
FN:208,(anonymous_12)
FN:222,(anonymous_13)
FN:234,(anonymous_14)
FN:243,(anonymous_15)
FN:271,(anonymous_16)
FNF:16
FNH:0
FNDA:0,BookingSystem
FNDA:0,(anonymous_2)
FNDA:0,(anonymous_3)
FNDA:0,(anonymous_4)
FNDA:0,(anonymous_5)
FNDA:0,(anonymous_6)
FNDA:0,(anonymous_7)
FNDA:0,(anonymous_8)
FNDA:0,(anonymous_9)
FNDA:0,(anonymous_10)
FNDA:0,(anonymous_11)
FNDA:0,(anonymous_12)
FNDA:0,(anonymous_13)
FNDA:0,(anonymous_14)
FNDA:0,(anonymous_15)
FNDA:0,(anonymous_16)
DA:3,0
DA:4,0
DA:21,0
DA:22,0
DA:23,0
DA:32,0
DA:33,0
DA:35,0
DA:44,0
DA:55,0
DA:56,0
DA:57,0
DA:59,0
DA:60,0
DA:66,0
DA:67,0
DA:68,0
DA:71,0
DA:73,0
DA:82,0
DA:103,0
DA:106,0
DA:107,0
DA:131,0
DA:145,0
DA:147,0
DA:165,0
DA:171,0
DA:194,0
DA:208,0
DA:222,0
DA:234,0
DA:243,0
DA:272,0
DA:273,0
DA:274,0
LF:36
LH:0
BRDA:66,0,0,0
BRDA:84,1,0,0
BRDA:84,1,1,0
BRDA:86,2,0,0
BRDA:86,2,1,0
BRDA:88,3,0,0
BRDA:90,4,0,0
BRDA:90,4,1,0
BRDA:98,5,0,0
BRDA:119,6,0,0
BRDA:150,7,0,0
BRDA:150,7,1,0
BRDA:152,8,0,0
BRDA:152,8,1,0
BRDA:172,9,0,0
BRDA:172,9,1,0
BRDA:182,10,0,0
BRDA:253,11,0,0
BRDA:253,11,1,0
BRDA:260,12,0,0
BRDA:260,12,1,0
BRF:21
BRH:0
end_of_record
TN:
SF:components\CTASection.tsx
FN:5,CTASection
FNF:1
FNH:0
FNDA:0,CTASection
DA:2,0
DA:3,0
DA:5,0
LF:3
LH:0
BRF:0
BRH:0
end_of_record
TN:
SF:components\ClientLogos.tsx
FN:5,ClientLogos
FN:40,(anonymous_2)
FNF:2
FNH:0
FNDA:0,ClientLogos
FNDA:0,(anonymous_2)
DA:2,0
DA:3,0
DA:5,0
DA:6,0
DA:41,0
LF:5
LH:0
BRF:0
BRH:0
end_of_record
TN:
SF:components\ClientPortal.tsx
FN:5,ClientPortal
FN:57,(anonymous_2)
FN:146,(anonymous_3)
FN:167,(anonymous_4)
FNF:4
FNH:0
FNDA:0,ClientPortal
FNDA:0,(anonymous_2)
FNDA:0,(anonymous_3)
FNDA:0,(anonymous_4)
DA:2,0
DA:3,0
DA:5,0
DA:6,0
DA:58,0
DA:59,0
DA:147,0
DA:168,0
LF:8
LH:0
BRF:0
BRH:0
end_of_record
TN:
SF:components\ClientsShowcase.tsx
FN:5,ClientsShowcase
FN:38,(anonymous_2)
FNF:2
FNH:0
FNDA:0,ClientsShowcase
FNDA:0,(anonymous_2)
DA:2,0
DA:3,0
DA:5,0
DA:6,0
DA:39,0
LF:5
LH:0
BRF:0
BRH:0
end_of_record
TN:
SF:components\ComparisonSection.tsx
FN:6,ComparisonSection
FN:53,(anonymous_2)
FN:63,(anonymous_3)
FN:99,(anonymous_4)
FNF:4
FNH:0
FNDA:0,ComparisonSection
FNDA:0,(anonymous_2)
FNDA:0,(anonymous_3)
FNDA:0,(anonymous_4)
DA:2,0
DA:3,0
DA:4,0
DA:6,0
DA:7,0
DA:9,0
DA:53,0
DA:63,0
DA:100,0
LF:9
LH:0
BRDA:55,0,0,0
BRDA:55,0,1,0
BRDA:65,1,0,0
BRDA:65,1,1,0
BRDA:132,2,0,0
BRF:5
BRH:0
end_of_record
TN:
SF:components\ContactButtons.tsx
FN:5,ContactButtons
FN:55,(anonymous_2)
FNF:2
FNH:0
FNDA:0,ContactButtons
FNDA:0,(anonymous_2)
DA:2,0
DA:3,0
DA:5,0
DA:6,0
DA:56,0
DA:57,0
LF:6
LH:0
BRF:0
BRH:0
end_of_record
TN:
SF:components\ContactForm.tsx
FN:9,ContactForm
FN:13,submitHandler
FN:48,(anonymous_3)
FN:64,(anonymous_4)
FN:82,(anonymous_5)
FNF:5
FNH:0
FNDA:0,ContactForm
FNDA:0,submitHandler
FNDA:0,(anonymous_3)
FNDA:0,(anonymous_4)
FNDA:0,(anonymous_5)
DA:3,0
DA:4,0
DA:5,0
DA:9,0
DA:10,0
DA:11,0
DA:14,0
DA:15,0
DA:16,0
DA:17,0
DA:22,0
DA:23,0
DA:24,0
DA:26,0
DA:29,0
DA:33,0
DA:49,0
DA:50,0
DA:64,0
DA:82,0
LF:20
LH:0
BRDA:22,0,0,0
BRDA:22,0,1,0
BRDA:63,1,0,0
BRDA:63,1,1,0
BRDA:101,2,0,0
BRDA:101,2,1,0
BRDA:104,3,0,0
BRDA:113,4,0,0
BRF:8
BRH:0
end_of_record
TN:
SF:components\CookieConsent.tsx
FN:8,CookieConsent
FN:11,(anonymous_2)
FN:18,(anonymous_3)
FN:23,(anonymous_4)
FNF:4
FNH:0
FNDA:0,CookieConsent
FNDA:0,(anonymous_2)
FNDA:0,(anonymous_3)
FNDA:0,(anonymous_4)
DA:2,0
DA:3,0
DA:4,0
DA:5,0
DA:8,0
DA:9,0
DA:11,0
DA:12,0
DA:13,0
DA:14,0
DA:18,0
DA:19,0
DA:20,0
DA:23,0
DA:24,0
DA:25,0
LF:16
LH:0
BRDA:13,0,0,0
BRDA:30,1,0,0
BRF:2
BRH:0
end_of_record
TN:
SF:components\DemoShowcase.tsx
FN:6,DemoShowcase
FN:33,(anonymous_2)
FN:40,(anonymous_3)
FN:123,(anonymous_4)
FNF:4
FNH:0
FNDA:0,DemoShowcase
FNDA:0,(anonymous_2)
FNDA:0,(anonymous_3)
FNDA:0,(anonymous_4)
DA:2,0
DA:3,0
DA:4,0
DA:6,0
DA:7,0
DA:9,0
DA:34,0
DA:35,0
DA:40,0
DA:124,0
LF:10
LH:0
BRDA:42,0,0,0
BRDA:42,0,1,0
BRDA:63,1,0,0
BRDA:63,1,1,0
BRDA:64,2,0,0
BRDA:64,2,1,0
BRF:6
BRH:0
end_of_record
TN:
SF:components\ErrorBoundary.tsx
FN:18,(anonymous_1)
FN:23,(anonymous_2)
FN:27,(anonymous_3)
FN:31,(anonymous_4)
FN:76,(anonymous_5)
FNF:5
FNH:0
FNDA:0,(anonymous_1)
FNDA:0,(anonymous_2)
FNDA:0,(anonymous_3)
FNDA:0,(anonymous_4)
FNDA:0,(anonymous_5)
DA:2,0
DA:3,0
DA:4,0
DA:17,0
DA:19,0
DA:20,0
DA:24,0
DA:28,0
DA:32,0
DA:33,0
DA:34,0
DA:76,0
DA:96,0
LF:13
LH:0
BRDA:32,0,0,0
BRDA:33,1,0,0
BRDA:61,2,0,0
BRF:3
BRH:0
end_of_record
TN:
SF:components\ErrorBoundaryWrapper.tsx
FN:17,(anonymous_4)
FN:51,(anonymous_5)
FN:26,(anonymous_6)
FN:34,(anonymous_7)
FN:59,(anonymous_8)
FNF:5
FNH:0
FNDA:0,(anonymous_4)
FNDA:0,(anonymous_5)
FNDA:0,(anonymous_6)
FNDA:0,(anonymous_7)
FNDA:0,(anonymous_8)
DA:2,0
DA:3,0
DA:16,0
DA:18,0
DA:19,0
DA:27,0
DA:35,0
DA:37,0
DA:43,0
DA:44,0
DA:52,0
DA:60,0
DA:61,0
DA:62,0
DA:116,0
LF:15
LH:0
BRDA:43,0,0,0
BRDA:43,1,0,0
BRDA:43,1,1,0
BRDA:60,2,0,0
BRDA:61,3,0,0
BRDA:80,4,0,0
BRDA:80,4,1,0
BRF:7
BRH:0
end_of_record
TN:
SF:components\Footer.tsx
FN:6,Footer
FN:11,(anonymous_2)
FN:21,(anonymous_3)
FN:42,(anonymous_4)
FN:118,(anonymous_5)
FN:130,(anonymous_6)
FN:137,(anonymous_7)
FN:141,(anonymous_8)
FN:176,(anonymous_9)
FN:201,(anonymous_10)
FN:250,(anonymous_11)
FNF:11
FNH:0
FNDA:0,Footer
FNDA:0,(anonymous_2)
FNDA:0,(anonymous_3)
FNDA:0,(anonymous_4)
FNDA:0,(anonymous_5)
FNDA:0,(anonymous_6)
FNDA:0,(anonymous_7)
FNDA:0,(anonymous_8)
FNDA:0,(anonymous_9)
FNDA:0,(anonymous_10)
FNDA:0,(anonymous_11)
DA:2,0
DA:3,0
DA:4,0
DA:6,0
DA:7,0
DA:8,0
DA:9,0
DA:11,0
DA:12,0
DA:13,0
DA:14,0
DA:15,0
DA:16,0
DA:18,0
DA:21,0
DA:22,0
DA:23,0
DA:24,0
DA:25,0
DA:27,0
DA:28,0
DA:29,0
DA:33,0
DA:42,0
DA:43,0
DA:44,0
DA:45,0
DA:48,0
DA:118,0
DA:130,0
DA:138,0
DA:141,0
DA:177,0
DA:202,0
DA:251,0
DA:252,0
LF:36
LH:0
BRDA:14,0,0,0
BRDA:18,1,0,0
BRDA:22,2,0,0
BRDA:22,2,1,0
BRDA:101,3,0,0
BRDA:126,4,0,0
BRDA:143,5,0,0
BRDA:143,5,1,0
BRDA:152,6,0,0
BRDA:152,6,1,0
BRDA:157,7,0,0
BRF:11
BRH:0
end_of_record
TN:
SF:components\Header.tsx
FN:9,Header
FN:16,(anonymous_3)
FN:118,(anonymous_4)
FN:148,(anonymous_5)
FN:186,(anonymous_6)
FN:227,(anonymous_7)
FN:269,(anonymous_8)
FN:279,(anonymous_9)
FN:288,(anonymous_10)
FN:315,(anonymous_11)
FN:346,(anonymous_12)
FNF:11
FNH:0
FNDA:0,Header
FNDA:0,(anonymous_3)
FNDA:0,(anonymous_4)
FNDA:0,(anonymous_5)
FNDA:0,(anonymous_6)
FNDA:0,(anonymous_7)
FNDA:0,(anonymous_8)
FNDA:0,(anonymous_9)
FNDA:0,(anonymous_10)
FNDA:0,(anonymous_11)
FNDA:0,(anonymous_12)
DA:2,0
DA:3,0
DA:4,0
DA:5,0
DA:6,0
DA:7,0
DA:9,0
DA:10,0
DA:11,0
DA:12,0
DA:13,0
DA:14,0
DA:16,0
DA:17,0
DA:20,0
DA:21,0
DA:23,0
DA:27,0
DA:30,0
DA:119,0
DA:148,0
DA:186,0
DA:227,0
DA:269,0
DA:280,0
DA:288,0
DA:315,0
DA:346,0
LF:28
LH:0
BRDA:17,0,0,0
BRDA:17,0,1,0
BRDA:20,1,0,0
BRDA:20,1,1,0
BRDA:20,2,0,0
BRDA:20,2,1,0
BRDA:49,3,0,0
BRDA:49,3,1,0
BRDA:55,4,0,0
BRDA:55,4,1,0
BRDA:56,5,0,0
BRDA:56,5,1,0
BRDA:60,6,0,0
BRDA:60,6,1,0
BRDA:188,7,0,0
BRDA:188,7,1,0
BRDA:191,8,0,0
BRDA:191,8,1,0
BRDA:220,9,0,0
BRF:19
BRH:0
end_of_record
TN:
SF:components\HeaderAdvanced.tsx
FN:11,HeaderAdvanced
FN:19,(anonymous_3)
FN:33,(anonymous_4)
FN:34,(anonymous_5)
FN:37,(anonymous_6)
FN:177,(anonymous_7)
FN:197,(anonymous_8)
FN:225,(anonymous_9)
FN:255,(anonymous_10)
FN:304,(anonymous_11)
FN:344,(anonymous_12)
FN:351,(anonymous_13)
FN:363,(anonymous_14)
FN:367,(anonymous_15)
FN:387,(anonymous_16)
FN:397,(anonymous_17)
FN:424,(anonymous_18)
FN:432,(anonymous_19)
FN:433,(anonymous_20)
FN:434,(anonymous_21)
FN:443,(anonymous_22)
FN:459,(anonymous_23)
FNF:22
FNH:0
FNDA:0,HeaderAdvanced
FNDA:0,(anonymous_3)
FNDA:0,(anonymous_4)
FNDA:0,(anonymous_5)
FNDA:0,(anonymous_6)
FNDA:0,(anonymous_7)
FNDA:0,(anonymous_8)
FNDA:0,(anonymous_9)
FNDA:0,(anonymous_10)
FNDA:0,(anonymous_11)
FNDA:0,(anonymous_12)
FNDA:0,(anonymous_13)
FNDA:0,(anonymous_14)
FNDA:0,(anonymous_15)
FNDA:0,(anonymous_16)
FNDA:0,(anonymous_17)
FNDA:0,(anonymous_18)
FNDA:0,(anonymous_19)
FNDA:0,(anonymous_20)
FNDA:0,(anonymous_21)
FNDA:0,(anonymous_22)
FNDA:0,(anonymous_23)
DA:2,0
DA:3,0
DA:4,0
DA:5,0
DA:6,0
DA:7,0
DA:8,0
DA:9,0
DA:11,0
DA:12,0
DA:13,0
DA:14,0
DA:15,0
DA:16,0
DA:17,0
DA:19,0
DA:20,0
DA:22,0
DA:23,0
DA:24,0
DA:26,0
DA:29,0
DA:33,0
DA:34,0
DA:35,0
DA:36,0
DA:37,0
DA:41,0
DA:99,0
DA:178,0
DA:198,0
DA:199,0
DA:226,0
DA:227,0
DA:255,0
DA:304,0
DA:344,0
DA:352,0
DA:364,0
DA:367,0
DA:387,0
DA:397,0
DA:424,0
DA:433,0
DA:435,0
DA:443,0
DA:459,0
LF:47
LH:0
BRDA:20,0,0,0
BRDA:20,0,1,0
BRDA:22,1,0,0
BRDA:22,1,1,0
BRDA:22,2,0,0
BRDA:22,2,1,0
BRDA:35,3,0,0
BRDA:113,4,0,0
BRDA:113,4,1,0
BRDA:119,5,0,0
BRDA:119,5,1,0
BRDA:120,6,0,0
BRDA:120,6,1,0
BRDA:124,7,0,0
BRDA:124,7,1,0
BRDA:199,8,0,0
BRDA:199,8,1,0
BRDA:202,9,0,0
BRDA:202,9,1,0
BRDA:211,10,0,0
BRDA:211,10,1,0
BRDA:227,11,0,0
BRDA:227,11,1,0
BRDA:230,12,0,0
BRDA:230,12,1,0
BRDA:239,13,0,0
BRDA:239,13,1,0
BRDA:308,14,0,0
BRDA:308,14,1,0
BRDA:337,15,0,0
BRDA:337,15,1,0
BRDA:391,16,0,0
BRF:32
BRH:0
end_of_record
TN:
SF:components\Hero.tsx
FN:5,Hero
FNF:1
FNH:0
FNDA:0,Hero
DA:2,0
DA:3,0
DA:5,0
LF:3
LH:0
BRF:0
BRH:0
end_of_record
TN:
SF:components\HybridNavLayout.tsx
FN:10,HybridNavLayout
FN:13,(anonymous_3)
FN:15,(anonymous_4)
FN:21,(anonymous_5)
FNF:4
FNH:0
FNDA:0,HybridNavLayout
FNDA:0,(anonymous_3)
FNDA:0,(anonymous_4)
FNDA:0,(anonymous_5)
DA:2,0
DA:3,0
DA:4,0
DA:10,0
DA:11,0
DA:13,0
DA:15,0
DA:16,0
DA:19,0
DA:20,0
DA:21,0
LF:11
LH:0
BRDA:28,0,0,0
BRF:1
BRH:0
end_of_record
TN:
SF:components\KnowledgeBase.tsx
FN:16,KnowledgeBase
FN:68,(anonymous_2)
FN:74,(anonymous_3)
FN:101,(anonymous_4)
FN:112,(anonymous_5)
FN:115,(anonymous_6)
FN:141,(anonymous_7)
FN:144,(anonymous_8)
FN:170,(anonymous_9)
FN:193,(anonymous_10)
FN:200,(anonymous_11)
FNF:11
FNH:0
FNDA:0,KnowledgeBase
FNDA:0,(anonymous_2)
FNDA:0,(anonymous_3)
FNDA:0,(anonymous_4)
FNDA:0,(anonymous_5)
FNDA:0,(anonymous_6)
FNDA:0,(anonymous_7)
FNDA:0,(anonymous_8)
FNDA:0,(anonymous_9)
FNDA:0,(anonymous_10)
FNDA:0,(anonymous_11)
DA:3,0
DA:4,0
DA:16,0
DA:17,0
DA:18,0
DA:19,0
DA:21,0
DA:29,0
DA:68,0
DA:69,0
DA:70,0
DA:71,0
DA:74,0
DA:75,0
DA:101,0
DA:113,0
DA:115,0
DA:142,0
DA:144,0
DA:170,0
DA:193,0
DA:200,0
LF:22
LH:0
BRDA:70,0,0,0
BRDA:70,0,1,0
BRDA:71,1,0,0
BRDA:71,1,1,0
BRDA:85,2,0,0
BRDA:117,3,0,0
BRDA:117,3,1,0
BRDA:136,4,0,0
BRF:8
BRH:0
end_of_record
TN:
SF:components\LanguageToggle.tsx
FN:6,LanguageToggle
FN:11,(anonymous_2)
FN:25,(anonymous_3)
FN:31,(anonymous_4)
FN:43,(anonymous_5)
FN:65,(anonymous_6)
FN:73,(anonymous_7)
FN:121,(anonymous_8)
FN:122,(anonymous_9)
FN:123,(anonymous_10)
FNF:10
FNH:0
FNDA:0,LanguageToggle
FNDA:0,(anonymous_2)
FNDA:0,(anonymous_3)
FNDA:0,(anonymous_4)
FNDA:0,(anonymous_5)
FNDA:0,(anonymous_6)
FNDA:0,(anonymous_7)
FNDA:0,(anonymous_8)
FNDA:0,(anonymous_9)
FNDA:0,(anonymous_10)
DA:2,0
DA:3,0
DA:4,0
DA:6,0
DA:7,0
DA:8,0
DA:9,0
DA:11,0
DA:12,0
DA:13,0
DA:16,0
DA:25,0
DA:26,0
DA:27,0
DA:28,0
DA:31,0
DA:43,0
DA:66,0
DA:73,0
DA:121,0
DA:122,0
DA:123,0
LF:22
LH:0
BRDA:13,0,0,0
BRDA:36,1,0,0
BRDA:75,2,0,0
BRDA:75,2,1,0
BRDA:83,3,0,0
BRDA:83,3,1,0
BRDA:91,4,0,0
BRDA:91,4,1,0
BRDA:97,5,0,0
BRDA:130,6,0,0
BRDA:130,6,1,0
BRDA:137,7,0,0
BRDA:137,7,1,0
BRDA:143,8,0,0
BRDA:143,8,1,0
BRDA:161,9,0,0
BRDA:161,9,1,0
BRF:17
BRH:0
end_of_record
TN:
SF:components\LazyImage.tsx
FN:14,LazyImage
FN:25,(anonymous_2)
FN:27,(anonymous_3)
FN:28,(anonymous_4)
FN:42,(anonymous_5)
FN:45,(anonymous_6)
FNF:6
FNH:0
FNDA:0,LazyImage
FNDA:0,(anonymous_2)
FNDA:0,(anonymous_3)
FNDA:0,(anonymous_4)
FNDA:0,(anonymous_5)
FNDA:0,(anonymous_6)
DA:2,0
DA:3,0
DA:14,0
DA:21,0
DA:22,0
DA:23,0
DA:25,0
DA:26,0
DA:28,0
DA:29,0
DA:30,0
DA:31,0
DA:38,0
DA:39,0
DA:42,0
DA:45,0
DA:46,0
DA:47,0
LF:18
LH:0
BRDA:17,0,0,0
BRDA:18,1,0,0
BRDA:29,2,0,0
BRDA:38,3,0,0
BRDA:56,4,0,0
BRDA:56,4,1,0
BRDA:61,5,0,0
BRDA:61,5,1,0
BRF:8
BRH:0
end_of_record
TN:
SF:components\LazyLoadWrapper.tsx
FN:11,LazyLoadWrapper
FN:20,(anonymous_2)
FN:22,(anonymous_3)
FN:38,(anonymous_4)
FNF:4
FNH:0
FNDA:0,LazyLoadWrapper
FNDA:0,(anonymous_2)
FNDA:0,(anonymous_3)
FNDA:0,(anonymous_4)
DA:2,0
DA:11,0
DA:17,0
DA:18,0
DA:20,0
DA:21,0
DA:23,0
DA:24,0
DA:25,0
DA:34,0
DA:35,0
DA:38,0
LF:12
LH:0
BRDA:13,0,0,0
BRDA:14,1,0,0
BRDA:23,2,0,0
BRDA:34,3,0,0
BRDA:43,4,0,0
BRDA:43,5,0,0
BRF:6
BRH:0
end_of_record
TN:
SF:components\LiveChat.tsx
FN:13,LiveChat
FN:27,(anonymous_2)
FN:31,(anonymous_3)
FN:50,(anonymous_4)
FN:66,(anonymous_5)
FN:76,(anonymous_6)
FN:81,(anonymous_7)
FN:88,(anonymous_8)
FN:93,(anonymous_9)
FN:95,(anonymous_10)
FN:109,(anonymous_11)
FN:140,(anonymous_12)
FN:149,(anonymous_13)
FN:209,(anonymous_14)
FN:212,(anonymous_15)
FN:228,(anonymous_16)
FN:229,(anonymous_17)
FNF:17
FNH:0
FNDA:0,LiveChat
FNDA:0,(anonymous_2)
FNDA:0,(anonymous_3)
FNDA:0,(anonymous_4)
FNDA:0,(anonymous_5)
FNDA:0,(anonymous_6)
FNDA:0,(anonymous_7)
FNDA:0,(anonymous_8)
FNDA:0,(anonymous_9)
FNDA:0,(anonymous_10)
FNDA:0,(anonymous_11)
FNDA:0,(anonymous_12)
FNDA:0,(anonymous_13)
FNDA:0,(anonymous_14)
FNDA:0,(anonymous_15)
FNDA:0,(anonymous_16)
FNDA:0,(anonymous_17)
DA:2,0
DA:3,0
DA:4,0
DA:13,0
DA:14,0
DA:15,0
DA:23,0
DA:24,0
DA:25,0
DA:27,0
DA:28,0
DA:31,0
DA:32,0
DA:35,0
DA:42,0
DA:50,0
DA:51,0
DA:53,0
DA:54,0
DA:55,0
DA:56,0
DA:57,0
DA:58,0
DA:59,0
DA:60,0
DA:63,0
DA:66,0
DA:67,0
DA:69,0
DA:76,0
DA:77,0
DA:78,0
DA:81,0
DA:82,0
DA:88,0
DA:89,0
DA:93,0
DA:94,0
DA:95,0
DA:109,0
DA:140,0
DA:150,0
DA:210,0
DA:212,0
DA:228,0
DA:229,0
LF:46
LH:0
BRDA:53,0,0,0
BRDA:53,0,1,0
BRDA:53,1,0,0
BRDA:53,1,1,0
BRDA:55,2,0,0
BRDA:55,2,1,0
BRDA:55,3,0,0
BRDA:55,3,1,0
BRDA:55,3,2,0
BRDA:57,4,0,0
BRDA:57,4,1,0
BRDA:57,5,0,0
BRDA:57,5,1,0
BRDA:57,5,2,0
BRDA:59,6,0,0
BRDA:59,7,0,0
BRDA:59,7,1,0
BRDA:59,7,2,0
BRDA:67,8,0,0
BRDA:102,9,0,0
BRDA:120,10,0,0
BRDA:154,11,0,0
BRDA:154,11,1,0
BRDA:157,12,0,0
BRDA:157,12,1,0
BRDA:162,13,0,0
BRDA:167,14,0,0
BRDA:167,14,1,0
BRDA:169,15,0,0
BRDA:169,15,1,0
BRDA:182,16,0,0
BRDA:205,17,0,0
BRDA:229,18,0,0
BRDA:229,18,1,0
BRF:34
BRH:0
end_of_record
TN:
SF:components\LoadingSpinner.tsx
FN:10,LoadingSpinner
FNF:1
FNH:0
FNDA:0,LoadingSpinner
DA:2,0
DA:10,0
DA:11,0
LF:3
LH:0
BRDA:10,0,0,0
BRDA:28,1,0,0
BRF:2
BRH:0
end_of_record
TN:
SF:components\LocationBanner.tsx
FN:6,LocationBanner
FN:10,(anonymous_2)
FN:13,(anonymous_3)
FN:14,(anonymous_4)
FN:18,(anonymous_5)
FNF:5
FNH:0
FNDA:0,LocationBanner
FNDA:0,(anonymous_2)
FNDA:0,(anonymous_3)
FNDA:0,(anonymous_4)
FNDA:0,(anonymous_5)
DA:2,0
DA:3,0
DA:4,0
DA:6,0
DA:7,0
DA:8,0
DA:10,0
DA:12,0
DA:13,0
DA:15,0
DA:16,0
DA:19,0
DA:20,0
DA:24,0
LF:14
LH:0
BRDA:24,0,0,0
BRF:1
BRH:0
end_of_record
TN:
SF:components\MaterialIcon.tsx
FN:9,MaterialIcon
FNF:1
FNH:0
FNDA:0,MaterialIcon
DA:9,0
DA:16,0
DA:17,0
DA:18,0
LF:4
LH:0
BRDA:11,0,0,0
BRDA:12,1,0,0
BRDA:13,2,0,0
BRDA:16,3,0,0
BRDA:16,3,1,0
BRDA:16,4,0,0
BRDA:16,4,1,0
BRDA:17,5,0,0
BRDA:17,5,1,0
BRDA:18,6,0,0
BRDA:18,6,1,0
BRF:11
BRH:0
end_of_record
TN:
SF:components\MetricsSection.tsx
FN:12,AnimatedCounter
FN:18,(anonymous_2)
FN:24,(anonymous_3)
FN:25,(anonymous_4)
FN:35,MetricsSection
FN:89,(anonymous_6)
FNF:6
FNH:0
FNDA:0,AnimatedCounter
FNDA:0,(anonymous_2)
FNDA:0,(anonymous_3)
FNDA:0,(anonymous_4)
FNDA:0,MetricsSection
FNDA:0,(anonymous_6)
DA:2,0
DA:3,0
DA:4,0
DA:13,0
DA:14,0
DA:15,0
DA:16,0
DA:18,0
DA:19,0
DA:20,0
DA:24,0
DA:25,0
DA:26,0
DA:27,0
DA:35,0
DA:36,0
DA:90,0
DA:91,0
LF:18
LH:0
BRDA:12,0,0,0
BRDA:12,1,0,0
BRDA:19,2,0,0
BRDA:26,3,0,0
BRF:4
BRH:0
end_of_record
TN:
SF:components\Modal.tsx
FN:16,Modal
FN:32,(anonymous_2)
FN:33,(anonymous_3)
FN:42,(anonymous_4)
FNF:4
FNH:0
FNDA:0,Modal
FNDA:0,(anonymous_2)
FNDA:0,(anonymous_3)
FNDA:0,(anonymous_4)
DA:2,0
DA:3,0
DA:4,0
DA:16,0
DA:24,0
DA:32,0
DA:33,0
DA:34,0
DA:37,0
DA:38,0
DA:39,0
DA:42,0
DA:43,0
DA:44,0
LF:14
LH:0
BRDA:21,0,0,0
BRDA:22,1,0,0
BRDA:34,2,0,0
BRDA:37,3,0,0
BRDA:50,4,0,0
BRDA:70,5,0,0
BRDA:70,5,1,0
BRDA:72,6,0,0
BRDA:77,7,0,0
BRF:9
BRH:0
end_of_record
TN:
SF:components\Newsletter.tsx
FN:6,Newsletter
FN:11,(anonymous_2)
FN:69,(anonymous_3)
FNF:3
FNH:0
FNDA:0,Newsletter
FNDA:0,(anonymous_2)
FNDA:0,(anonymous_3)
DA:2,0
DA:3,0
DA:4,0
DA:6,0
DA:7,0
DA:8,0
DA:9,0
DA:11,0
DA:12,0
DA:13,0
DA:15,0
DA:16,0
DA:22,0
DA:24,0
DA:25,0
DA:26,0
DA:27,0
DA:29,0
DA:30,0
DA:33,0
DA:34,0
DA:69,0
LF:22
LH:0
BRDA:24,0,0,0
BRDA:24,0,1,0
BRDA:84,1,0,0
BRDA:94,2,0,0
BRDA:103,3,0,0
BRF:5
BRH:0
end_of_record
TN:
SF:components\NotificationCenter.tsx
FN:15,NotificationCenter
FN:28,(anonymous_2)
FN:30,(anonymous_3)
FN:31,(anonymous_4)
FN:32,(anonymous_5)
FN:36,(anonymous_6)
FN:37,(anonymous_7)
FN:37,(anonymous_8)
FN:40,(anonymous_9)
FN:41,(anonymous_10)
FN:41,(anonymous_11)
FN:44,(anonymous_12)
FN:57,(anonymous_13)
FN:74,(anonymous_14)
FN:91,(anonymous_15)
FN:121,(anonymous_16)
FN:130,(anonymous_17)
FN:148,(anonymous_18)
FNF:18
FNH:0
FNDA:0,NotificationCenter
FNDA:0,(anonymous_2)
FNDA:0,(anonymous_3)
FNDA:0,(anonymous_4)
FNDA:0,(anonymous_5)
FNDA:0,(anonymous_6)
FNDA:0,(anonymous_7)
FNDA:0,(anonymous_8)
FNDA:0,(anonymous_9)
FNDA:0,(anonymous_10)
FNDA:0,(anonymous_11)
FNDA:0,(anonymous_12)
FNDA:0,(anonymous_13)
FNDA:0,(anonymous_14)
FNDA:0,(anonymous_15)
FNDA:0,(anonymous_16)
FNDA:0,(anonymous_17)
FNDA:0,(anonymous_18)
DA:2,0
DA:3,0
DA:4,0
DA:15,0
DA:16,0
DA:17,0
DA:28,0
DA:30,0
DA:31,0
DA:32,0
DA:36,0
DA:37,0
DA:40,0
DA:41,0
DA:44,0
DA:45,0
DA:57,0
DA:58,0
DA:60,0
DA:62,0
DA:64,0
DA:66,0
DA:74,0
DA:91,0
DA:122,0
DA:130,0
DA:149,0
DA:150,0
LF:28
LH:0
BRDA:32,0,0,0
BRDA:32,0,1,0
BRDA:58,1,0,0
BRDA:58,1,1,0
BRDA:58,1,2,0
BRDA:58,1,3,0
BRDA:78,2,0,0
BRDA:87,3,0,0
BRDA:102,4,0,0
BRDA:115,5,0,0
BRDA:128,6,0,0
BRDA:128,6,1,0
BRF:12
BRH:0
end_of_record
TN:
SF:components\NotificationSettings.tsx
FN:25,NotificationSettings
FN:46,(anonymous_2)
FN:51,(anonymous_3)
FN:61,(anonymous_4)
FN:88,(anonymous_5)
FN:126,(anonymous_6)
FN:142,(anonymous_7)
FN:158,(anonymous_8)
FN:197,(anonymous_9)
FN:213,(anonymous_10)
FN:229,(anonymous_11)
FN:257,(anonymous_12)
FN:274,(anonymous_13)
FNF:13
FNH:0
FNDA:0,NotificationSettings
FNDA:0,(anonymous_2)
FNDA:0,(anonymous_3)
FNDA:0,(anonymous_4)
FNDA:0,(anonymous_5)
FNDA:0,(anonymous_6)
FNDA:0,(anonymous_7)
FNDA:0,(anonymous_8)
FNDA:0,(anonymous_9)
FNDA:0,(anonymous_10)
FNDA:0,(anonymous_11)
FNDA:0,(anonymous_12)
FNDA:0,(anonymous_13)
DA:3,0
DA:4,0
DA:5,0
DA:25,0
DA:26,0
DA:43,0
DA:44,0
DA:46,0
DA:47,0
DA:48,0
DA:51,0
DA:52,0
DA:53,0
DA:54,0
DA:55,0
DA:57,0
DA:61,0
DA:62,0
DA:63,0
DA:65,0
DA:66,0
DA:68,0
DA:70,0
DA:76,0
DA:83,0
DA:84,0
DA:88,0
DA:89,0
DA:90,0
DA:91,0
DA:96,0
DA:98,0
DA:99,0
DA:101,0
DA:126,0
DA:142,0
DA:158,0
DA:197,0
DA:213,0
DA:229,0
DA:257,0
DA:274,0
LF:42
LH:0
BRDA:47,0,0,0
BRDA:47,0,1,0
BRDA:65,1,0,0
BRDA:68,2,0,0
BRDA:177,3,0,0
BRDA:181,4,0,0
BRDA:265,5,0,0
BRDA:291,6,0,0
BRDA:291,6,1,0
BRF:9
BRH:0
end_of_record
TN:
SF:components\OAuthButtons.tsx
FN:9,OAuthButtons
FN:31,(anonymous_2)
FN:37,(anonymous_3)
FN:40,(anonymous_4)
FNF:4
FNH:0
FNDA:0,OAuthButtons
FNDA:0,(anonymous_2)
FNDA:0,(anonymous_3)
FNDA:0,(anonymous_4)
DA:3,0
DA:9,0
DA:10,0
DA:31,0
DA:32,0
DA:38,0
DA:40,0
LF:7
LH:0
BRDA:9,0,0,0
BRF:1
BRH:0
end_of_record
TN:
SF:components\OptimizedImage.tsx
FN:18,OptimizedImage
FN:34,(anonymous_3)
FN:38,(anonymous_4)
FN:39,(anonymous_5)
FN:55,(anonymous_6)
FN:83,(anonymous_7)
FNF:6
FNH:0
FNDA:0,OptimizedImage
FNDA:0,(anonymous_3)
FNDA:0,(anonymous_4)
FNDA:0,(anonymous_5)
FNDA:0,(anonymous_6)
FNDA:0,(anonymous_7)
DA:2,0
DA:3,0
DA:18,0
DA:30,0
DA:31,0
DA:32,0
DA:34,0
DA:35,0
DA:37,0
DA:39,0
DA:40,0
DA:41,0
DA:42,0
DA:51,0
DA:52,0
DA:55,0
DA:83,0
LF:17
LH:0
BRDA:23,0,0,0
BRDA:24,1,0,0
BRDA:25,2,0,0
BRDA:26,3,0,0
BRDA:28,4,0,0
BRDA:35,5,0,0
BRDA:40,6,0,0
BRDA:51,7,0,0
BRDA:62,8,0,0
BRDA:62,8,1,0
BRDA:62,9,0,0
BRDA:62,9,1,0
BRDA:62,9,2,0
BRDA:64,10,0,0
BRDA:67,11,0,0
BRDA:74,12,0,0
BRDA:74,12,1,0
BRDA:75,13,0,0
BRDA:75,13,1,0
BRDA:81,14,0,0
BRDA:81,14,1,0
BRDA:82,15,0,0
BRDA:82,15,1,0
BRDA:82,16,0,0
BRDA:82,16,1,0
BRDA:84,17,0,0
BRDA:84,17,1,0
BRF:27
BRH:0
end_of_record
TN:
SF:components\PWAInstallPrompt.tsx
FN:6,PWAInstallPrompt
FN:10,(anonymous_2)
FN:11,(anonymous_3)
FN:16,(anonymous_4)
FN:26,(anonymous_5)
FN:31,(anonymous_6)
FN:45,(anonymous_7)
FNF:7
FNH:0
FNDA:0,PWAInstallPrompt
FNDA:0,(anonymous_2)
FNDA:0,(anonymous_3)
FNDA:0,(anonymous_4)
FNDA:0,(anonymous_5)
FNDA:0,(anonymous_6)
FNDA:0,(anonymous_7)
DA:2,0
DA:3,0
DA:4,0
DA:6,0
DA:7,0
DA:8,0
DA:10,0
DA:11,0
DA:12,0
DA:13,0
DA:16,0
DA:17,0
DA:18,0
DA:19,0
DA:24,0
DA:26,0
DA:27,0
DA:31,0
DA:32,0
DA:34,0
DA:35,0
DA:37,0
DA:38,0
DA:41,0
DA:42,0
DA:45,0
DA:46,0
DA:47,0
LF:28
LH:0
BRDA:18,0,0,0
BRDA:32,1,0,0
BRDA:37,2,0,0
BRDA:52,3,0,0
BRF:4
BRH:0
end_of_record
TN:
SF:components\PageTransition.tsx
FN:9,PageTransition
FNF:1
FNH:0
FNDA:0,PageTransition
DA:2,0
DA:9,0
LF:2
LH:0
BRF:0
BRH:0
end_of_record
TN:
SF:components\ParticleBackground.tsx
FN:4,ParticleBackground
FN:5,(anonymous_2)
FN:15,(anonymous_3)
FNF:3
FNH:0
FNDA:0,ParticleBackground
FNDA:0,(anonymous_2)
FNDA:0,(anonymous_3)
DA:2,0
DA:4,0
DA:5,0
DA:16,0
LF:4
LH:0
BRF:0
BRH:0
end_of_record
TN:
SF:components\PerformanceMonitor.tsx
FN:9,PerformanceMonitor
FN:10,(anonymous_2)
FN:17,(anonymous_3)
FN:25,(anonymous_4)
FN:27,(anonymous_5)
FN:35,(anonymous_6)
FN:46,(anonymous_7)
FN:48,(anonymous_8)
FN:54,(anonymous_9)
FNF:9
FNH:0
FNDA:0,PerformanceMonitor
FNDA:0,(anonymous_2)
FNDA:0,(anonymous_3)
FNDA:0,(anonymous_4)
FNDA:0,(anonymous_5)
FNDA:0,(anonymous_6)
FNDA:0,(anonymous_7)
FNDA:0,(anonymous_8)
FNDA:0,(anonymous_9)
DA:2,0
DA:9,0
DA:10,0
DA:12,0
DA:15,0
DA:17,0
DA:18,0
DA:19,0
DA:20,0
DA:22,0
DA:25,0
DA:26,0
DA:27,0
DA:28,0
DA:31,0
DA:34,0
DA:35,0
DA:36,0
DA:37,0
DA:38,0
DA:39,0
DA:43,0
DA:46,0
DA:47,0
DA:48,0
DA:49,0
DA:52,0
DA:54,0
DA:55,0
DA:56,0
DA:57,0
DA:58,0
DA:63,0
LF:33
LH:0
BRDA:12,0,0,0
BRDA:15,1,0,0
BRDA:15,2,0,0
BRDA:15,2,1,0
BRDA:20,3,0,0
BRDA:20,3,1,0
BRDA:37,4,0,0
BRF:7
BRH:0
end_of_record
TN:
SF:components\PremiumNavbar.tsx
FN:9,PremiumNavbar
FN:17,(anonymous_3)
FN:127,(anonymous_4)
FN:133,(anonymous_5)
FN:171,(anonymous_6)
FN:209,(anonymous_7)
FN:248,(anonymous_8)
FN:252,(anonymous_9)
FN:256,(anonymous_10)
FN:293,(anonymous_11)
FN:321,(anonymous_12)
FN:330,(anonymous_13)
FN:339,(anonymous_14)
FN:356,(anonymous_15)
FN:370,(anonymous_16)
FN:391,(anonymous_17)
FNF:16
FNH:0
FNDA:0,PremiumNavbar
FNDA:0,(anonymous_3)
FNDA:0,(anonymous_4)
FNDA:0,(anonymous_5)
FNDA:0,(anonymous_6)
FNDA:0,(anonymous_7)
FNDA:0,(anonymous_8)
FNDA:0,(anonymous_9)
FNDA:0,(anonymous_10)
FNDA:0,(anonymous_11)
FNDA:0,(anonymous_12)
FNDA:0,(anonymous_13)
FNDA:0,(anonymous_14)
FNDA:0,(anonymous_15)
FNDA:0,(anonymous_16)
FNDA:0,(anonymous_17)
DA:2,0
DA:3,0
DA:4,0
DA:5,0
DA:6,0
DA:7,0
DA:9,0
DA:10,0
DA:11,0
DA:12,0
DA:13,0
DA:14,0
DA:15,0
DA:17,0
DA:18,0
DA:20,0
DA:21,0
DA:22,0
DA:24,0
DA:27,0
DA:30,0
DA:38,0
DA:128,0
DA:133,0
DA:171,0
DA:209,0
DA:248,0
DA:253,0
DA:256,0
DA:293,0
DA:321,0
DA:331,0
DA:339,0
DA:356,0
DA:371,0
DA:391,0
LF:36
LH:0
BRDA:18,0,0,0
BRDA:18,0,1,0
BRDA:20,1,0,0
BRDA:20,1,1,0
BRDA:20,2,0,0
BRDA:20,2,1,0
BRDA:56,3,0,0
BRDA:56,3,1,0
BRDA:62,4,0,0
BRDA:62,4,1,0
BRDA:69,5,0,0
BRDA:69,5,1,0
BRDA:130,6,0,0
BRDA:133,7,0,0
BRDA:133,7,1,0
BRDA:135,8,0,0
BRDA:135,8,1,0
BRDA:143,9,0,0
BRDA:143,9,1,0
BRDA:213,10,0,0
BRDA:213,10,1,0
BRDA:241,11,0,0
BRDA:287,12,0,0
BRF:23
BRH:0
end_of_record
TN:
SF:components\PricingSection.tsx
FN:5,PricingSection
FN:83,(anonymous_2)
FN:122,(anonymous_3)
FNF:3
FNH:0
FNDA:0,PricingSection
FNDA:0,(anonymous_2)
FNDA:0,(anonymous_3)
DA:2,0
DA:3,0
DA:5,0
DA:6,0
DA:84,0
DA:123,0
LF:6
LH:0
BRDA:92,0,0,0
BRDA:92,0,1,0
BRDA:97,1,0,0
BRDA:138,2,0,0
BRDA:138,2,1,0
BRF:5
BRH:0
end_of_record
TN:
SF:components\ProcessSection.tsx
FN:5,ProcessSection
FN:52,(anonymous_2)
FNF:2
FNH:0
FNDA:0,ProcessSection
FNDA:0,(anonymous_2)
DA:2,0
DA:3,0
DA:5,0
DA:6,0
DA:53,0
DA:54,0
LF:6
LH:0
BRF:0
BRH:0
end_of_record
TN:
SF:components\ProgressBar.tsx
FN:6,ProgressBar
FNF:1
FNH:0
FNDA:0,ProgressBar
DA:3,0
DA:6,0
DA:7,0
DA:8,0
LF:4
LH:0
BRF:0
BRH:0
end_of_record
TN:
SF:components\QuoteBuilder.tsx
FN:14,QuoteBuilder
FN:31,(anonymous_2)
FN:42,(anonymous_3)
FN:43,(anonymous_4)
FN:46,(anonymous_5)
FN:47,(anonymous_6)
FN:52,(anonymous_7)
FN:56,(anonymous_8)
FN:61,(anonymous_9)
FN:82,(anonymous_10)
FN:85,(anonymous_11)
FN:105,(anonymous_12)
FN:112,(anonymous_13)
FN:119,(anonymous_14)
FN:135,(anonymous_15)
FN:140,(anonymous_16)
FN:150,(anonymous_17)
FN:162,(anonymous_18)
FN:172,(anonymous_19)
FNF:19
FNH:0
FNDA:0,QuoteBuilder
FNDA:0,(anonymous_2)
FNDA:0,(anonymous_3)
FNDA:0,(anonymous_4)
FNDA:0,(anonymous_5)
FNDA:0,(anonymous_6)
FNDA:0,(anonymous_7)
FNDA:0,(anonymous_8)
FNDA:0,(anonymous_9)
FNDA:0,(anonymous_10)
FNDA:0,(anonymous_11)
FNDA:0,(anonymous_12)
FNDA:0,(anonymous_13)
FNDA:0,(anonymous_14)
FNDA:0,(anonymous_15)
FNDA:0,(anonymous_16)
FNDA:0,(anonymous_17)
FNDA:0,(anonymous_18)
FNDA:0,(anonymous_19)
DA:3,0
DA:4,0
DA:14,0
DA:15,0
DA:16,0
DA:22,0
DA:31,0
DA:32,0
DA:39,0
DA:42,0
DA:43,0
DA:46,0
DA:47,0
DA:48,0
DA:52,0
DA:53,0
DA:54,0
DA:56,0
DA:58,0
DA:61,0
DA:62,0
DA:68,0
DA:69,0
DA:83,0
DA:85,0
DA:105,0
DA:112,0
DA:119,0
DA:136,0
DA:140,0
DA:150,0
DA:162,0
DA:172,0
LF:33
LH:0
BRDA:48,0,0,0
BRDA:48,0,1,0
BRDA:68,1,0,0
BRDA:130,2,0,0
BRDA:188,3,0,0
BRF:5
BRH:0
end_of_record
TN:
SF:components\SEOEnhanced.tsx
FN:12,generateSEO
FN:59,generateOrganizationSchema
FN:93,generateBreadcrumbSchema
FN:97,(anonymous_8)
FN:106,generateServiceSchema
FNF:5
FNH:0
FNDA:0,generateSEO
FNDA:0,generateOrganizationSchema
FNDA:0,generateBreadcrumbSchema
FNDA:0,(anonymous_8)
FNDA:0,generateServiceSchema
DA:12,0
DA:20,0
DA:21,0
DA:23,0
DA:59,0
DA:60,0
DA:93,0
DA:94,0
DA:97,0
DA:106,0
DA:112,0
LF:11
LH:0
BRDA:15,0,0,0
BRDA:16,1,0,0
BRDA:18,2,0,0
BRDA:20,3,0,0
BRDA:20,3,1,0
BRDA:28,4,0,0
BRDA:28,4,1,0
BRDA:30,5,0,0
BRDA:30,5,1,0
BRDA:35,6,0,0
BRDA:35,6,1,0
BRF:11
BRH:0
end_of_record
TN:
SF:components\SEOHead.tsx
FN:16,SEOHead
FNF:1
FNH:0
FNDA:0,SEOHead
DA:2,0
DA:16,0
DA:26,0
LF:3
LH:0
BRDA:17,0,0,0
BRDA:18,1,0,0
BRDA:19,2,0,0
BRDA:20,3,0,0
BRDA:21,4,0,0
BRDA:23,5,0,0
BRDA:26,6,0,0
BRDA:26,6,1,0
BRDA:34,7,0,0
BRDA:51,8,0,0
BRDA:54,9,0,0
BRDA:57,10,0,0
BRF:12
BRH:0
end_of_record
TN:
SF:components\ScrollToTop.tsx
FN:6,ScrollToTop
FN:11,(anonymous_2)
FN:12,(anonymous_3)
FN:23,(anonymous_4)
FN:26,(anonymous_5)
FN:43,(anonymous_6)
FN:44,(anonymous_7)
FN:127,(anonymous_8)
FNF:8
FNH:0
FNDA:0,ScrollToTop
FNDA:0,(anonymous_2)
FNDA:0,(anonymous_3)
FNDA:0,(anonymous_4)
FNDA:0,(anonymous_5)
FNDA:0,(anonymous_6)
FNDA:0,(anonymous_7)
FNDA:0,(anonymous_8)
DA:2,0
DA:3,0
DA:4,0
DA:6,0
DA:7,0
DA:8,0
DA:9,0
DA:11,0
DA:12,0
DA:13,0
DA:14,0
DA:15,0
DA:17,0
DA:18,0
DA:21,0
DA:22,0
DA:23,0
DA:26,0
DA:27,0
DA:43,0
DA:44,0
DA:128,0
LF:22
LH:0
BRDA:35,0,0,0
BRDA:53,1,0,0
BRDA:53,1,1,0
BRDA:54,2,0,0
BRDA:54,2,1,0
BRDA:95,3,0,0
BRDA:95,3,1,0
BRDA:101,4,0,0
BRDA:101,4,1,0
BRDA:125,5,0,0
BRDA:152,6,0,0
BRF:11
BRH:0
end_of_record
TN:
SF:components\SearchModal.tsx
FN:19,SearchModal
FN:38,(anonymous_2)
FN:41,(anonymous_3)
FN:52,(anonymous_4)
FN:58,(anonymous_5)
FN:59,(anonymous_6)
FN:66,(anonymous_7)
FN:69,(anonymous_8)
FN:76,(anonymous_9)
FN:107,(anonymous_10)
FN:129,(anonymous_11)
FNF:11
FNH:0
FNDA:0,SearchModal
FNDA:0,(anonymous_2)
FNDA:0,(anonymous_3)
FNDA:0,(anonymous_4)
FNDA:0,(anonymous_5)
FNDA:0,(anonymous_6)
FNDA:0,(anonymous_7)
FNDA:0,(anonymous_8)
FNDA:0,(anonymous_9)
FNDA:0,(anonymous_10)
FNDA:0,(anonymous_11)
DA:2,0
DA:3,0
DA:4,0
DA:5,0
DA:19,0
DA:20,0
DA:21,0
DA:22,0
DA:23,0
DA:24,0
DA:27,0
DA:38,0
DA:39,0
DA:40,0
DA:42,0
DA:45,0
DA:46,0
DA:48,0
DA:52,0
DA:53,0
DA:54,0
DA:58,0
DA:59,0
DA:60,0
DA:62,0
DA:63,0
DA:64,0
DA:65,0
DA:66,0
DA:67,0
DA:68,0
DA:69,0
DA:70,0
DA:71,0
DA:75,0
DA:76,0
DA:107,0
DA:130,0
LF:38
LH:0
BRDA:39,0,0,0
BRDA:39,0,1,0
BRDA:42,1,0,0
BRDA:42,1,1,0
BRDA:53,2,0,0
BRDA:53,3,0,0
BRDA:53,3,1,0
BRDA:60,4,0,0
BRDA:62,5,0,0
BRDA:62,5,1,0
BRDA:64,6,0,0
BRDA:64,6,1,0
BRDA:66,7,0,0
BRDA:66,7,1,0
BRDA:67,8,0,0
BRDA:67,8,1,0
BRDA:69,9,0,0
BRDA:69,9,1,0
BRDA:70,10,0,0
BRDA:70,11,0,0
BRDA:70,11,1,0
BRDA:81,12,0,0
BRDA:121,13,0,0
BRDA:121,13,1,0
BRDA:127,14,0,0
BRDA:137,15,0,0
BRDA:137,15,1,0
BRDA:161,16,0,0
BRF:28
BRH:0
end_of_record
TN:
SF:components\ServiceWorkerRegister.tsx
FN:4,ServiceWorkerRegister
FN:5,(anonymous_2)
FN:9,(anonymous_3)
FN:13,(anonymous_4)
FN:16,(anonymous_5)
FN:27,(anonymous_6)
FNF:6
FNH:0
FNDA:0,ServiceWorkerRegister
FNDA:0,(anonymous_2)
FNDA:0,(anonymous_3)
FNDA:0,(anonymous_4)
FNDA:0,(anonymous_5)
FNDA:0,(anonymous_6)
DA:2,0
DA:4,0
DA:5,0
DA:6,0
DA:7,0
DA:10,0
DA:13,0
DA:14,0
DA:15,0
DA:16,0
DA:17,0
DA:19,0
DA:20,0
DA:28,0
DA:33,0
LF:15
LH:0
BRDA:6,0,0,0
BRDA:6,1,0,0
BRDA:6,1,1,0
BRDA:15,2,0,0
BRDA:17,3,0,0
BRDA:17,4,0,0
BRDA:17,4,1,0
BRDA:19,5,0,0
BRF:8
BRH:0
end_of_record
TN:
SF:components\ServicesGrid.tsx
FN:5,ServicesGrid
FN:38,(anonymous_2)
FNF:2
FNH:0
FNDA:0,ServicesGrid
FNDA:0,(anonymous_2)
DA:2,0
DA:3,0
DA:5,0
DA:6,0
DA:15,0
DA:25,0
DA:39,0
DA:40,0
LF:8
LH:0
BRF:0
BRH:0
end_of_record
TN:
SF:components\SideNav.tsx
FN:20,SideNav
FN:51,(anonymous_3)
FN:65,(anonymous_4)
FN:78,(anonymous_5)
FN:79,(anonymous_6)
FN:119,(anonymous_7)
FN:140,(anonymous_8)
FNF:7
FNH:0
FNDA:0,SideNav
FNDA:0,(anonymous_3)
FNDA:0,(anonymous_4)
FNDA:0,(anonymous_5)
FNDA:0,(anonymous_6)
FNDA:0,(anonymous_7)
FNDA:0,(anonymous_8)
DA:2,0
DA:3,0
DA:4,0
DA:5,0
DA:6,0
DA:20,0
DA:21,0
DA:22,0
DA:24,0
DA:51,0
DA:52,0
DA:53,0
DA:65,0
DA:78,0
DA:79,0
DA:120,0
DA:141,0
DA:143,0
LF:18
LH:0
BRDA:52,0,0,0
BRDA:60,1,0,0
BRDA:75,2,0,0
BRDA:75,2,1,0
BRDA:95,3,0,0
BRDA:123,4,0,0
BRDA:151,5,0,0
BRDA:151,5,1,0
BRDA:158,6,0,0
BRDA:177,7,0,0
BRDA:191,8,0,0
BRDA:191,8,1,0
BRDA:221,9,0,0
BRDA:243,10,0,0
BRF:14
BRH:0
end_of_record
TN:
SF:components\SideNavLayout.tsx
FN:9,SideNavLayout
FNF:1
FNH:0
FNDA:0,SideNavLayout
DA:3,0
DA:9,0
LF:2
LH:0
BRF:0
BRH:0
end_of_record
TN:
SF:components\SkipToContent.tsx
FN:4,SkipToContent
FNF:1
FNH:0
FNDA:0,SkipToContent
DA:4,0
LF:1
LH:0
BRF:0
BRH:0
end_of_record
TN:
SF:components\TechStack.tsx
FN:6,TechStack
FN:37,(anonymous_2)
FNF:2
FNH:0
FNDA:0,TechStack
FNDA:0,(anonymous_2)
DA:2,0
DA:3,0
DA:4,0
DA:6,0
DA:7,0
DA:38,0
DA:39,0
LF:7
LH:0
BRF:0
BRH:0
end_of_record
TN:
SF:components\Testimonials.tsx
FN:5,Testimonials
FN:78,(anonymous_2)
FN:98,(anonymous_3)
FNF:3
FNH:0
FNDA:0,Testimonials
FNDA:0,(anonymous_2)
FNDA:0,(anonymous_3)
DA:2,0
DA:3,0
DA:5,0
DA:6,0
DA:79,0
DA:99,0
LF:6
LH:0
BRF:0
BRH:0
end_of_record
TN:
SF:components\TestimonialsSlider.tsx
FN:80,TestimonialsSlider
FN:85,(anonymous_2)
FN:88,(anonymous_3)
FN:92,(anonymous_4)
FN:95,(anonymous_5)
FN:97,(anonymous_6)
FN:100,(anonymous_7)
FN:102,(anonymous_8)
FN:105,(anonymous_9)
FN:111,(anonymous_10)
FN:119,(anonymous_11)
FN:157,(anonymous_12)
FN:158,(anonymous_13)
FN:198,(anonymous_14)
FN:261,(anonymous_15)
FN:266,(anonymous_16)
FN:289,(anonymous_17)
FNF:17
FNH:0
FNDA:0,TestimonialsSlider
FNDA:0,(anonymous_2)
FNDA:0,(anonymous_3)
FNDA:0,(anonymous_4)
FNDA:0,(anonymous_5)
FNDA:0,(anonymous_6)
FNDA:0,(anonymous_7)
FNDA:0,(anonymous_8)
FNDA:0,(anonymous_9)
FNDA:0,(anonymous_10)
FNDA:0,(anonymous_11)
FNDA:0,(anonymous_12)
FNDA:0,(anonymous_13)
FNDA:0,(anonymous_14)
FNDA:0,(anonymous_15)
FNDA:0,(anonymous_16)
FNDA:0,(anonymous_17)
DA:2,0
DA:3,0
DA:4,0
DA:17,0
DA:80,0
DA:81,0
DA:82,0
DA:83,0
DA:85,0
DA:86,0
DA:88,0
DA:89,0
DA:92,0
DA:95,0
DA:96,0
DA:97,0
DA:100,0
DA:101,0
DA:102,0
DA:105,0
DA:106,0
DA:107,0
DA:110,0
DA:111,0
DA:119,0
DA:125,0
DA:157,0
DA:158,0
DA:199,0
DA:262,0
DA:266,0
DA:290,0
LF:32
LH:0
BRDA:86,0,0,0
BRDA:106,1,0,0
BRDA:106,1,1,0
BRDA:112,2,0,0
BRDA:112,2,1,0
BRDA:120,3,0,0
BRDA:120,3,1,0
BRDA:268,4,0,0
BRDA:268,4,1,0
BRF:9
BRH:0
end_of_record
TN:
SF:components\ThemeCustomizer.tsx
FN:22,ThemeCustomizer
FN:26,(anonymous_2)
FN:33,(anonymous_3)
FN:37,(anonymous_4)
FN:57,(anonymous_5)
FN:62,(anonymous_6)
FN:67,(anonymous_7)
FN:82,(anonymous_8)
FN:97,(anonymous_9)
FN:114,(anonymous_10)
FN:120,(anonymous_11)
FN:135,(anonymous_12)
FN:141,(anonymous_13)
FN:154,(anonymous_14)
FN:157,(anonymous_15)
FN:177,(anonymous_16)
FN:180,(anonymous_17)
FN:199,(anonymous_18)
FN:202,(anonymous_19)
FNF:19
FNH:0
FNDA:0,ThemeCustomizer
FNDA:0,(anonymous_2)
FNDA:0,(anonymous_3)
FNDA:0,(anonymous_4)
FNDA:0,(anonymous_5)
FNDA:0,(anonymous_6)
FNDA:0,(anonymous_7)
FNDA:0,(anonymous_8)
FNDA:0,(anonymous_9)
FNDA:0,(anonymous_10)
FNDA:0,(anonymous_11)
FNDA:0,(anonymous_12)
FNDA:0,(anonymous_13)
FNDA:0,(anonymous_14)
FNDA:0,(anonymous_15)
FNDA:0,(anonymous_16)
FNDA:0,(anonymous_17)
FNDA:0,(anonymous_18)
FNDA:0,(anonymous_19)
DA:3,0
DA:4,0
DA:14,0
DA:22,0
DA:23,0
DA:24,0
DA:26,0
DA:27,0
DA:28,0
DA:29,0
DA:33,0
DA:34,0
DA:37,0
DA:38,0
DA:41,0
DA:42,0
DA:45,0
DA:46,0
DA:49,0
DA:50,0
DA:53,0
DA:54,0
DA:57,0
DA:58,0
DA:59,0
DA:62,0
DA:63,0
DA:64,0
DA:67,0
DA:68,0
DA:69,0
DA:70,0
DA:72,0
DA:73,0
DA:74,0
DA:75,0
DA:82,0
DA:97,0
DA:114,0
DA:120,0
DA:135,0
DA:141,0
DA:155,0
DA:157,0
DA:178,0
DA:180,0
DA:200,0
DA:202,0
LF:48
LH:0
BRDA:28,0,0,0
BRDA:90,1,0,0
BRDA:159,2,0,0
BRDA:159,2,1,0
BRDA:182,3,0,0
BRDA:182,3,1,0
BRDA:204,4,0,0
BRDA:204,4,1,0
BRF:8
BRH:0
end_of_record
TN:
SF:components\ThemeToggle.tsx
FN:6,ThemeToggle
FN:10,(anonymous_2)
FN:18,(anonymous_3)
FN:38,(anonymous_4)
FN:39,(anonymous_5)
FN:78,(anonymous_6)
FN:108,(anonymous_7)
FNF:7
FNH:0
FNDA:0,ThemeToggle
FNDA:0,(anonymous_2)
FNDA:0,(anonymous_3)
FNDA:0,(anonymous_4)
FNDA:0,(anonymous_5)
FNDA:0,(anonymous_6)
FNDA:0,(anonymous_7)
DA:2,0
DA:3,0
DA:4,0
DA:6,0
DA:7,0
DA:8,0
DA:10,0
DA:11,0
DA:12,0
DA:13,0
DA:14,0
DA:18,0
DA:19,0
DA:20,0
DA:21,0
DA:22,0
DA:24,0
DA:25,0
DA:26,0
DA:38,0
DA:39,0
DA:79,0
DA:109,0
LF:23
LH:0
BRDA:12,0,0,0
BRDA:19,1,0,0
BRDA:19,1,1,0
BRDA:48,2,0,0
BRDA:48,2,1,0
BRDA:59,3,0,0
BRDA:59,3,1,0
BRDA:62,4,0,0
BRDA:62,4,1,0
BRDA:67,5,0,0
BRDA:67,5,1,0
BRDA:86,6,0,0
BRDA:86,6,1,0
BRDA:87,7,0,0
BRDA:87,7,1,0
BRDA:113,8,0,0
BRDA:113,8,1,0
BRDA:113,9,0,0
BRDA:113,9,1,0
BRDA:114,10,0,0
BRDA:114,10,1,0
BRDA:114,11,0,0
BRDA:114,11,1,0
BRDA:117,12,0,0
BRDA:117,12,1,0
BRDA:136,13,0,0
BRDA:143,14,0,0
BRDA:143,14,1,0
BRF:28
BRH:0
end_of_record
TN:
SF:components\Toast.tsx
FN:21,useToast
FN:29,ToastProvider
FN:32,(anonymous_5)
FN:36,(anonymous_6)
FN:39,(anonymous_7)
FN:40,(anonymous_8)
FN:40,(anonymous_9)
FN:45,(anonymous_10)
FN:46,(anonymous_11)
FN:46,(anonymous_12)
FN:69,(anonymous_13)
FN:82,(anonymous_14)
FNF:12
FNH:0
FNDA:0,useToast
FNDA:0,ToastProvider
FNDA:0,(anonymous_5)
FNDA:0,(anonymous_6)
FNDA:0,(anonymous_7)
FNDA:0,(anonymous_8)
FNDA:0,(anonymous_9)
FNDA:0,(anonymous_10)
FNDA:0,(anonymous_11)
FNDA:0,(anonymous_12)
FNDA:0,(anonymous_13)
FNDA:0,(anonymous_14)
DA:2,0
DA:3,0
DA:4,0
DA:19,0
DA:21,0
DA:22,0
DA:23,0
DA:24,0
DA:26,0
DA:29,0
DA:30,0
DA:32,0
DA:33,0
DA:34,0
DA:36,0
DA:38,0
DA:39,0
DA:40,0
DA:45,0
DA:46,0
DA:49,0
DA:56,0
DA:70,0
DA:71,0
DA:82,0
LF:25
LH:0
BRDA:23,0,0,0
BRDA:32,1,0,0
BRDA:38,2,0,0
BRF:3
BRH:0
end_of_record
TN:
SF:components\Tooltip.tsx
FN:13,Tooltip
FN:22,(anonymous_2)
FN:23,(anonymous_3)
FN:26,(anonymous_4)
FNF:4
FNH:0
FNDA:0,Tooltip
FNDA:0,(anonymous_2)
FNDA:0,(anonymous_3)
FNDA:0,(anonymous_4)
DA:2,0
DA:3,0
DA:13,0
DA:19,0
DA:22,0
DA:23,0
DA:26,0
DA:27,0
DA:28,0
DA:31,0
DA:38,0
LF:11
LH:0
BRDA:16,0,0,0
BRDA:17,1,0,0
BRDA:56,2,0,0
BRF:3
BRH:0
end_of_record
TN:
SF:components\TrustBadges.tsx
FN:5,TrustBadges
FN:57,(anonymous_2)
FNF:2
FNH:0
FNDA:0,TrustBadges
FNDA:0,(anonymous_2)
DA:2,0
DA:3,0
DA:5,0
DA:6,0
DA:58,0
DA:59,0
LF:6
LH:0
BRF:0
BRH:0
end_of_record
TN:
SF:components\TwoFactorSetup.tsx
FN:13,TwoFactorSetup
FN:41,(anonymous_2)
FN:58,(anonymous_3)
FN:82,(anonymous_4)
FN:85,(anonymous_5)
FN:119,(anonymous_6)
FN:154,(anonymous_7)
FN:191,(anonymous_8)
FN:204,(anonymous_9)
FNF:9
FNH:0
FNDA:0,TwoFactorSetup
FNDA:0,(anonymous_2)
FNDA:0,(anonymous_3)
FNDA:0,(anonymous_4)
FNDA:0,(anonymous_5)
FNDA:0,(anonymous_6)
FNDA:0,(anonymous_7)
FNDA:0,(anonymous_8)
FNDA:0,(anonymous_9)
DA:3,0
DA:4,0
DA:13,0
DA:14,0
DA:15,0
DA:16,0
DA:17,0
DA:18,0
DA:20,0
DA:41,0
DA:42,0
DA:43,0
DA:45,0
DA:47,0
DA:52,0
DA:53,0
DA:54,0
DA:58,0
DA:59,0
DA:65,0
DA:66,0
DA:83,0
DA:85,0
DA:119,0
DA:154,0
DA:192,0
DA:204,0
LF:27
LH:0
BRDA:45,0,0,0
BRDA:65,1,0,0
BRDA:79,2,0,0
BRDA:99,3,0,0
BRDA:99,3,1,0
BRDA:137,4,0,0
BRDA:137,4,1,0
BRDA:137,4,2,0
BRDA:140,5,0,0
BRDA:140,5,1,0
BRDA:144,6,0,0
BRDA:144,6,1,0
BRDA:172,7,0,0
BRDA:181,8,0,0
BRF:14
BRH:0
end_of_record
TN:
SF:components\ui\Button.tsx
FN:19,Button
FNF:1
FNH:0
FNDA:0,Button
DA:2,0
DA:19,0
DA:32,0
DA:34,0
DA:41,0
DA:49,0
DA:50,0
DA:52,0
DA:108,0
DA:110,0
LF:10
LH:0
BRDA:21,0,0,0
BRDA:22,1,0,0
BRDA:24,2,0,0
BRDA:25,3,0,0
BRDA:26,4,0,0
BRDA:27,5,0,0
BRDA:30,6,0,0
BRDA:50,7,0,0
BRDA:50,7,1,0
BRDA:52,8,0,0
BRDA:52,8,1,0
BRDA:52,9,0,0
BRDA:52,9,1,0
BRDA:57,10,0,0
BRDA:57,10,1,0
BRDA:67,11,0,0
BRDA:76,12,0,0
BRDA:76,12,1,0
BRDA:76,12,2,0
BRDA:89,13,0,0
BRDA:89,13,1,0
BRDA:89,13,2,0
BRDA:110,14,0,0
BRDA:110,15,0,0
BRDA:110,15,1,0
BRDA:126,16,0,0
BRDA:126,16,1,0
BRDA:126,17,0,0
BRDA:126,17,1,0
BRDA:127,18,0,0
BRDA:127,18,1,0
BRDA:128,19,0,0
BRDA:128,19,1,0
BRDA:128,20,0,0
BRDA:128,20,1,0
BRDA:129,21,0,0
BRDA:129,21,1,0
BRDA:129,22,0,0
BRDA:129,22,1,0
BRF:39
BRH:0
end_of_record
TN:
SF:components\ui\Card.tsx
FN:15,Card
FN:38,CardHeader
FN:46,CardTitle
FN:54,CardDescription
FN:62,CardContent
FN:70,CardFooter
FNF:6
FNH:0
FNDA:0,Card
FNDA:0,CardHeader
FNDA:0,CardTitle
FNDA:0,CardDescription
FNDA:0,CardContent
FNDA:0,CardFooter
DA:15,0
DA:16,0
DA:38,0
DA:46,0
DA:54,0
DA:62,0
DA:70,0
LF:7
LH:0
BRDA:15,0,0,0
BRDA:15,1,0,0
BRDA:15,2,0,0
BRDA:29,3,0,0
BRDA:29,3,1,0
BRDA:38,4,0,0
BRDA:46,5,0,0
BRDA:54,6,0,0
BRDA:62,7,0,0
BRDA:70,8,0,0
BRF:10
BRH:0
end_of_record
TN:
SF:components\ui\IconBox.tsx
FN:14,IconBox
FN:90,(anonymous_2)
FNF:2
FNH:0
FNDA:0,IconBox
FNDA:0,(anonymous_2)
DA:2,0
DA:14,0
DA:22,0
DA:29,0
DA:36,0
DA:37,0
DA:91,0
LF:7
LH:0
BRDA:16,0,0,0
BRDA:17,1,0,0
BRDA:18,2,0,0
BRDA:19,3,0,0
BRDA:20,4,0,0
BRDA:42,5,0,0
BRDA:42,5,1,0
BRDA:43,6,0,0
BRDA:43,6,1,0
BRDA:49,7,0,0
BRDA:88,8,0,0
BRF:11
BRH:0
end_of_record
TN:
SF:lib\2fa.ts
FN:24,generateTOTPSecret
FN:30,(anonymous_9)
FN:40,verifyTOTP
FN:68,generateVerificationCode
FN:75,hashBackupCode
FN:82,verifyBackupCode
FN:89,generateRecoveryToken
FNF:7
FNH:5
FNDA:2,generateTOTPSecret
FNDA:20,(anonymous_9)
FNDA:0,verifyTOTP
FNDA:3,generateVerificationCode
FNDA:4,hashBackupCode
FNDA:2,verifyBackupCode
FNDA:0,generateRecoveryToken
DA:6,1
DA:24,2
DA:25,2
DA:26,2
DA:27,2
DA:30,2
DA:31,20
DA:34,2
DA:40,0
DA:41,0
DA:43,0
DA:44,0
DA:49,0
DA:50,0
DA:57,0
DA:58,0
DA:62,0
DA:68,3
DA:69,3
DA:75,2
DA:76,4
DA:82,2
DA:83,2
DA:89,0
DA:90,0
LF:25
LH:14
BRDA:57,0,0,0
BRF:1
BRH:0
end_of_record
TN:
SF:lib\advancedAnalytics.ts
FN:39,(anonymous_3)
FN:52,(anonymous_4)
FN:69,(anonymous_5)
FN:95,(anonymous_6)
FN:114,(anonymous_7)
FN:118,(anonymous_8)
FN:121,(anonymous_9)
FN:141,(anonymous_10)
FN:142,(anonymous_11)
FN:170,(anonymous_12)
FN:173,(anonymous_13)
FN:184,(anonymous_14)
FN:195,(anonymous_15)
FN:206,(anonymous_16)
FN:217,(anonymous_17)
FN:224,(anonymous_18)
FN:231,(anonymous_19)
FN:238,(anonymous_20)
FN:253,(anonymous_21)
FN:267,(anonymous_22)
FN:281,(anonymous_23)
FNF:21
FNH:0
FNDA:0,(anonymous_3)
FNDA:0,(anonymous_4)
FNDA:0,(anonymous_5)
FNDA:0,(anonymous_6)
FNDA:0,(anonymous_7)
FNDA:0,(anonymous_8)
FNDA:0,(anonymous_9)
FNDA:0,(anonymous_10)
FNDA:0,(anonymous_11)
FNDA:0,(anonymous_12)
FNDA:0,(anonymous_13)
FNDA:0,(anonymous_14)
FNDA:0,(anonymous_15)
FNDA:0,(anonymous_16)
FNDA:0,(anonymous_17)
FNDA:0,(anonymous_18)
FNDA:0,(anonymous_19)
FNDA:0,(anonymous_20)
FNDA:0,(anonymous_21)
FNDA:0,(anonymous_22)
FNDA:0,(anonymous_23)
DA:34,0
DA:35,0
DA:36,0
DA:37,0
DA:40,0
DA:41,0
DA:42,0
DA:43,0
DA:44,0
DA:45,0
DA:53,0
DA:55,0
DA:70,0
DA:77,0
DA:79,0
DA:80,0
DA:84,0
DA:87,0
DA:88,0
DA:96,0
DA:102,0
DA:104,0
DA:105,0
DA:108,0
DA:115,0
DA:118,0
DA:119,0
DA:121,0
DA:122,0
DA:126,0
DA:127,0
DA:130,0
DA:131,0
DA:142,0
DA:143,0
DA:146,0
DA:147,0
DA:148,0
DA:156,0
DA:157,0
DA:158,0
DA:171,0
DA:173,0
DA:174,0
DA:175,0
DA:176,0
DA:185,0
DA:196,0
DA:207,0
DA:218,0
DA:225,0
DA:232,0
DA:239,0
DA:240,0
DA:246,0
DA:254,0
DA:256,0
DA:257,0
DA:258,0
DA:261,0
DA:268,0
DA:269,0
DA:270,0
DA:272,0
DA:273,0
DA:275,0
DA:282,0
DA:283,0
DA:284,0
DA:285,0
DA:286,0
DA:287,0
DA:291,0
DA:292,0
LF:74
LH:0
BRDA:40,0,0,0
BRDA:79,1,0,0
BRDA:87,2,0,0
BRDA:87,3,0,0
BRDA:87,3,1,0
BRDA:97,4,0,0
BRDA:97,4,1,0
BRDA:98,5,0,0
BRDA:98,5,1,0
BRDA:104,6,0,0
BRDA:126,7,0,0
BRDA:130,8,0,0
BRDA:146,9,0,0
BRDA:146,10,0,0
BRDA:146,10,1,0
BRDA:147,11,0,0
BRDA:147,11,1,0
BRDA:156,12,0,0
BRDA:156,13,0,0
BRDA:156,13,1,0
BRDA:157,14,0,0
BRDA:157,14,1,0
BRDA:174,15,0,0
BRDA:174,16,0,0
BRDA:174,16,1,0
BRDA:206,17,0,0
BRDA:224,18,0,0
BRDA:231,19,0,0
BRDA:256,20,0,0
BRDA:269,21,0,0
BRDA:272,22,0,0
BRDA:283,23,0,0
BRDA:284,24,0,0
BRDA:285,25,0,0
BRDA:286,26,0,0
BRF:35
BRH:0
end_of_record
TN:
SF:lib\analytics.ts
FN:16,trackPageView
FN:25,trackEvent
FN:41,trackButtonClick
FN:46,trackFormSubmission
FN:55,trackDownload
FN:60,trackOutboundLink
FN:65,trackScrollDepth
FN:70,(anonymous_24)
FN:78,(anonymous_25)
FN:89,(anonymous_26)
FN:93,trackTimeOnPage
FN:96,(anonymous_28)
FN:103,(anonymous_29)
FN:107,trackEngagement
FN:112,trackError
FN:117,trackPerformance
FN:128,trackWebVitals
FN:132,(anonymous_34)
FN:141,(anonymous_35)
FN:143,(anonymous_36)
FN:152,(anonymous_37)
FN:162,(anonymous_38)
FN:168,trackSearch
FN:173,trackVideo
FN:178,trackNewsletterSignup
FN:183,trackContactForm
FNF:26
FNH:0
FNDA:0,trackPageView
FNDA:0,trackEvent
FNDA:0,trackButtonClick
FNDA:0,trackFormSubmission
FNDA:0,trackDownload
FNDA:0,trackOutboundLink
FNDA:0,trackScrollDepth
FNDA:0,(anonymous_24)
FNDA:0,(anonymous_25)
FNDA:0,(anonymous_26)
FNDA:0,trackTimeOnPage
FNDA:0,(anonymous_28)
FNDA:0,(anonymous_29)
FNDA:0,trackEngagement
FNDA:0,trackError
[...]
DA:7,0
DA:8,0
DA:10,0
DA:14,0
DA:15,0
DA:18,0
DA:19,0
DA:20,0
DA:22,0
LF:13
LH:0
BRDA:3,0,0,0
BRDA:3,0,1,0
BRF:2
BRH:0
end_of_record
TN:
SF:lib\blog.ts
FN:259,getBlogPosts
FN:260,(anonymous_9)
FN:265,getFeaturedPosts
FN:266,(anonymous_11)
FN:269,getBlogPost
FN:270,(anonymous_13)
FN:273,getBlogCategories
FN:274,(anonymous_15)
FN:277,getPostsByCategory
FN:278,(anonymous_17)
FN:281,getRelatedPosts
FN:283,(anonymous_19)
FN:286,(anonymous_20)
FNF:13
FNH:0
FNDA:0,getBlogPosts
FNDA:0,(anonymous_9)
FNDA:0,getFeaturedPosts
FNDA:0,(anonymous_11)
FNDA:0,getBlogPost
FNDA:0,(anonymous_13)
FNDA:0,getBlogCategories
FNDA:0,(anonymous_15)
FNDA:0,getPostsByCategory
FNDA:0,(anonymous_17)
FNDA:0,getRelatedPosts
FNDA:0,(anonymous_19)
FNDA:0,(anonymous_20)
DA:20,0
DA:259,0
DA:260,0
DA:261,0
DA:265,0
DA:266,0
DA:269,0
DA:270,0
DA:273,0
DA:274,0
DA:277,0
DA:278,0
DA:281,0
DA:282,0
DA:284,0
DA:286,0
LF:16
LH:0
BRDA:281,0,0,0
BRDA:284,1,0,0
BRDA:284,1,1,0
BRDA:284,1,2,0
BRF:4
BRH:0
end_of_record
TN:
SF:lib\cache.ts
FN:18,(anonymous_8)
FN:23,(anonymous_9)
FN:23,(anonymous_10)
FN:39,(anonymous_11)
FN:65,(anonymous_12)
FN:86,(anonymous_13)
FN:102,(anonymous_14)
FN:118,(anonymous_15)
FN:134,(anonymous_16)
FN:154,(anonymous_17)
FN:168,(anonymous_18)
FN:183,(anonymous_20)
FN:184,(anonymous_21)
FN:185,(anonymous_22)
FN:186,(anonymous_23)
FN:187,(anonymous_24)
FN:188,(anonymous_25)
FNF:17
FNH:8
FNDA:0,(anonymous_8)
FNDA:0,(anonymous_9)
FNDA:0,(anonymous_10)
FNDA:8,(anonymous_11)
FNDA:7,(anonymous_12)
FNDA:1,(anonymous_13)
FNDA:11,(anonymous_14)
FNDA:2,(anonymous_15)
FNDA:0,(anonymous_16)
FNDA:0,(anonymous_17)
FNDA:1,(anonymous_18)
FNDA:1,(anonymous_20)
FNDA:0,(anonymous_21)
FNDA:0,(anonymous_22)
FNDA:1,(anonymous_23)
FNDA:0,(anonymous_24)
FNDA:0,(anonymous_25)
DA:12,1
DA:13,1
DA:19,0
DA:21,0
DA:23,0
DA:24,0
DA:25,0
DA:26,0
DA:28,0
DA:29,0
DA:30,0
DA:32,0
DA:41,8
DA:42,0
DA:43,0
DA:44,0
DA:46,0
DA:51,8
DA:52,8
DA:54,3
DA:55,1
DA:56,1
DA:59,2
DA:67,7
DA:68,0
DA:69,0
DA:70,0
DA:72,0
DA:77,7
DA:87,1
DA:88,0
DA:89,0
DA:90,0
DA:92,0
DA:96,1
DA:103,11
DA:104,0
DA:105,0
DA:106,0
DA:108,0
DA:112,11
DA:123,2
DA:124,2
DA:126,1
DA:127,1
DA:128,1
DA:140,0
DA:143,0
DA:144,0
DA:145,0
DA:146,0
DA:147,0
DA:155,0
DA:156,0
DA:158,0
DA:159,0
DA:162,0
DA:169,1
DA:176,27
DA:177,1
DA:182,2
DA:183,1
DA:184,0
DA:185,0
DA:186,1
DA:187,0
DA:188,0
DA:194,3
LF:68
LH:27
BRDA:19,0,0,0
BRDA:24,1,0,0
BRDA:41,2,0,0
BRDA:44,3,0,0
BRDA:44,3,1,0
BRDA:52,4,0,5
BRDA:54,5,0,1
BRDA:65,6,0,4
BRDA:67,7,0,0
BRDA:87,8,0,0
BRDA:103,9,0,0
BRDA:121,10,0,0
BRDA:124,11,0,1
BRDA:138,12,0,0
BRDA:145,13,0,0
BRDA:145,13,1,0
BRDA:156,14,0,0
BRDA:156,14,1,0
BRF:18
BRH:4
end_of_record
TN:
SF:lib\i18n.ts
FN:20,(anonymous_7)
FN:28,(anonymous_8)
FN:33,(anonymous_9)
FN:48,(anonymous_10)
FN:57,(anonymous_11)
FN:65,(anonymous_12)
FN:83,(anonymous_13)
FN:96,(anonymous_14)
FN:103,(anonymous_15)
FN:110,(anonymous_16)
FN:117,(anonymous_17)
FN:127,(anonymous_18)
FN:134,(anonymous_19)
FN:153,(anonymous_20)
FN:165,(anonymous_21)
FN:177,useTranslation
FN:179,(anonymous_24)
FN:181,(anonymous_25)
FN:182,(anonymous_26)
FN:184,(anonymous_27)
FN:186,(anonymous_28)
FNF:21
FNH:0
FNDA:0,(anonymous_7)
FNDA:0,(anonymous_8)
FNDA:0,(anonymous_9)
FNDA:0,(anonymous_10)
FNDA:0,(anonymous_11)
FNDA:0,(anonymous_12)
FNDA:0,(anonymous_13)
FNDA:0,(anonymous_14)
FNDA:0,(anonymous_15)
FNDA:0,(anonymous_16)
FNDA:0,(anonymous_17)
FNDA:0,(anonymous_18)
FNDA:0,(anonymous_19)
FNDA:0,(anonymous_20)
FNDA:0,(anonymous_21)
FNDA:0,useTranslation
FNDA:0,(anonymous_24)
FNDA:0,(anonymous_25)
FNDA:0,(anonymous_26)
FNDA:0,(anonymous_27)
FNDA:0,(anonymous_28)
DA:13,0
DA:14,0
DA:15,0
DA:21,0
DA:22,0
DA:29,0
DA:31,0
DA:33,0
DA:34,0
DA:36,0
DA:39,0
DA:40,0
DA:49,0
DA:53,0
DA:56,0
DA:57,0
DA:66,0
DA:67,0
DA:69,0
DA:70,0
DA:72,0
DA:73,0
DA:74,0
DA:77,0
DA:84,0
DA:85,0
DA:88,0
DA:89,0
DA:97,0
DA:104,0
DA:111,0
DA:118,0
DA:128,0
DA:135,0
DA:136,0
DA:137,0
DA:138,0
DA:139,0
DA:140,0
DA:142,0
DA:144,0
DA:145,0
DA:146,0
DA:147,0
DA:154,0
DA:156,0
DA:157,0
DA:159,0
DA:166,0
DA:167,0
DA:171,0
DA:172,0
DA:177,0
DA:178,0
DA:179,0
DA:181,0
DA:183,0
DA:185,0
DA:187,0
LF:59
LH:0
BRDA:20,0,0,0
BRDA:29,1,0,0
BRDA:39,2,0,0
BRDA:49,3,0,0
BRDA:49,3,1,0
BRDA:49,3,2,0
BRDA:53,4,0,0
BRDA:67,5,0,0
BRDA:74,6,0,0
BRDA:77,7,0,0
BRDA:77,7,1,0
BRDA:88,8,0,0
BRDA:117,9,0,0
BRDA:144,10,0,0
BRDA:145,11,0,0
BRDA:146,12,0,0
BRDA:154,13,0,0
BRDA:159,14,0,0
BRDA:159,14,1,0
BRDA:167,15,0,0
BRDA:167,15,1,0
BRF:21
BRH:0
end_of_record
TN:
SF:lib\monitoring.ts
FN:30,(anonymous_6)
FN:34,(anonymous_7)
FN:34,(anonymous_8)
FN:43,(anonymous_9)
FN:62,(anonymous_10)
FN:87,(anonymous_11)
FN:91,(anonymous_12)
FN:95,(anonymous_13)
FN:99,(anonymous_14)
FN:106,(anonymous_15)
FN:111,(anonymous_16)
FN:111,(anonymous_17)
FN:124,(anonymous_18)
FN:148,(anonymous_19)
FN:151,(anonymous_20)
FN:162,(anonymous_21)
FN:169,(anonymous_22)
FN:176,(anonymous_23)
FN:196,(anonymous_24)
FN:198,(anonymous_25)
FNF:20
FNH:0
FNDA:0,(anonymous_6)
FNDA:0,(anonymous_7)
FNDA:0,(anonymous_8)
FNDA:0,(anonymous_9)
FNDA:0,(anonymous_10)
FNDA:0,(anonymous_11)
FNDA:0,(anonymous_12)
FNDA:0,(anonymous_13)
FNDA:0,(anonymous_14)
FNDA:0,(anonymous_15)
FNDA:0,(anonymous_16)
FNDA:0,(anonymous_17)
FNDA:0,(anonymous_18)
FNDA:0,(anonymous_19)
FNDA:0,(anonymous_20)
FNDA:0,(anonymous_21)
FNDA:0,(anonymous_22)
FNDA:0,(anonymous_23)
FNDA:0,(anonymous_24)
FNDA:0,(anonymous_25)
DA:23,0
DA:24,0
DA:25,0
DA:31,0
DA:33,0
DA:34,0
DA:35,0
DA:36,0
DA:37,0
DA:39,0
DA:45,0
DA:46,0
DA:47,0
DA:49,0
DA:52,0
DA:53,0
DA:55,0
DA:63,0
DA:70,0
DA:73,0
DA:74,0
DA:77,0
DA:78,0
DA:82,0
DA:83,0
DA:88,0
DA:92,0
DA:96,0
DA:100,0
DA:107,0
DA:109,0
DA:110,0
DA:111,0
DA:112,0
DA:113,0
DA:116,0
DA:125,0
DA:132,0
DA:135,0
DA:136,0
DA:140,0
DA:141,0
DA:149,0
DA:150,0
DA:152,0
DA:153,0
DA:154,0
DA:163,0
DA:170,0
DA:177,0
DA:179,0
DA:180,0
DA:181,0
DA:184,0
DA:185,0
DA:186,0
DA:187,0
DA:190,0
DA:197,0
DA:198,0
DA:202,0
DA:212,0
DA:213,0
LF:63
LH:0
BRDA:31,0,0,0
BRDA:35,1,0,0
BRDA:45,2,0,0
BRDA:73,3,0,0
BRDA:73,3,1,0
BRDA:74,4,0,0
BRDA:74,4,1,0
BRDA:77,5,0,0
BRDA:77,6,0,0
BRDA:77,6,1,0
BRDA:82,7,0,0
BRDA:109,8,0,0
BRDA:112,9,0,0
BRDA:135,10,0,0
BRDA:140,11,0,0
BRDA:162,12,0,0
BRDA:169,13,0,0
BRDA:180,14,0,0
BRDA:198,15,0,0
BRDA:198,15,1,0
BRDA:203,16,0,0
BRDA:203,16,1,0
BRF:22
BRH:0
end_of_record
TN:
SF:lib\oauth.ts
FN:58,getAuthorizationUrl
FN:87,exchangeCodeForToken
FN:132,getUserInfo
FN:191,generateState
FN:198,verifyState
FNF:5
FNH:0
FNDA:0,getAuthorizationUrl
FNDA:0,exchangeCodeForToken
FNDA:0,getUserInfo
FNDA:0,generateState
FNDA:0,verifyState
DA:28,0
DA:58,0
DA:63,0
DA:64,0
DA:65,0
DA:68,0
DA:69,0
DA:70,0
DA:73,0
DA:81,0
DA:87,0
DA:92,0
DA:93,0
DA:94,0
DA:97,0
DA:98,0
DA:100,0
DA:101,0
DA:104,0
DA:112,0
DA:121,0
DA:122,0
DA:125,0
DA:126,0
DA:132,0
DA:136,0
DA:137,0
DA:138,0
DA:141,0
DA:148,0
DA:149,0
DA:152,0
DA:155,0
DA:157,0
DA:166,0
DA:175,0
DA:184,0
DA:191,0
DA:192,0
DA:198,0
DA:199,0
LF:41
LH:0
BRDA:64,0,0,0
BRDA:69,1,0,0
BRDA:93,2,0,0
BRDA:100,3,0,0
BRDA:100,4,0,0
BRDA:100,4,1,0
BRDA:121,5,0,0
BRDA:137,6,0,0
BRDA:148,7,0,0
BRDA:155,8,0,0
BRDA:155,8,1,0
BRDA:155,8,2,0
BRDA:155,8,3,0
BRDA:169,9,0,0
BRDA:169,9,1,0
BRF:15
BRH:0
end_of_record
TN:
SF:lib\performance.ts
FN:4,debounce
FN:10,executedFunction
FN:11,(anonymous_15)
FN:22,throttle
FN:28,executedFunction
FN:32,(anonymous_18)
FN:38,lazyLoadImage
FN:39,(anonymous_20)
FN:40,(anonymous_21)
FN:57,preloadResource
FN:66,prefetchPage
FN:74,measurePerformance
FN:82,prefersReducedMotion
FN:87,getConnectionSpeed
FN:94,shouldLoadHeavyContent
FN:100,getMemoryUsage
FN:113,runWhenIdle
FN:122,batchDOMUpdates
FN:123,(anonymous_31)
FN:124,(anonymous_32)
FNF:20
FNH:0
FNDA:0,debounce
FNDA:0,executedFunction
FNDA:0,(anonymous_15)
FNDA:0,throttle
FNDA:0,executedFunction
FNDA:0,(anonymous_18)
FNDA:0,lazyLoadImage
FNDA:0,(anonymous_20)
FNDA:0,(anonymous_21)
FNDA:0,preloadResource
FNDA:0,prefetchPage
FNDA:0,measurePerformance
FNDA:0,prefersReducedMotion
FNDA:0,getConnectionSpeed
FNDA:0,shouldLoadHeavyContent
FNDA:0,getMemoryUsage
FNDA:0,runWhenIdle
FNDA:0,batchDOMUpdates
FNDA:0,(anonymous_31)
FNDA:0,(anonymous_32)
DA:4,0
DA:8,0
DA:10,0
DA:11,0
DA:12,0
DA:13,0
DA:16,0
DA:17,0
DA:22,0
DA:26,0
DA:28,0
DA:29,0
DA:30,0
DA:31,0
DA:32,0
DA:38,0
DA:39,0
DA:40,0
DA:41,0
DA:42,0
DA:43,0
DA:44,0
DA:45,0
DA:46,0
DA:47,0
DA:53,0
DA:57,0
DA:58,0
DA:59,0
DA:60,0
DA:61,0
DA:62,0
DA:66,0
DA:67,0
DA:68,0
DA:69,0
DA:70,0
DA:74,0
DA:75,0
DA:76,0
DA:77,0
DA:78,0
DA:82,0
DA:83,0
DA:87,0
DA:88,0
DA:89,0
DA:90,0
DA:94,0
DA:95,0
DA:96,0
DA:100,0
DA:101,0
DA:102,0
DA:103,0
DA:109,0
DA:113,0
DA:114,0
DA:115,0
DA:117,0
DA:122,0
DA:123,0
DA:124,0
LF:63
LH:0
BRDA:16,0,0,0
BRDA:29,1,0,0
BRDA:41,2,0,0
BRDA:44,3,0,0
BRDA:88,4,0,0
BRDA:88,4,1,0
BRDA:88,4,2,0
BRDA:89,5,0,0
BRDA:90,6,0,0
BRDA:90,6,1,0
BRDA:96,7,0,0
BRDA:96,7,1,0
BRDA:101,8,0,0
BRDA:113,9,0,0
BRDA:114,10,0,0
BRDA:114,10,1,0
BRF:16
BRH:0
end_of_record
TN:
SF:lib\preload.ts
FN:3,preloadCriticalResources
FN:21,(anonymous_5)
FN:31,prefetchPage
FN:41,preloadImages
FN:44,(anonymous_8)
FNF:5
FNH:0
FNDA:0,preloadCriticalResources
FNDA:0,(anonymous_5)
FNDA:0,prefetchPage
FNDA:0,preloadImages
FNDA:0,(anonymous_8)
DA:3,0
DA:4,0
DA:7,0
DA:8,0
DA:9,0
DA:10,0
DA:11,0
DA:12,0
DA:13,0
DA:16,0
DA:21,0
DA:22,0
DA:23,0
DA:24,0
DA:25,0
DA:26,0
DA:31,0
DA:32,0
DA:34,0
DA:35,0
DA:36,0
DA:37,0
DA:41,0
DA:42,0
DA:44,0
DA:45,0
DA:46,0
DA:47,0
DA:48,0
DA:49,0
LF:30
LH:0
BRDA:4,0,0,0
BRDA:32,1,0,0
BRDA:42,2,0,0
BRF:3
BRH:0
end_of_record
TN:
SF:lib\pushNotifications.ts
FN:33,requestNotificationPermission
FN:44,subscribeToPush
FN:79,unsubscribeFromPush
FN:99,showNotification
FN:135,sendPushNotification
FN:156,getNotificationPreferences
FN:170,saveNotificationPreferences
FN:180,urlBase64ToUint8Array
FNF:8
FNH:0
FNDA:0,requestNotificationPermission
FNDA:0,subscribeToPush
FNDA:0,unsubscribeFromPush
FNDA:0,showNotification
FNDA:0,sendPushNotification
FNDA:0,getNotificationPreferences
FNDA:0,saveNotificationPreferences
FNDA:0,urlBase64ToUint8Array
DA:33,0
DA:34,0
DA:35,0
DA:38,0
DA:44,0
DA:45,0
DA:46,0
DA:47,0
DA:50,0
DA:51,0
DA:54,0
DA:56,0
DA:58,0
DA:59,0
DA:60,0
DA:63,0
DA:69,0
DA:71,0
DA:72,0
DA:79,0
DA:80,0
DA:81,0
DA:82,0
DA:84,0
DA:85,0
DA:86,0
DA:89,0
DA:91,0
DA:92,0
DA:99,0
DA:100,0
DA:102,0
DA:103,0
DA:112,0
DA:115,0
DA:116,0
DA:117,0
DA:128,0
DA:135,0
DA:139,0
DA:140,0
DA:146,0
DA:148,0
DA:149,0
DA:156,0
DA:160,0
DA:161,0
DA:170,0
DA:174,0
DA:181,0
DA:182,0
DA:186,0
DA:187,0
DA:189,0
DA:190,0
DA:193,0
LF:56
LH:0
BRDA:34,0,0,0
BRDA:45,1,0,0
BRDA:45,2,0,0
BRDA:45,2,1,0
BRDA:56,3,0,0
BRDA:59,4,0,0
BRDA:84,5,0,0
BRDA:100,6,0,0
BRDA:102,7,0,0
BRDA:102,8,0,0
BRDA:102,8,1,0
BRDA:119,9,0,0
BRDA:119,9,1,0
BRDA:120,10,0,0
BRDA:120,10,1,0
BRDA:161,11,0,0
BRDA:161,11,1,0
BRF:17
BRH:0
end_of_record
TN:
SF:lib\rateLimit.ts
FN:26,initRedis
FN:31,(anonymous_8)
FN:31,(anonymous_9)
FN:47,getRecord
FN:62,setRecord
FN:77,checkRateLimit
FN:130,(anonymous_13)
FNF:7
FNH:0
FNDA:0,initRedis
FNDA:0,(anonymous_8)
FNDA:0,(anonymous_9)
FNDA:0,getRecord
FNDA:0,setRecord
FNDA:0,checkRateLimit
FNDA:0,(anonymous_13)
DA:18,0
DA:21,0
DA:26,0
DA:27,0
DA:29,0
DA:31,0
DA:32,0
DA:33,0
DA:34,0
DA:36,0
DA:37,0
DA:38,0
DA:40,0
DA:48,0
DA:49,0
DA:50,0
DA:51,0
DA:53,0
DA:56,0
DA:63,0
DA:64,0
DA:65,0
DA:66,0
DA:68,0
DA:71,0
DA:77,0
DA:81,0
DA:82,0
DA:84,0
DA:86,0
DA:87,0
DA:91,0
DA:92,0
DA:99,0
DA:100,0
DA:107,0
DA:108,0
DA:110,0
DA:120,0
DA:130,0
DA:131,0
DA:132,0
DA:133,0
DA:134,0
LF:44
LH:0
BRDA:27,0,0,0
BRDA:32,1,0,0
BRDA:48,2,0,0
BRDA:51,3,0,0
BRDA:51,3,1,0
BRDA:56,4,0,0
BRDA:56,4,1,0
BRDA:63,5,0,0
BRDA:86,6,0,0
BRDA:86,7,0,0
BRDA:86,7,1,0
BRDA:99,8,0,0
BRDA:133,9,0,0
BRF:13
BRH:0
end_of_record
TN:
SF:lib\seo.ts
FN:32,generateMetadata
FN:106,generateBlogPostMetadata
FN:123,generateStructuredData
FNF:3
FNH:0
FNDA:0,generateMetadata
FNDA:0,generateBlogPostMetadata
FNDA:0,generateStructuredData
DA:14,0
DA:32,0
DA:33,0
DA:35,0
DA:56,0
DA:106,0
DA:114,0
DA:123,0
DA:124,0
DA:126,0
DA:184,0
LF:11
LH:0
BRDA:32,0,0,0
BRDA:43,1,0,0
BRDA:43,1,1,0
BRDA:49,2,0,0
BRDA:49,2,1,0
BRDA:51,3,0,0
BRDA:51,3,1,0
BRDA:52,4,0,0
BRDA:52,4,1,0
BRF:9
BRH:0
end_of_record
TN:
SF:lib\seoTools.ts
FN:23,generateSchema
FN:87,(anonymous_9)
FN:98,(anonymous_10)
FN:152,generateOpenGraphTags
FN:171,generateTwitterTags
FN:185,generateCanonicalUrl
FN:193,generateRobotsMeta
FN:213,auditSEO
FN:253,(anonymous_16)
FN:284,extractKeywords
FN:297,(anonymous_18)
FN:307,(anonymous_19)
FN:309,(anonymous_20)
FNF:13
FNH:0
FNDA:0,generateSchema
FNDA:0,(anonymous_9)
FNDA:0,(anonymous_10)
FNDA:0,generateOpenGraphTags
FNDA:0,generateTwitterTags
FNDA:0,generateCanonicalUrl
FNDA:0,generateRobotsMeta
FNDA:0,auditSEO
FNDA:0,(anonymous_16)
FNDA:0,extractKeywords
FNDA:0,(anonymous_18)
FNDA:0,(anonymous_19)
FNDA:0,(anonymous_20)
DA:23,0
DA:24,0
DA:87,0
DA:98,0
DA:146,0
DA:152,0
DA:153,0
DA:171,0
DA:172,0
DA:185,0
DA:186,0
DA:187,0
DA:193,0
DA:199,0
DA:201,0
DA:202,0
DA:204,0
DA:205,0
DA:207,0
DA:213,0
DA:219,0
DA:220,0
DA:221,0
DA:224,0
DA:225,0
DA:226,0
DA:228,0
DA:229,0
DA:230,0
DA:231,0
DA:235,0
DA:236,0
DA:237,0
DA:239,0
DA:240,0
DA:241,0
DA:242,0
DA:246,0
DA:247,0
DA:248,0
DA:249,0
DA:252,0
DA:253,0
DA:254,0
DA:255,0
DA:256,0
DA:257,0
DA:261,0
DA:262,0
DA:264,0
DA:268,0
DA:269,0
DA:271,0
DA:275,0
DA:276,0
DA:278,0
DA:284,0
DA:286,0
DA:294,0
DA:297,0
DA:300,0
DA:301,0
DA:302,0
DA:306,0
DA:307,0
DA:309,0
LF:66
LH:0
BRDA:28,0,0,0
BRDA:28,0,1,0
BRDA:29,1,0,0
BRDA:29,1,1,0
BRDA:30,2,0,0
BRDA:30,2,1,0
BRDA:32,3,0,0
BRDA:32,3,1,0
BRDA:40,4,0,0
BRDA:40,4,1,0
BRDA:46,5,0,0
BRDA:46,5,1,0
BRDA:117,6,0,0
BRDA:117,6,1,0
BRDA:137,7,0,0
BRDA:137,7,1,0
BRDA:146,8,0,0
BRDA:146,8,1,0
BRDA:156,9,0,0
BRDA:156,9,1,0
BRDA:157,10,0,0
BRDA:157,10,1,0
BRDA:158,11,0,0
BRDA:158,11,1,0
BRDA:160,12,0,0
BRDA:160,12,1,0
BRDA:161,13,0,0
BRDA:161,13,1,0
BRDA:162,14,0,0
BRDA:162,14,1,0
BRDA:163,15,0,0
BRDA:163,15,1,0
BRDA:164,16,0,0
BRDA:164,16,1,0
BRDA:176,17,0,0
BRDA:176,17,1,0
BRDA:178,18,0,0
BRDA:178,18,1,0
BRDA:186,19,0,0
BRDA:186,19,1,0
BRDA:201,20,0,0
BRDA:201,20,1,0
BRDA:202,21,0,0
BRDA:202,21,1,0
BRDA:204,22,0,0
BRDA:205,23,0,0
BRDA:225,24,0,0
BRDA:225,24,1,0
BRDA:229,25,0,0
BRDA:229,25,1,0
BRDA:230,26,0,0
BRDA:230,26,1,0
BRDA:236,27,0,0
BRDA:236,27,1,0
BRDA:240,28,0,0
BRDA:240,28,1,0
BRDA:241,29,0,0
BRDA:241,29,1,0
BRDA:246,30,0,0
BRDA:246,30,1,0
BRDA:247,31,0,0
BRDA:247,31,1,0
BRDA:248,32,0,0
BRDA:248,32,1,0
BRDA:252,33,0,0
BRDA:252,33,1,0
BRDA:254,34,0,0
BRDA:254,34,1,0
BRDA:256,35,0,0
BRDA:261,36,0,0
BRDA:261,36,1,0
BRDA:268,37,0,0
BRDA:268,37,1,0
BRDA:284,38,0,0
BRDA:297,39,0,0
BRDA:297,39,1,0
BRDA:302,40,0,0
BRDA:302,40,1,0
BRF:78
BRH:0
end_of_record
TN:
SF:lib\utils.ts
FN:6,formatDate
FN:18,truncateText
FN:26,generateSlug
FN:38,debounce
FN:44,executedFunction
FN:45,(anonymous_22)
FN:58,throttle
FN:64,executedFunction
FN:68,(anonymous_25)
FN:76,isInViewport
FN:89,smoothScrollTo
FN:100,copyToClipboard
FN:113,formatNumber
FN:120,calculateReadingTime
FN:129,getRandomItems
FN:130,(anonymous_32)
FN:137,isValidEmail
FN:145,isValidPhone
FN:153,getContrastColor
FN:166,(anonymous_36)
FN:175,(anonymous_37)
FN:184,(anonymous_38)
FN:197,cn
FNF:23
FNH:0
FNDA:0,formatDate
FNDA:0,truncateText
FNDA:0,generateSlug
FNDA:0,debounce
FNDA:0,executedFunction
FNDA:0,(anonymous_22)
FNDA:0,throttle
FNDA:0,executedFunction
FNDA:0,(anonymous_25)
FNDA:0,isInViewport
FNDA:0,smoothScrollTo
FNDA:0,copyToClipboard
FNDA:0,formatNumber
FNDA:0,calculateReadingTime
FNDA:0,getRandomItems
FNDA:0,(anonymous_32)
FNDA:0,isValidEmail
FNDA:0,isValidPhone
FNDA:0,getContrastColor
FNDA:0,(anonymous_36)
FNDA:0,(anonymous_37)
FNDA:0,(anonymous_38)
FNDA:0,cn
DA:6,0
DA:7,0
DA:8,0
DA:18,0
DA:19,0
DA:20,0
DA:26,0
DA:27,0
DA:38,0
DA:42,0
DA:44,0
DA:45,0
DA:46,0
DA:47,0
DA:50,0
DA:51,0
DA:58,0
DA:62,0
DA:64,0
DA:65,0
DA:66,0
DA:67,0
DA:68,0
DA:76,0
DA:77,0
DA:78,0
DA:89,0
DA:90,0
DA:91,0
DA:92,0
DA:93,0
DA:100,0
DA:101,0
DA:102,0
DA:103,0
DA:105,0
DA:106,0
DA:113,0
DA:114,0
DA:120,0
DA:121,0
DA:122,0
DA:123,0
DA:129,0
DA:130,0
DA:131,0
DA:137,0
DA:138,0
DA:139,0
DA:145,0
DA:146,0
DA:147,0
DA:153,0
DA:154,0
DA:155,0
DA:156,0
DA:157,0
DA:158,0
DA:159,0
DA:165,0
DA:167,0
DA:168,0
DA:169,0
DA:171,0
DA:176,0
DA:177,0
DA:178,0
DA:180,0
DA:185,0
DA:186,0
DA:187,0
DA:189,0
DA:197,0
DA:198,0
LF:74
LH:0
BRDA:7,0,0,0
BRDA:7,0,1,0
BRDA:19,1,0,0
BRDA:50,2,0,0
BRDA:65,3,0,0
BRDA:79,4,0,0
BRDA:79,4,1,0
BRDA:79,4,2,0
BRDA:79,4,3,0
BRDA:81,5,0,0
BRDA:81,5,1,0
BRDA:82,6,0,0
BRDA:82,6,1,0
BRDA:89,7,0,0
BRDA:91,8,0,0
BRDA:120,9,0,0
BRDA:147,10,0,0
BRDA:147,10,1,0
BRDA:159,11,0,0
BRDA:159,11,1,0
BRDA:169,12,0,0
BRDA:169,12,1,0
BRF:22
BRH:0
end_of_record
TN:
SF:lib\webhooks.ts
FN:31,generateWebhookSecret
FN:38,signWebhookPayload
FN:49,verifyWebhookSignature
FN:64,deliverWebhook
FN:112,retryWebhook
FNF:5
FNH:0
FNDA:0,generateWebhookSecret
FNDA:0,signWebhookPayload
FNDA:0,verifyWebhookSignature
FNDA:0,deliverWebhook
FNDA:0,retryWebhook
DA:6,0
DA:31,0
DA:32,0
DA:38,0
DA:39,0
DA:40,0
DA:49,0
DA:54,0
DA:55,0
DA:64,0
DA:69,0
DA:78,0
DA:79,0
DA:81,0
DA:92,0
DA:93,0
DA:94,0
DA:95,0
DA:100,0
DA:101,0
DA:102,0
DA:103,0
DA:106,0
DA:112,0
DA:116,0
DA:117,0
DA:120,0
DA:126,0
LF:28
LH:0
BRDA:94,0,0,0
BRDA:94,0,1,0
BRDA:116,1,0,0
BRF:3
BRH:0
end_of_record
TN:
SF:lib\database\connection.ts
FN:10,getPool
FN:21,(anonymous_8)
FN:32,query
FN:54,getClient
FN:62,closePool
FN:72,testConnection
FN:86,initializeDatabase
FNF:7
FNH:0
FNDA:0,getPool
FNDA:0,(anonymous_8)
FNDA:0,query
FNDA:0,getClient
FNDA:0,closePool
FNDA:0,testConnection
FNDA:0,initializeDatabase
DA:2,0
DA:5,0
DA:10,0
DA:11,0
DA:12,0
DA:21,0
DA:22,0
DA:26,0
DA:32,0
DA:33,0
DA:34,0
DA:36,0
DA:37,0
DA:38,0
DA:40,0
DA:41,0
DA:44,0
DA:46,0
DA:47,0
DA:54,0
DA:55,0
DA:56,0
DA:62,0
DA:63,0
DA:64,0
DA:65,0
DA:72,0
DA:73,0
DA:74,0
DA:75,0
DA:76,0
DA:78,0
DA:79,0
DA:86,0
DA:87,0
DA:89,0
DA:97,0
DA:98,0
DA:99,0
DA:102,0
DA:103,0
DA:105,0
DA:106,0
LF:43
LH:0
BRDA:11,0,0,0
BRDA:14,1,0,0
BRDA:14,1,1,0
BRDA:40,2,0,0
BRDA:63,3,0,0
BRDA:97,4,0,0
BRF:6
BRH:0
end_of_record
TN:
SF:lib\database\models\admin.ts
FN:27,getAdminByUsername
FN:38,getAdminByEmail
FN:49,verifyAdminPassword
FN:79,createAdmin
FN:100,updateLastLogin
FN:110,getAllAdmins
FN:120,updateAdmin
FN:173,deactivateAdmin
FNF:8
FNH:0
FNDA:0,getAdminByUsername
FNDA:0,getAdminByEmail
FNDA:0,verifyAdminPassword
FNDA:0,createAdmin
FNDA:0,updateLastLogin
FNDA:0,getAllAdmins
FNDA:0,updateAdmin
FNDA:0,deactivateAdmin
DA:2,0
DA:3,0
DA:27,0
DA:28,0
DA:32,0
DA:38,0
DA:39,0
DA:43,0
DA:49,0
DA:53,0
DA:55,0
DA:56,0
DA:60,0
DA:61,0
DA:62,0
DA:66,0
DA:68,0
DA:69,0
DA:70,0
DA:73,0
DA:79,0
DA:80,0
DA:81,0
DA:83,0
DA:94,0
DA:100,0
DA:101,0
DA:110,0
DA:111,0
DA:114,0
DA:120,0
DA:124,0
DA:125,0
DA:126,0
DA:128,0
DA:129,0
DA:130,0
DA:131,0
DA:134,0
DA:135,0
DA:136,0
DA:137,0
DA:140,0
DA:141,0
DA:142,0
DA:143,0
DA:144,0
DA:147,0
DA:148,0
DA:149,0
DA:150,0
DA:153,0
DA:154,0
DA:157,0
DA:158,0
DA:160,0
DA:167,0
DA:173,0
DA:174,0
DA:178,0
LF:60
LH:0
BRDA:32,0,0,0
BRDA:32,0,1,0
BRDA:43,1,0,0
BRDA:43,1,1,0
BRDA:55,2,0,0
BRDA:60,3,0,0
BRDA:60,4,0,0
BRDA:60,4,1,0
BRDA:68,5,0,0
BRDA:91,6,0,0
BRDA:91,6,1,0
BRDA:128,7,0,0
BRDA:134,8,0,0
BRDA:140,9,0,0
BRDA:147,10,0,0
BRDA:153,11,0,0
BRDA:167,12,0,0
BRDA:167,12,1,0
BRDA:178,13,0,0
BRDA:178,13,1,0
BRF:20
BRH:0
end_of_record
TN:
SF:lib\database\models\inquiry.ts
FN:41,getInquiries
FN:91,getInquiryById
FN:99,createInquiry
FN:125,updateInquiryStatus
FN:143,deleteInquiry
FN:151,getInquiryStats
FN:159,markInquiryReplied
FNF:7
FNH:0
FNDA:0,getInquiries
FNDA:0,getInquiryById
FNDA:0,createInquiry
FNDA:0,updateInquiryStatus
FNDA:0,deleteInquiry
FNDA:0,getInquiryStats
FNDA:0,markInquiryReplied
DA:2,0
DA:41,0
DA:47,0
DA:48,0
DA:49,0
DA:50,0
DA:52,0
DA:53,0
DA:54,0
DA:55,0
DA:58,0
DA:59,0
DA:60,0
DA:61,0
DA:64,0
DA:65,0
DA:72,0
DA:74,0
DA:79,0
DA:91,0
DA:92,0
DA:93,0
DA:99,0
DA:100,0
DA:119,0
DA:125,0
DA:130,0
DA:137,0
DA:143,0
DA:144,0
DA:145,0
DA:151,0
DA:152,0
DA:153,0
DA:159,0
DA:160,0
DA:167,0
LF:37
LH:0
BRDA:42,0,0,0
BRDA:43,1,0,0
BRDA:52,2,0,0
BRDA:52,3,0,0
BRDA:52,3,1,0
BRDA:58,4,0,0
BRDA:93,5,0,0
BRDA:93,5,1,0
BRDA:137,6,0,0
BRDA:137,6,1,0
BRDA:145,7,0,0
BRDA:145,7,1,0
BRDA:167,8,0,0
BRDA:167,8,1,0
BRF:14
BRH:0
end_of_record
